Performing C SOURCE FILE Test HAVE_BUILTIN_BSWAP16 failed with the following output:
Change Dir: E:/sdi/project/vs_webp/CMakeFiles/CMakeTmp

Run Build Command(s):C:/Program Files/Microsoft Visual Studio/2022/Preview/MSBuild/Current/Bin/amd64/MSBuild.exe cmTC_3be7c.vcxproj /p:Configuration=Debug /p:Platform=Win32 /p:VisualStudioVersion=17.0 /v:m && Microsoft (R) Build Engine version 17.0.0-preview-21329-01+1b7661f36 for .NET Framework
Copyright (C) Microsoft Corporation. All rights reserved.

  Microsoft (R) C/C++ Optimizing Compiler Version 19.30.30401 for x86
  Copyright (C) Microsoft Corporation.  All rights reserved.
  src.c
E:\sdi\project\vs_webp\CMakeFiles\CMakeTmp\src.c(3,30): warning C4013: '__builtin_bswap16' undefined; assuming extern returning int [E:\sdi\project\vs_webp\CMakeFiles\CMakeTmp\cmTC_3be7c.vcxproj]
  cl /c /Zi /W3 /WX- /diagnostics:column /Od /Ob0 /Oy- /D _MBCS /D WIN32 /D _WINDOWS /D HAVE_BUILTIN_BSWAP16 /D "CMAKE_INTDIR=\"Debug\"" /Gm- /RTC1 /MDd /GS /fp:precise /Zc:wchar_t /Zc:forScope /Zc:inline /Fo"cmTC_3be7c.dir\Debug\\" /Fd"cmTC_3be7c.dir\Debug\vc142.pdb" /external:W3 /Gd /TC /analyze- /errorReport:queue E:\sdi\project\vs_webp\CMakeFiles\CMakeTmp\src.c
src.obj : error LNK2019: unresolved external symbol ___builtin_bswap16 referenced in function _main [E:\sdi\project\vs_webp\CMakeFiles\CMakeTmp\cmTC_3be7c.vcxproj]
E:\sdi\project\vs_webp\CMakeFiles\CMakeTmp\Debug\cmTC_3be7c.exe : fatal error LNK1120: 1 unresolved externals [E:\sdi\project\vs_webp\CMakeFiles\CMakeTmp\cmTC_3be7c.vcxproj]


Source file was:

    int main(void) {
      (void)__builtin_bswap16(0);
      return 0;
    }
  
Performing C SOURCE FILE Test HAVE_BUILTIN_BSWAP32 failed with the following output:
Change Dir: E:/sdi/project/vs_webp/CMakeFiles/CMakeTmp

Run Build Command(s):C:/Program Files/Microsoft Visual Studio/2022/Preview/MSBuild/Current/Bin/amd64/MSBuild.exe cmTC_1e3a1.vcxproj /p:Configuration=Debug /p:Platform=Win32 /p:VisualStudioVersion=17.0 /v:m && Microsoft (R) Build Engine version 17.0.0-preview-21329-01+1b7661f36 for .NET Framework
Copyright (C) Microsoft Corporation. All rights reserved.

  Microsoft (R) C/C++ Optimizing Compiler Version 19.30.30401 for x86
  Copyright (C) Microsoft Corporation.  All rights reserved.
  cl /c /Zi /W3 /WX- /diagnostics:column /Od /Ob0 /Oy- /D _MBCS /D WIN32 /D _WINDOWS /D HAVE_BUILTIN_BSWAP32 /D "CMAKE_INTDIR=\"Debug\"" /Gm- /RTC1 /MDd /GS /fp:precise /Zc:wchar_t /Zc:forScope /Zc:inline /Fo"cmTC_1e3a1.dir\Debug\\" /Fd"cmTC_1e3a1.dir\Debug\vc142.pdb" /external:W3 /Gd /TC /analyze- /errorReport:queue E:\sdi\project\vs_webp\CMakeFiles\CMakeTmp\src.c
  src.c
E:\sdi\project\vs_webp\CMakeFiles\CMakeTmp\src.c(3,30): warning C4013: '__builtin_bswap32' undefined; assuming extern returning int [E:\sdi\project\vs_webp\CMakeFiles\CMakeTmp\cmTC_1e3a1.vcxproj]
src.obj : error LNK2019: unresolved external symbol ___builtin_bswap32 referenced in function _main [E:\sdi\project\vs_webp\CMakeFiles\CMakeTmp\cmTC_1e3a1.vcxproj]
E:\sdi\project\vs_webp\CMakeFiles\CMakeTmp\Debug\cmTC_1e3a1.exe : fatal error LNK1120: 1 unresolved externals [E:\sdi\project\vs_webp\CMakeFiles\CMakeTmp\cmTC_1e3a1.vcxproj]


Source file was:

    int main(void) {
      (void)__builtin_bswap32(0);
      return 0;
    }
  
Performing C SOURCE FILE Test HAVE_BUILTIN_BSWAP64 failed with the following output:
Change Dir: E:/sdi/project/vs_webp/CMakeFiles/CMakeTmp

Run Build Command(s):C:/Program Files/Microsoft Visual Studio/2022/Preview/MSBuild/Current/Bin/amd64/MSBuild.exe cmTC_528d3.vcxproj /p:Configuration=Debug /p:Platform=Win32 /p:VisualStudioVersion=17.0 /v:m && Microsoft (R) Build Engine version 17.0.0-preview-21329-01+1b7661f36 for .NET Framework
Copyright (C) Microsoft Corporation. All rights reserved.

  Microsoft (R) C/C++ Optimizing Compiler Version 19.30.30401 for x86
  Copyright (C) Microsoft Corporation.  All rights reserved.
  cl /c /Zi /W3 /WX- /diagnostics:column /Od /Ob0 /Oy- /D _MBCS /D WIN32 /D _WINDOWS /D HAVE_BUILTIN_BSWAP64 /D "CMAKE_INTDIR=\"Debug\"" /Gm- /RTC1 /MDd /GS /fp:precise /Zc:wchar_t /Zc:forScope /Zc:inline /Fo"cmTC_528d3.dir\Debug\\" /Fd"cmTC_528d3.dir\Debug\vc142.pdb" /external:W3 /Gd /TC /analyze- /errorReport:queue E:\sdi\project\vs_webp\CMakeFiles\CMakeTmp\src.c
  src.c
E:\sdi\project\vs_webp\CMakeFiles\CMakeTmp\src.c(3,30): warning C4013: '__builtin_bswap64' undefined; assuming extern returning int [E:\sdi\project\vs_webp\CMakeFiles\CMakeTmp\cmTC_528d3.vcxproj]
src.obj : error LNK2019: unresolved external symbol ___builtin_bswap64 referenced in function _main [E:\sdi\project\vs_webp\CMakeFiles\CMakeTmp\cmTC_528d3.vcxproj]
E:\sdi\project\vs_webp\CMakeFiles\CMakeTmp\Debug\cmTC_528d3.exe : fatal error LNK1120: 1 unresolved externals [E:\sdi\project\vs_webp\CMakeFiles\CMakeTmp\cmTC_528d3.vcxproj]


Source file was:

    int main(void) {
      (void)__builtin_bswap64(0);
      return 0;
    }
  
Determining if the include file pthread.h exists failed with the following output:
Change Dir: E:/sdi/project/vs_webp/CMakeFiles/CMakeTmp

Run Build Command(s):C:/Program Files/Microsoft Visual Studio/2022/Preview/MSBuild/Current/Bin/amd64/MSBuild.exe cmTC_47368.vcxproj /p:Configuration=Debug /p:Platform=Win32 /p:VisualStudioVersion=17.0 /v:m && Microsoft (R) Build Engine version 17.0.0-preview-21329-01+1b7661f36 for .NET Framework
Copyright (C) Microsoft Corporation. All rights reserved.

  Microsoft (R) C/C++ Optimizing Compiler Version 19.30.30401 for x86
  Copyright (C) Microsoft Corporation.  All rights reserved.
  cl /c /Zi /W3 /WX- /diagnostics:column /Od /Ob0 /Oy- /D _MBCS /D WIN32 /D _WINDOWS /D "CMAKE_INTDIR=\"Debug\"" /Gm- /RTC1 /MDd /GS /fp:precise /Zc:wchar_t /Zc:forScope /Zc:inline /Fo"cmTC_47368.dir\Debug\\" /Fd"cmTC_47368.dir\Debug\vc142.pdb" /external:W3 /Gd /TC /analyze- /errorReport:queue E:\sdi\project\vs_webp\CMakeFiles\CMakeTmp\CheckIncludeFile.c
  CheckIncludeFile.c
E:\sdi\project\vs_webp\CMakeFiles\CMakeTmp\CheckIncludeFile.c(1,10): fatal error C1083: Cannot open include file: 'pthread.h': No such file or directory [E:\sdi\project\vs_webp\CMakeFiles\CMakeTmp\cmTC_47368.vcxproj]



Performing C SOURCE FILE Test FLAG_HAVE_PTHREAD_PRIO_INHERIT failed with the following output:
Change Dir: E:/sdi/project/vs_webp/CMakeFiles/CMakeTmp

Run Build Command(s):C:/Program Files/Microsoft Visual Studio/2022/Preview/MSBuild/Current/Bin/amd64/MSBuild.exe cmTC_e6d17.vcxproj /p:Configuration=Debug /p:Platform=Win32 /p:VisualStudioVersion=17.0 /v:m && Microsoft (R) Build Engine version 17.0.0-preview-21329-01+1b7661f36 for .NET Framework
Copyright (C) Microsoft Corporation. All rights reserved.

  Microsoft (R) C/C++ Optimizing Compiler Version 19.30.30401 for x86
  Copyright (C) Microsoft Corporation.  All rights reserved.
  cl /c /Zi /W3 /WX- /diagnostics:column /Od /Ob0 /Oy- /D _MBCS /D WIN32 /D _WINDOWS /D FLAG_HAVE_PTHREAD_PRIO_INHERIT /D "CMAKE_INTDIR=\"Debug\"" /Gm- /RTC1 /MDd /GS /fp:precise /Zc:wchar_t /Zc:forScope /Zc:inline /Fo"cmTC_e6d17.dir\Debug\\" /Fd"cmTC_e6d17.dir\Debug\vc142.pdb" /external:W3 /Gd /TC /analyze- /errorReport:queue E:\sdi\project\vs_webp\CMakeFiles\CMakeTmp\src.c
  src.c
E:\sdi\project\vs_webp\CMakeFiles\CMakeTmp\src.c(2,18): fatal error C1083: Cannot open include file: 'pthread.h': No such file or directory [E:\sdi\project\vs_webp\CMakeFiles\CMakeTmp\cmTC_e6d17.vcxproj]


Source file was:

        #include <pthread.h>
        int main (void) {
          int attr = PTHREAD_PRIO_INHERIT;
          return attr;
        }
      
Determining if files dlfcn.h exist failed with the following output:
Change Dir: E:/sdi/project/vs_webp/CMakeFiles/CMakeTmp

Run Build Command(s):C:/Program Files/Microsoft Visual Studio/2022/Preview/MSBuild/Current/Bin/amd64/MSBuild.exe cmTC_3a238.vcxproj /p:Configuration=Debug /p:Platform=Win32 /p:VisualStudioVersion=17.0 /v:m && Microsoft (R) Build Engine version 17.0.0-preview-21329-01+1b7661f36 for .NET Framework
Copyright (C) Microsoft Corporation. All rights reserved.

  Microsoft (R) C/C++ Optimizing Compiler Version 19.30.30401 for x86
  Copyright (C) Microsoft Corporation.  All rights reserved.
  cl /c /Zi /W3 /WX- /diagnostics:column /Od /Ob0 /Oy- /D _MBCS /D WIN32 /D _WINDOWS /D "CMAKE_INTDIR=\"Debug\"" /Gm- /RTC1 /MDd /GS /fp:precise /Zc:wchar_t /Zc:forScope /Zc:inline /Fo"cmTC_3a238.dir\Debug\\" /Fd"cmTC_3a238.dir\Debug\vc142.pdb" /external:W3 /Gd /TC /analyze- /errorReport:queue E:\sdi\project\vs_webp\CMakeFiles\CheckIncludeFiles\HAVE_DLFCN_H.c
  HAVE_DLFCN_H.c
E:\sdi\project\vs_webp\CMakeFiles\CheckIncludeFiles\HAVE_DLFCN_H.c(2,10): fatal error C1083: Cannot open include file: 'dlfcn.h': No such file or directory [E:\sdi\project\vs_webp\CMakeFiles\CMakeTmp\cmTC_3a238.vcxproj]


Source:
/* */
#include <dlfcn.h>


int main(void){return 0;}

Determining if files GLUT/glut.h exist failed with the following output:
Change Dir: E:/sdi/project/vs_webp/CMakeFiles/CMakeTmp

Run Build Command(s):C:/Program Files/Microsoft Visual Studio/2022/Preview/MSBuild/Current/Bin/amd64/MSBuild.exe cmTC_8adbd.vcxproj /p:Configuration=Debug /p:Platform=Win32 /p:VisualStudioVersion=17.0 /v:m && Microsoft (R) Build Engine version 17.0.0-preview-21329-01+1b7661f36 for .NET Framework
Copyright (C) Microsoft Corporation. All rights reserved.

  Microsoft (R) C/C++ Optimizing Compiler Version 19.30.30401 for x86
  Copyright (C) Microsoft Corporation.  All rights reserved.
  cl /c /Zi /W3 /WX- /diagnostics:column /Od /Ob0 /Oy- /D _MBCS /D WIN32 /D _WINDOWS /D "CMAKE_INTDIR=\"Debug\"" /Gm- /RTC1 /MDd /GS /fp:precise /Zc:wchar_t /Zc:forScope /Zc:inline /Fo"cmTC_8adbd.dir\Debug\\" /Fd"cmTC_8adbd.dir\Debug\vc142.pdb" /external:W3 /Gd /TC /analyze- /errorReport:queue E:\sdi\project\vs_webp\CMakeFiles\CheckIncludeFiles\HAVE_GLUT_GLUT_H.c
  HAVE_GLUT_GLUT_H.c
E:\sdi\project\vs_webp\CMakeFiles\CheckIncludeFiles\HAVE_GLUT_GLUT_H.c(2,10): fatal error C1083: Cannot open include file: 'GLUT/glut.h': No such file or directory [E:\sdi\project\vs_webp\CMakeFiles\CMakeTmp\cmTC_8adbd.vcxproj]


Source:
/* */
#include <GLUT/glut.h>


int main(void){return 0;}

Determining if files GL/glut.h exist failed with the following output:
Change Dir: E:/sdi/project/vs_webp/CMakeFiles/CMakeTmp

Run Build Command(s):C:/Program Files/Microsoft Visual Studio/2022/Preview/MSBuild/Current/Bin/amd64/MSBuild.exe cmTC_428b5.vcxproj /p:Configuration=Debug /p:Platform=Win32 /p:VisualStudioVersion=17.0 /v:m && Microsoft (R) Build Engine version 17.0.0-preview-21329-01+1b7661f36 for .NET Framework
Copyright (C) Microsoft Corporation. All rights reserved.

  Microsoft (R) C/C++ Optimizing Compiler Version 19.30.30401 for x86
  Copyright (C) Microsoft Corporation.  All rights reserved.
  cl /c /Zi /W3 /WX- /diagnostics:column /Od /Ob0 /Oy- /D _MBCS /D WIN32 /D _WINDOWS /D "CMAKE_INTDIR=\"Debug\"" /Gm- /RTC1 /MDd /GS /fp:precise /Zc:wchar_t /Zc:forScope /Zc:inline /Fo"cmTC_428b5.dir\Debug\\" /Fd"cmTC_428b5.dir\Debug\vc142.pdb" /external:W3 /Gd /TC /analyze- /errorReport:queue E:\sdi\project\vs_webp\CMakeFiles\CheckIncludeFiles\HAVE_GL_GLUT_H.c
  HAVE_GL_GLUT_H.c
E:\sdi\project\vs_webp\CMakeFiles\CheckIncludeFiles\HAVE_GL_GLUT_H.c(2,10): fatal error C1083: Cannot open include file: 'GL/glut.h': No such file or directory [E:\sdi\project\vs_webp\CMakeFiles\CMakeTmp\cmTC_428b5.vcxproj]


Source:
/* */
#include <GL/glut.h>


int main(void){return 0;}

Determining if files OpenGL/glut.h exist failed with the following output:
Change Dir: E:/sdi/project/vs_webp/CMakeFiles/CMakeTmp

Run Build Command(s):C:/Program Files/Microsoft Visual Studio/2022/Preview/MSBuild/Current/Bin/amd64/MSBuild.exe cmTC_46ba2.vcxproj /p:Configuration=Debug /p:Platform=Win32 /p:VisualStudioVersion=17.0 /v:m && Microsoft (R) Build Engine version 17.0.0-preview-21329-01+1b7661f36 for .NET Framework
Copyright (C) Microsoft Corporation. All rights reserved.

  Microsoft (R) C/C++ Optimizing Compiler Version 19.30.30401 for x86
  Copyright (C) Microsoft Corporation.  All rights reserved.
  cl /c /Zi /W3 /WX- /diagnostics:column /Od /Ob0 /Oy- /D _MBCS /D WIN32 /D _WINDOWS /D "CMAKE_INTDIR=\"Debug\"" /Gm- /RTC1 /MDd /GS /fp:precise /Zc:wchar_t /Zc:forScope /Zc:inline /Fo"cmTC_46ba2.dir\Debug\\" /Fd"cmTC_46ba2.dir\Debug\vc142.pdb" /external:W3 /Gd /TC /analyze- /errorReport:queue E:\sdi\project\vs_webp\CMakeFiles\CheckIncludeFiles\HAVE_OPENGL_GLUT_H.c
  HAVE_OPENGL_GLUT_H.c
E:\sdi\project\vs_webp\CMakeFiles\CheckIncludeFiles\HAVE_OPENGL_GLUT_H.c(2,10): fatal error C1083: Cannot open include file: 'OpenGL/glut.h': No such file or directory [E:\sdi\project\vs_webp\CMakeFiles\CMakeTmp\cmTC_46ba2.vcxproj]


Source:
/* */
#include <OpenGL/glut.h>


int main(void){return 0;}

Determining if files strings.h exist failed with the following output:
Change Dir: E:/sdi/project/vs_webp/CMakeFiles/CMakeTmp

Run Build Command(s):C:/Program Files/Microsoft Visual Studio/2022/Preview/MSBuild/Current/Bin/amd64/MSBuild.exe cmTC_aae24.vcxproj /p:Configuration=Debug /p:Platform=Win32 /p:VisualStudioVersion=17.0 /v:m && Microsoft (R) Build Engine version 17.0.0-preview-21329-01+1b7661f36 for .NET Framework
Copyright (C) Microsoft Corporation. All rights reserved.

  Microsoft (R) C/C++ Optimizing Compiler Version 19.30.30401 for x86
  Copyright (C) Microsoft Corporation.  All rights reserved.
  HAVE_STRINGS_H.c
E:\sdi\project\vs_webp\CMakeFiles\CheckIncludeFiles\HAVE_STRINGS_H.c(2,10): fatal error C1083: Cannot open include file: 'strings.h': No such file or directory [E:\sdi\project\vs_webp\CMakeFiles\CMakeTmp\cmTC_aae24.vcxproj]
  cl /c /Zi /W3 /WX- /diagnostics:column /Od /Ob0 /Oy- /D _MBCS /D WIN32 /D _WINDOWS /D "CMAKE_INTDIR=\"Debug\"" /Gm- /RTC1 /MDd /GS /fp:precise /Zc:wchar_t /Zc:forScope /Zc:inline /Fo"cmTC_aae24.dir\Debug\\" /Fd"cmTC_aae24.dir\Debug\vc142.pdb" /external:W3 /Gd /TC /analyze- /errorReport:queue E:\sdi\project\vs_webp\CMakeFiles\CheckIncludeFiles\HAVE_STRINGS_H.c


Source:
/* */
#include <strings.h>


int main(void){return 0;}

Determining if files unistd.h exist failed with the following output:
Change Dir: E:/sdi/project/vs_webp/CMakeFiles/CMakeTmp

Run Build Command(s):C:/Program Files/Microsoft Visual Studio/2022/Preview/MSBuild/Current/Bin/amd64/MSBuild.exe cmTC_d3f51.vcxproj /p:Configuration=Debug /p:Platform=Win32 /p:VisualStudioVersion=17.0 /v:m && Microsoft (R) Build Engine version 17.0.0-preview-21329-01+1b7661f36 for .NET Framework
Copyright (C) Microsoft Corporation. All rights reserved.

  Microsoft (R) C/C++ Optimizing Compiler Version 19.30.30401 for x86
  Copyright (C) Microsoft Corporation.  All rights reserved.
  cl /c /Zi /W3 /WX- /diagnostics:column /Od /Ob0 /Oy- /D _MBCS /D WIN32 /D _WINDOWS /D "CMAKE_INTDIR=\"Debug\"" /Gm- /RTC1 /MDd /GS /fp:precise /Zc:wchar_t /Zc:forScope /Zc:inline /Fo"cmTC_d3f51.dir\Debug\\" /Fd"cmTC_d3f51.dir\Debug\vc142.pdb" /external:W3 /Gd /TC /analyze- /errorReport:queue E:\sdi\project\vs_webp\CMakeFiles\CheckIncludeFiles\HAVE_UNISTD_H.c
  HAVE_UNISTD_H.c
E:\sdi\project\vs_webp\CMakeFiles\CheckIncludeFiles\HAVE_UNISTD_H.c(2,10): fatal error C1083: Cannot open include file: 'unistd.h': No such file or directory [E:\sdi\project\vs_webp\CMakeFiles\CMakeTmp\cmTC_d3f51.vcxproj]


Source:
/* */
#include <unistd.h>


int main(void){return 0;}

Performing C SOURCE FILE Test WEBP_HAVE_FLAG_MIPS32 failed with the following output:
Change Dir: E:/sdi/project/vs_webp/CMakeFiles/CMakeTmp

Run Build Command(s):C:/Program Files/Microsoft Visual Studio/2022/Preview/MSBuild/Current/Bin/amd64/MSBuild.exe cmTC_3ce55.vcxproj /p:Configuration=Debug /p:Platform=Win32 /p:VisualStudioVersion=17.0 /v:m && Microsoft (R) Build Engine version 17.0.0-preview-21329-01+1b7661f36 for .NET Framework
Copyright (C) Microsoft Corporation. All rights reserved.

  Microsoft (R) C/C++ Optimizing Compiler Version 19.30.30401 for x86
  Copyright (C) Microsoft Corporation.  All rights reserved.
  cl /c /IE:\sdi\ext\libwebp /Zi /W3 /WX- /diagnostics:column /Od /Ob0 /Oy- /D _MBCS /D WIN32 /D _WINDOWS /D WEBP_HAVE_FLAG_MIPS32 /D "CMAKE_INTDIR=\"Debug\"" /Gm- /RTC1 /MDd /GS /fp:precise /Zc:wchar_t /Zc:forScope /Zc:inline /Fo"cmTC_3ce55.dir\Debug\\" /Fd"cmTC_3ce55.dir\Debug\vc142.pdb" /external:W3 /Gd /TC /analyze- /errorReport:queue E:\sdi\project\vs_webp\CMakeFiles\CMakeTmp\src.c
  src.c
E:\sdi\project\vs_webp\CMakeFiles\CMakeTmp\src.c(5,14): error C2065: 'this': undeclared identifier [E:\sdi\project\vs_webp\CMakeFiles\CMakeTmp\cmTC_3ce55.vcxproj]
E:\sdi\project\vs_webp\CMakeFiles\CMakeTmp\src.c(5,14): error C2146: syntax error: missing ';' before identifier 'is' [E:\sdi\project\vs_webp\CMakeFiles\CMakeTmp\cmTC_3ce55.vcxproj]
E:\sdi\project\vs_webp\CMakeFiles\CMakeTmp\src.c(5,17): error C2065: 'is': undeclared identifier [E:\sdi\project\vs_webp\CMakeFiles\CMakeTmp\cmTC_3ce55.vcxproj]
E:\sdi\project\vs_webp\CMakeFiles\CMakeTmp\src.c(5,17): error C2146: syntax error: missing ';' before identifier 'not' [E:\sdi\project\vs_webp\CMakeFiles\CMakeTmp\cmTC_3ce55.vcxproj]
E:\sdi\project\vs_webp\CMakeFiles\CMakeTmp\src.c(5,21): error C2065: 'not': undeclared identifier [E:\sdi\project\vs_webp\CMakeFiles\CMakeTmp\cmTC_3ce55.vcxproj]
E:\sdi\project\vs_webp\CMakeFiles\CMakeTmp\src.c(5,21): error C2146: syntax error: missing ';' before identifier 'valid' [E:\sdi\project\vs_webp\CMakeFiles\CMakeTmp\cmTC_3ce55.vcxproj]
E:\sdi\project\vs_webp\CMakeFiles\CMakeTmp\src.c(5,27): error C2065: 'valid': undeclared identifier [E:\sdi\project\vs_webp\CMakeFiles\CMakeTmp\cmTC_3ce55.vcxproj]
E:\sdi\project\vs_webp\CMakeFiles\CMakeTmp\src.c(5,27): error C2146: syntax error: missing ';' before identifier 'code' [E:\sdi\project\vs_webp\CMakeFiles\CMakeTmp\cmTC_3ce55.vcxproj]
E:\sdi\project\vs_webp\CMakeFiles\CMakeTmp\src.c(7,9): error C2065: 'code': undeclared identifier [E:\sdi\project\vs_webp\CMakeFiles\CMakeTmp\cmTC_3ce55.vcxproj]
E:\sdi\project\vs_webp\CMakeFiles\CMakeTmp\src.c(7,9): error C2143: syntax error: missing ';' before 'return' [E:\sdi\project\vs_webp\CMakeFiles\CMakeTmp\cmTC_3ce55.vcxproj]


Source file was:

      #include "E:/sdi/ext/libwebp/cmake/../src/dsp/dsp.h"
      int main(void) {
        #if !defined(WEBP_USE_MIPS32)
        this is not valid code
        #endif
        return 0;
      }
    
Performing C SOURCE FILE Test WEBP_HAVE_FLAG_MIPS32 failed with the following output:
Change Dir: E:/sdi/project/vs_webp/CMakeFiles/CMakeTmp

Run Build Command(s):C:/Program Files/Microsoft Visual Studio/2022/Preview/MSBuild/Current/Bin/amd64/MSBuild.exe cmTC_dd024.vcxproj /p:Configuration=Debug /p:Platform=Win32 /p:VisualStudioVersion=17.0 /v:m && Microsoft (R) Build Engine version 17.0.0-preview-21329-01+1b7661f36 for .NET Framework
Copyright (C) Microsoft Corporation. All rights reserved.

  Microsoft (R) C/C++ Optimizing Compiler Version 19.30.30401 for x86
  Copyright (C) Microsoft Corporation.  All rights reserved.
  NOTFOUND
c1 : fatal error C1083: Cannot open source file: 'NOTFOUND': No such file or directory [E:\sdi\project\vs_webp\CMakeFiles\CMakeTmp\cmTC_dd024.vcxproj]
  src.c
E:\sdi\project\vs_webp\CMakeFiles\CMakeTmp\src.c(5,14): error C2065: 'this': undeclared identifier [E:\sdi\project\vs_webp\CMakeFiles\CMakeTmp\cmTC_dd024.vcxproj]
E:\sdi\project\vs_webp\CMakeFiles\CMakeTmp\src.c(5,14): error C2146: syntax error: missing ';' before identifier 'is' [E:\sdi\project\vs_webp\CMakeFiles\CMakeTmp\cmTC_dd024.vcxproj]
E:\sdi\project\vs_webp\CMakeFiles\CMakeTmp\src.c(5,17): error C2065: 'is': undeclared identifier [E:\sdi\project\vs_webp\CMakeFiles\CMakeTmp\cmTC_dd024.vcxproj]
E:\sdi\project\vs_webp\CMakeFiles\CMakeTmp\src.c(5,17): error C2146: syntax error: missing ';' before identifier 'not' [E:\sdi\project\vs_webp\CMakeFiles\CMakeTmp\cmTC_dd024.vcxproj]
E:\sdi\project\vs_webp\CMakeFiles\CMakeTmp\src.c(5,21): error C2065: 'not': undeclared identifier [E:\sdi\project\vs_webp\CMakeFiles\CMakeTmp\cmTC_dd024.vcxproj]
E:\sdi\project\vs_webp\CMakeFiles\CMakeTmp\src.c(5,21): error C2146: syntax error: missing ';' before identifier 'valid' [E:\sdi\project\vs_webp\CMakeFiles\CMakeTmp\cmTC_dd024.vcxproj]
E:\sdi\project\vs_webp\CMakeFiles\CMakeTmp\src.c(5,27): error C2065: 'valid': undeclared identifier [E:\sdi\project\vs_webp\CMakeFiles\CMakeTmp\cmTC_dd024.vcxproj]
E:\sdi\project\vs_webp\CMakeFiles\CMakeTmp\src.c(5,27): error C2146: syntax error: missing ';' before identifier 'code' [E:\sdi\project\vs_webp\CMakeFiles\CMakeTmp\cmTC_dd024.vcxproj]
E:\sdi\project\vs_webp\CMakeFiles\CMakeTmp\src.c(7,9): error C2065: 'code': undeclared identifier [E:\sdi\project\vs_webp\CMakeFiles\CMakeTmp\cmTC_dd024.vcxproj]
E:\sdi\project\vs_webp\CMakeFiles\CMakeTmp\src.c(7,9): error C2143: syntax error: missing ';' before 'return' [E:\sdi\project\vs_webp\CMakeFiles\CMakeTmp\cmTC_dd024.vcxproj]
  Generating Code...
  cl /c /IE:\sdi\ext\libwebp /Zi /W3 /WX- /diagnostics:column /Od /Ob0 /Oy- /D _MBCS /D WIN32 /D _WINDOWS /D WEBP_HAVE_FLAG_MIPS32 /D "CMAKE_INTDIR=\"Debug\"" /Gm- /RTC1 /MDd /GS /fp:precise /Zc:wchar_t /Zc:forScope /Zc:inline /Fo"cmTC_dd024.dir\Debug\\" /Fd"cmTC_dd024.dir\Debug\vc142.pdb" /external:W3 /Gd /TC /analyze- /errorReport:queue  NOTFOUND E:\sdi\project\vs_webp\CMakeFiles\CMakeTmp\src.c


Source file was:

      #include "E:/sdi/ext/libwebp/cmake/../src/dsp/dsp.h"
      int main(void) {
        #if !defined(WEBP_USE_MIPS32)
        this is not valid code
        #endif
        return 0;
      }
    
Performing C SOURCE FILE Test WEBP_HAVE_FLAG_MIPS_DSP_R2 failed with the following output:
Change Dir: E:/sdi/project/vs_webp/CMakeFiles/CMakeTmp

Run Build Command(s):C:/Program Files/Microsoft Visual Studio/2022/Preview/MSBuild/Current/Bin/amd64/MSBuild.exe cmTC_9ba18.vcxproj /p:Configuration=Debug /p:Platform=Win32 /p:VisualStudioVersion=17.0 /v:m && Microsoft (R) Build Engine version 17.0.0-preview-21329-01+1b7661f36 for .NET Framework
Copyright (C) Microsoft Corporation. All rights reserved.

  Microsoft (R) C/C++ Optimizing Compiler Version 19.30.30401 for x86
  Copyright (C) Microsoft Corporation.  All rights reserved.
  cl /c /IE:\sdi\ext\libwebp /Zi /W3 /WX- /diagnostics:column /Od /Ob0 /Oy- /D _MBCS /D WIN32 /D _WINDOWS /D WEBP_HAVE_FLAG_MIPS_DSP_R2 /D "CMAKE_INTDIR=\"Debug\"" /Gm- /RTC1 /MDd /GS /fp:precise /Zc:wchar_t /Zc:forScope /Zc:inline /Fo"cmTC_9ba18.dir\Debug\\" /Fd"cmTC_9ba18.dir\Debug\vc142.pdb" /external:W3 /Gd /TC /analyze- /errorReport:queue E:\sdi\project\vs_webp\CMakeFiles\CMakeTmp\src.c
  src.c
E:\sdi\project\vs_webp\CMakeFiles\CMakeTmp\src.c(5,14): error C2065: 'this': undeclared identifier [E:\sdi\project\vs_webp\CMakeFiles\CMakeTmp\cmTC_9ba18.vcxproj]
E:\sdi\project\vs_webp\CMakeFiles\CMakeTmp\src.c(5,14): error C2146: syntax error: missing ';' before identifier 'is' [E:\sdi\project\vs_webp\CMakeFiles\CMakeTmp\cmTC_9ba18.vcxproj]
E:\sdi\project\vs_webp\CMakeFiles\CMakeTmp\src.c(5,17): error C2065: 'is': undeclared identifier [E:\sdi\project\vs_webp\CMakeFiles\CMakeTmp\cmTC_9ba18.vcxproj]
E:\sdi\project\vs_webp\CMakeFiles\CMakeTmp\src.c(5,17): error C2146: syntax error: missing ';' before identifier 'not' [E:\sdi\project\vs_webp\CMakeFiles\CMakeTmp\cmTC_9ba18.vcxproj]
E:\sdi\project\vs_webp\CMakeFiles\CMakeTmp\src.c(5,21): error C2065: 'not': undeclared identifier [E:\sdi\project\vs_webp\CMakeFiles\CMakeTmp\cmTC_9ba18.vcxproj]
E:\sdi\project\vs_webp\CMakeFiles\CMakeTmp\src.c(5,21): error C2146: syntax error: missing ';' before identifier 'valid' [E:\sdi\project\vs_webp\CMakeFiles\CMakeTmp\cmTC_9ba18.vcxproj]
E:\sdi\project\vs_webp\CMakeFiles\CMakeTmp\src.c(5,27): error C2065: 'valid': undeclared identifier [E:\sdi\project\vs_webp\CMakeFiles\CMakeTmp\cmTC_9ba18.vcxproj]
E:\sdi\project\vs_webp\CMakeFiles\CMakeTmp\src.c(5,27): error C2146: syntax error: missing ';' before identifier 'code' [E:\sdi\project\vs_webp\CMakeFiles\CMakeTmp\cmTC_9ba18.vcxproj]
E:\sdi\project\vs_webp\CMakeFiles\CMakeTmp\src.c(7,9): error C2065: 'code': undeclared identifier [E:\sdi\project\vs_webp\CMakeFiles\CMakeTmp\cmTC_9ba18.vcxproj]
E:\sdi\project\vs_webp\CMakeFiles\CMakeTmp\src.c(7,9): error C2143: syntax error: missing ';' before 'return' [E:\sdi\project\vs_webp\CMakeFiles\CMakeTmp\cmTC_9ba18.vcxproj]


Source file was:

      #include "E:/sdi/ext/libwebp/cmake/../src/dsp/dsp.h"
      int main(void) {
        #if !defined(WEBP_USE_MIPS_DSP_R2)
        this is not valid code
        #endif
        return 0;
      }
    
Performing C SOURCE FILE Test WEBP_HAVE_FLAG_MIPS_DSP_R2 failed with the following output:
Change Dir: E:/sdi/project/vs_webp/CMakeFiles/CMakeTmp

Run Build Command(s):C:/Program Files/Microsoft Visual Studio/2022/Preview/MSBuild/Current/Bin/amd64/MSBuild.exe cmTC_fc12c.vcxproj /p:Configuration=Debug /p:Platform=Win32 /p:VisualStudioVersion=17.0 /v:m && Microsoft (R) Build Engine version 17.0.0-preview-21329-01+1b7661f36 for .NET Framework
Copyright (C) Microsoft Corporation. All rights reserved.

  Microsoft (R) C/C++ Optimizing Compiler Version 19.30.30401 for x86
  Copyright (C) Microsoft Corporation.  All rights reserved.
  cl /c /IE:\sdi\ext\libwebp /Zi /W3 /WX- /diagnostics:column /Od /Ob0 /Oy- /D _MBCS /D WIN32 /D _WINDOWS /D WEBP_HAVE_FLAG_MIPS_DSP_R2 /D "CMAKE_INTDIR=\"Debug\"" /Gm- /RTC1 /MDd /GS /fp:precise /Zc:wchar_t /Zc:forScope /Zc:inline /Fo"cmTC_fc12c.dir\Debug\\" /Fd"cmTC_fc12c.dir\Debug\vc142.pdb" /external:W3 /Gd /TC /analyze- /errorReport:queue  NOTFOUND E:\sdi\project\vs_webp\CMakeFiles\CMakeTmp\src.c
  NOTFOUND
c1 : fatal error C1083: Cannot open source file: 'NOTFOUND': No such file or directory [E:\sdi\project\vs_webp\CMakeFiles\CMakeTmp\cmTC_fc12c.vcxproj]
  src.c
E:\sdi\project\vs_webp\CMakeFiles\CMakeTmp\src.c(5,14): error C2065: 'this': undeclared identifier [E:\sdi\project\vs_webp\CMakeFiles\CMakeTmp\cmTC_fc12c.vcxproj]
E:\sdi\project\vs_webp\CMakeFiles\CMakeTmp\src.c(5,14): error C2146: syntax error: missing ';' before identifier 'is' [E:\sdi\project\vs_webp\CMakeFiles\CMakeTmp\cmTC_fc12c.vcxproj]
E:\sdi\project\vs_webp\CMakeFiles\CMakeTmp\src.c(5,17): error C2065: 'is': undeclared identifier [E:\sdi\project\vs_webp\CMakeFiles\CMakeTmp\cmTC_fc12c.vcxproj]
E:\sdi\project\vs_webp\CMakeFiles\CMakeTmp\src.c(5,17): error C2146: syntax error: missing ';' before identifier 'not' [E:\sdi\project\vs_webp\CMakeFiles\CMakeTmp\cmTC_fc12c.vcxproj]
E:\sdi\project\vs_webp\CMakeFiles\CMakeTmp\src.c(5,21): error C2065: 'not': undeclared identifier [E:\sdi\project\vs_webp\CMakeFiles\CMakeTmp\cmTC_fc12c.vcxproj]
E:\sdi\project\vs_webp\CMakeFiles\CMakeTmp\src.c(5,21): error C2146: syntax error: missing ';' before identifier 'valid' [E:\sdi\project\vs_webp\CMakeFiles\CMakeTmp\cmTC_fc12c.vcxproj]
E:\sdi\project\vs_webp\CMakeFiles\CMakeTmp\src.c(5,27): error C2065: 'valid': undeclared identifier [E:\sdi\project\vs_webp\CMakeFiles\CMakeTmp\cmTC_fc12c.vcxproj]
E:\sdi\project\vs_webp\CMakeFiles\CMakeTmp\src.c(5,27): error C2146: syntax error: missing ';' before identifier 'code' [E:\sdi\project\vs_webp\CMakeFiles\CMakeTmp\cmTC_fc12c.vcxproj]
E:\sdi\project\vs_webp\CMakeFiles\CMakeTmp\src.c(7,9): error C2065: 'code': undeclared identifier [E:\sdi\project\vs_webp\CMakeFiles\CMakeTmp\cmTC_fc12c.vcxproj]
E:\sdi\project\vs_webp\CMakeFiles\CMakeTmp\src.c(7,9): error C2143: syntax error: missing ';' before 'return' [E:\sdi\project\vs_webp\CMakeFiles\CMakeTmp\cmTC_fc12c.vcxproj]
  Generating Code...


Source file was:

      #include "E:/sdi/ext/libwebp/cmake/../src/dsp/dsp.h"
      int main(void) {
        #if !defined(WEBP_USE_MIPS_DSP_R2)
        this is not valid code
        #endif
        return 0;
      }
    
Performing C SOURCE FILE Test WEBP_HAVE_FLAG_NEON failed with the following output:
Change Dir: E:/sdi/project/vs_webp/CMakeFiles/CMakeTmp

Run Build Command(s):C:/Program Files/Microsoft Visual Studio/2022/Preview/MSBuild/Current/Bin/amd64/MSBuild.exe cmTC_6aae3.vcxproj /p:Configuration=Debug /p:Platform=Win32 /p:VisualStudioVersion=17.0 /v:m && Microsoft (R) Build Engine version 17.0.0-preview-21329-01+1b7661f36 for .NET Framework
Copyright (C) Microsoft Corporation. All rights reserved.

  Microsoft (R) C/C++ Optimizing Compiler Version 19.30.30401 for x86
  Copyright (C) Microsoft Corporation.  All rights reserved.
  src.c
E:\sdi\project\vs_webp\CMakeFiles\CMakeTmp\src.c(5,14): error C2065: 'this': undeclared identifier [E:\sdi\project\vs_webp\CMakeFiles\CMakeTmp\cmTC_6aae3.vcxproj]
E:\sdi\project\vs_webp\CMakeFiles\CMakeTmp\src.c(5,14): error C2146: syntax error: missing ';' before identifier 'is' [E:\sdi\project\vs_webp\CMakeFiles\CMakeTmp\cmTC_6aae3.vcxproj]
E:\sdi\project\vs_webp\CMakeFiles\CMakeTmp\src.c(5,17): error C2065: 'is': undeclared identifier [E:\sdi\project\vs_webp\CMakeFiles\CMakeTmp\cmTC_6aae3.vcxproj]
E:\sdi\project\vs_webp\CMakeFiles\CMakeTmp\src.c(5,17): error C2146: syntax error: missing ';' before identifier 'not' [E:\sdi\project\vs_webp\CMakeFiles\CMakeTmp\cmTC_6aae3.vcxproj]
E:\sdi\project\vs_webp\CMakeFiles\CMakeTmp\src.c(5,21): error C2065: 'not': undeclared identifier [E:\sdi\project\vs_webp\CMakeFiles\CMakeTmp\cmTC_6aae3.vcxproj]
E:\sdi\project\vs_webp\CMakeFiles\CMakeTmp\src.c(5,21): error C2146: syntax error: missing ';' before identifier 'valid' [E:\sdi\project\vs_webp\CMakeFiles\CMakeTmp\cmTC_6aae3.vcxproj]
E:\sdi\project\vs_webp\CMakeFiles\CMakeTmp\src.c(5,27): error C2065: 'valid': undeclared identifier [E:\sdi\project\vs_webp\CMakeFiles\CMakeTmp\cmTC_6aae3.vcxproj]
E:\sdi\project\vs_webp\CMakeFiles\CMakeTmp\src.c(5,27): error C2146: syntax error: missing ';' before identifier 'code' [E:\sdi\project\vs_webp\CMakeFiles\CMakeTmp\cmTC_6aae3.vcxproj]
E:\sdi\project\vs_webp\CMakeFiles\CMakeTmp\src.c(7,9): error C2065: 'code': undeclared identifier [E:\sdi\project\vs_webp\CMakeFiles\CMakeTmp\cmTC_6aae3.vcxproj]
E:\sdi\project\vs_webp\CMakeFiles\CMakeTmp\src.c(7,9): error C2143: syntax error: missing ';' before 'return' [E:\sdi\project\vs_webp\CMakeFiles\CMakeTmp\cmTC_6aae3.vcxproj]
  cl /c /IE:\sdi\ext\libwebp /Zi /W3 /WX- /diagnostics:column /Od /Ob0 /Oy- /D _MBCS /D WIN32 /D _WINDOWS /D WEBP_HAVE_FLAG_NEON /D "CMAKE_INTDIR=\"Debug\"" /Gm- /RTC1 /MDd /GS /fp:precise /Zc:wchar_t /Zc:forScope /Zc:inline /Fo"cmTC_6aae3.dir\Debug\\" /Fd"cmTC_6aae3.dir\Debug\vc142.pdb" /external:W3 /Gd /TC /analyze- /errorReport:queue E:\sdi\project\vs_webp\CMakeFiles\CMakeTmp\src.c


Source file was:

      #include "E:/sdi/ext/libwebp/cmake/../src/dsp/dsp.h"
      int main(void) {
        #if !defined(WEBP_USE_NEON)
        this is not valid code
        #endif
        return 0;
      }
    
Performing C SOURCE FILE Test WEBP_HAVE_FLAG_NEON failed with the following output:
Change Dir: E:/sdi/project/vs_webp/CMakeFiles/CMakeTmp

Run Build Command(s):C:/Program Files/Microsoft Visual Studio/2022/Preview/MSBuild/Current/Bin/amd64/MSBuild.exe cmTC_e3eff.vcxproj /p:Configuration=Debug /p:Platform=Win32 /p:VisualStudioVersion=17.0 /v:m && Microsoft (R) Build Engine version 17.0.0-preview-21329-01+1b7661f36 for .NET Framework
Copyright (C) Microsoft Corporation. All rights reserved.

  Microsoft (R) C/C++ Optimizing Compiler Version 19.30.30401 for x86
  Copyright (C) Microsoft Corporation.  All rights reserved.
  cl /c /IE:\sdi\ext\libwebp /Zi /W3 /WX- /diagnostics:column /Od /Ob0 /Oy- /D _MBCS /D WIN32 /D _WINDOWS /D WEBP_HAVE_FLAG_NEON /D "CMAKE_INTDIR=\"Debug\"" /Gm- /RTC1 /MDd /GS /fp:precise /Zc:wchar_t /Zc:forScope /Zc:inline /Fo"cmTC_e3eff.dir\Debug\\" /Fd"cmTC_e3eff.dir\Debug\vc142.pdb" /external:W3 /Gd /TC /analyze- /errorReport:queue  NOTFOUND E:\sdi\project\vs_webp\CMakeFiles\CMakeTmp\src.c
  NOTFOUND
c1 : fatal error C1083: Cannot open source file: 'NOTFOUND': No such file or directory [E:\sdi\project\vs_webp\CMakeFiles\CMakeTmp\cmTC_e3eff.vcxproj]
  src.c
E:\sdi\project\vs_webp\CMakeFiles\CMakeTmp\src.c(5,14): error C2065: 'this': undeclared identifier [E:\sdi\project\vs_webp\CMakeFiles\CMakeTmp\cmTC_e3eff.vcxproj]
E:\sdi\project\vs_webp\CMakeFiles\CMakeTmp\src.c(5,14): error C2146: syntax error: missing ';' before identifier 'is' [E:\sdi\project\vs_webp\CMakeFiles\CMakeTmp\cmTC_e3eff.vcxproj]
E:\sdi\project\vs_webp\CMakeFiles\CMakeTmp\src.c(5,17): error C2065: 'is': undeclared identifier [E:\sdi\project\vs_webp\CMakeFiles\CMakeTmp\cmTC_e3eff.vcxproj]
E:\sdi\project\vs_webp\CMakeFiles\CMakeTmp\src.c(5,17): error C2146: syntax error: missing ';' before identifier 'not' [E:\sdi\project\vs_webp\CMakeFiles\CMakeTmp\cmTC_e3eff.vcxproj]
E:\sdi\project\vs_webp\CMakeFiles\CMakeTmp\src.c(5,21): error C2065: 'not': undeclared identifier [E:\sdi\project\vs_webp\CMakeFiles\CMakeTmp\cmTC_e3eff.vcxproj]
E:\sdi\project\vs_webp\CMakeFiles\CMakeTmp\src.c(5,21): error C2146: syntax error: missing ';' before identifier 'valid' [E:\sdi\project\vs_webp\CMakeFiles\CMakeTmp\cmTC_e3eff.vcxproj]
E:\sdi\project\vs_webp\CMakeFiles\CMakeTmp\src.c(5,27): error C2065: 'valid': undeclared identifier [E:\sdi\project\vs_webp\CMakeFiles\CMakeTmp\cmTC_e3eff.vcxproj]
E:\sdi\project\vs_webp\CMakeFiles\CMakeTmp\src.c(5,27): error C2146: syntax error: missing ';' before identifier 'code' [E:\sdi\project\vs_webp\CMakeFiles\CMakeTmp\cmTC_e3eff.vcxproj]
E:\sdi\project\vs_webp\CMakeFiles\CMakeTmp\src.c(7,9): error C2065: 'code': undeclared identifier [E:\sdi\project\vs_webp\CMakeFiles\CMakeTmp\cmTC_e3eff.vcxproj]
E:\sdi\project\vs_webp\CMakeFiles\CMakeTmp\src.c(7,9): error C2143: syntax error: missing ';' before 'return' [E:\sdi\project\vs_webp\CMakeFiles\CMakeTmp\cmTC_e3eff.vcxproj]
  Generating Code...


Source file was:

      #include "E:/sdi/ext/libwebp/cmake/../src/dsp/dsp.h"
      int main(void) {
        #if !defined(WEBP_USE_NEON)
        this is not valid code
        #endif
        return 0;
      }
    
Performing C SOURCE FILE Test WEBP_HAVE_FLAG_MSA failed with the following output:
Change Dir: E:/sdi/project/vs_webp/CMakeFiles/CMakeTmp

Run Build Command(s):C:/Program Files/Microsoft Visual Studio/2022/Preview/MSBuild/Current/Bin/amd64/MSBuild.exe cmTC_cbd7c.vcxproj /p:Configuration=Debug /p:Platform=Win32 /p:VisualStudioVersion=17.0 /v:m && Microsoft (R) Build Engine version 17.0.0-preview-21329-01+1b7661f36 for .NET Framework
Copyright (C) Microsoft Corporation. All rights reserved.

  Microsoft (R) C/C++ Optimizing Compiler Version 19.30.30401 for x86
  Copyright (C) Microsoft Corporation.  All rights reserved.
  src.c
E:\sdi\project\vs_webp\CMakeFiles\CMakeTmp\src.c(5,14): error C2065: 'this': undeclared identifier [E:\sdi\project\vs_webp\CMakeFiles\CMakeTmp\cmTC_cbd7c.vcxproj]
E:\sdi\project\vs_webp\CMakeFiles\CMakeTmp\src.c(5,14): error C2146: syntax error: missing ';' before identifier 'is' [E:\sdi\project\vs_webp\CMakeFiles\CMakeTmp\cmTC_cbd7c.vcxproj]
E:\sdi\project\vs_webp\CMakeFiles\CMakeTmp\src.c(5,17): error C2065: 'is': undeclared identifier [E:\sdi\project\vs_webp\CMakeFiles\CMakeTmp\cmTC_cbd7c.vcxproj]
E:\sdi\project\vs_webp\CMakeFiles\CMakeTmp\src.c(5,17): error C2146: syntax error: missing ';' before identifier 'not' [E:\sdi\project\vs_webp\CMakeFiles\CMakeTmp\cmTC_cbd7c.vcxproj]
E:\sdi\project\vs_webp\CMakeFiles\CMakeTmp\src.c(5,21): error C2065: 'not': undeclared identifier [E:\sdi\project\vs_webp\CMakeFiles\CMakeTmp\cmTC_cbd7c.vcxproj]
E:\sdi\project\vs_webp\CMakeFiles\CMakeTmp\src.c(5,21): error C2146: syntax error: missing ';' before identifier 'valid' [E:\sdi\project\vs_webp\CMakeFiles\CMakeTmp\cmTC_cbd7c.vcxproj]
E:\sdi\project\vs_webp\CMakeFiles\CMakeTmp\src.c(5,27): error C2065: 'valid': undeclared identifier [E:\sdi\project\vs_webp\CMakeFiles\CMakeTmp\cmTC_cbd7c.vcxproj]
E:\sdi\project\vs_webp\CMakeFiles\CMakeTmp\src.c(5,27): error C2146: syntax error: missing ';' before identifier 'code' [E:\sdi\project\vs_webp\CMakeFiles\CMakeTmp\cmTC_cbd7c.vcxproj]
E:\sdi\project\vs_webp\CMakeFiles\CMakeTmp\src.c(7,9): error C2065: 'code': undeclared identifier [E:\sdi\project\vs_webp\CMakeFiles\CMakeTmp\cmTC_cbd7c.vcxproj]
E:\sdi\project\vs_webp\CMakeFiles\CMakeTmp\src.c(7,9): error C2143: syntax error: missing ';' before 'return' [E:\sdi\project\vs_webp\CMakeFiles\CMakeTmp\cmTC_cbd7c.vcxproj]
  cl /c /IE:\sdi\ext\libwebp /Zi /W3 /WX- /diagnostics:column /Od /Ob0 /Oy- /D _MBCS /D WIN32 /D _WINDOWS /D WEBP_HAVE_FLAG_MSA /D "CMAKE_INTDIR=\"Debug\"" /Gm- /RTC1 /MDd /GS /fp:precise /Zc:wchar_t /Zc:forScope /Zc:inline /Fo"cmTC_cbd7c.dir\Debug\\" /Fd"cmTC_cbd7c.dir\Debug\vc142.pdb" /external:W3 /Gd /TC /analyze- /errorReport:queue E:\sdi\project\vs_webp\CMakeFiles\CMakeTmp\src.c


Source file was:

      #include "E:/sdi/ext/libwebp/cmake/../src/dsp/dsp.h"
      int main(void) {
        #if !defined(WEBP_USE_MSA)
        this is not valid code
        #endif
        return 0;
      }
    
Performing C SOURCE FILE Test WEBP_HAVE_FLAG_MSA failed with the following output:
Change Dir: E:/sdi/project/vs_webp/CMakeFiles/CMakeTmp

Run Build Command(s):C:/Program Files/Microsoft Visual Studio/2022/Preview/MSBuild/Current/Bin/amd64/MSBuild.exe cmTC_7d376.vcxproj /p:Configuration=Debug /p:Platform=Win32 /p:VisualStudioVersion=17.0 /v:m && Microsoft (R) Build Engine version 17.0.0-preview-21329-01+1b7661f36 for .NET Framework
Copyright (C) Microsoft Corporation. All rights reserved.

  Microsoft (R) C/C++ Optimizing Compiler Version 19.30.30401 for x86
  Copyright (C) Microsoft Corporation.  All rights reserved.
  NOTFOUND
c1 : fatal error C1083: Cannot open source file: 'NOTFOUND': No such file or directory [E:\sdi\project\vs_webp\CMakeFiles\CMakeTmp\cmTC_7d376.vcxproj]
  src.c
E:\sdi\project\vs_webp\CMakeFiles\CMakeTmp\src.c(5,14): error C2065: 'this': undeclared identifier [E:\sdi\project\vs_webp\CMakeFiles\CMakeTmp\cmTC_7d376.vcxproj]
E:\sdi\project\vs_webp\CMakeFiles\CMakeTmp\src.c(5,14): error C2146: syntax error: missing ';' before identifier 'is' [E:\sdi\project\vs_webp\CMakeFiles\CMakeTmp\cmTC_7d376.vcxproj]
E:\sdi\project\vs_webp\CMakeFiles\CMakeTmp\src.c(5,17): error C2065: 'is': undeclared identifier [E:\sdi\project\vs_webp\CMakeFiles\CMakeTmp\cmTC_7d376.vcxproj]
E:\sdi\project\vs_webp\CMakeFiles\CMakeTmp\src.c(5,17): error C2146: syntax error: missing ';' before identifier 'not' [E:\sdi\project\vs_webp\CMakeFiles\CMakeTmp\cmTC_7d376.vcxproj]
E:\sdi\project\vs_webp\CMakeFiles\CMakeTmp\src.c(5,21): error C2065: 'not': undeclared identifier [E:\sdi\project\vs_webp\CMakeFiles\CMakeTmp\cmTC_7d376.vcxproj]
E:\sdi\project\vs_webp\CMakeFiles\CMakeTmp\src.c(5,21): error C2146: syntax error: missing ';' before identifier 'valid' [E:\sdi\project\vs_webp\CMakeFiles\CMakeTmp\cmTC_7d376.vcxproj]
E:\sdi\project\vs_webp\CMakeFiles\CMakeTmp\src.c(5,27): error C2065: 'valid': undeclared identifier [E:\sdi\project\vs_webp\CMakeFiles\CMakeTmp\cmTC_7d376.vcxproj]
E:\sdi\project\vs_webp\CMakeFiles\CMakeTmp\src.c(5,27): error C2146: syntax error: missing ';' before identifier 'code' [E:\sdi\project\vs_webp\CMakeFiles\CMakeTmp\cmTC_7d376.vcxproj]
E:\sdi\project\vs_webp\CMakeFiles\CMakeTmp\src.c(7,9): error C2065: 'code': undeclared identifier [E:\sdi\project\vs_webp\CMakeFiles\CMakeTmp\cmTC_7d376.vcxproj]
E:\sdi\project\vs_webp\CMakeFiles\CMakeTmp\src.c(7,9): error C2143: syntax error: missing ';' before 'return' [E:\sdi\project\vs_webp\CMakeFiles\CMakeTmp\cmTC_7d376.vcxproj]
  Generating Code...
  cl /c /IE:\sdi\ext\libwebp /Zi /W3 /WX- /diagnostics:column /Od /Ob0 /Oy- /D _MBCS /D WIN32 /D _WINDOWS /D WEBP_HAVE_FLAG_MSA /D "CMAKE_INTDIR=\"Debug\"" /Gm- /RTC1 /MDd /GS /fp:precise /Zc:wchar_t /Zc:forScope /Zc:inline /Fo"cmTC_7d376.dir\Debug\\" /Fd"cmTC_7d376.dir\Debug\vc142.pdb" /external:W3 /Gd /TC /analyze- /errorReport:queue  NOTFOUND E:\sdi\project\vs_webp\CMakeFiles\CMakeTmp\src.c


Source file was:

      #include "E:/sdi/ext/libwebp/cmake/../src/dsp/dsp.h"
      int main(void) {
        #if !defined(WEBP_USE_MSA)
        this is not valid code
        #endif
        return 0;
      }
    
Performing C SOURCE FILE Test WEBP_HAVE_FLAG_MIPS32 failed with the following output:
Change Dir: E:/sdi/project/vs_webp/CMakeFiles/CMakeTmp

Run Build Command(s):C:/Program Files/Microsoft Visual Studio/2022/Preview/MSBuild/Current/Bin/amd64/MSBuild.exe cmTC_b3261.vcxproj /p:Configuration=Debug /p:Platform=Win32 /p:VisualStudioVersion=17.0 /v:m && Microsoft (R) Build Engine version 17.0.0-preview-21329-01+1b7661f36 for .NET Framework
Copyright (C) Microsoft Corporation. All rights reserved.

  Microsoft (R) C/C++ Optimizing Compiler Version 19.30.30401 for x86
  Copyright (C) Microsoft Corporation.  All rights reserved.
  cl /c /IE:\sdi\ext\libwebp /Zi /W3 /WX- /diagnostics:column /Od /Ob0 /Oy- /D _MBCS /D WIN32 /D _WINDOWS /D WEBP_HAVE_FLAG_MIPS32 /D "CMAKE_INTDIR=\"Debug\"" /Gm- /RTC1 /MDd /GS /fp:precise /Zc:wchar_t /Zc:forScope /Zc:inline /Fo"cmTC_b3261.dir\Debug\\" /Fd"cmTC_b3261.dir\Debug\vc142.pdb" /external:W3 /Gd /TC /analyze- /errorReport:queue E:\sdi\project\vs_webp\CMakeFiles\CMakeTmp\src.c
  src.c
E:\sdi\project\vs_webp\CMakeFiles\CMakeTmp\src.c(5,14): error C2065: 'this': undeclared identifier [E:\sdi\project\vs_webp\CMakeFiles\CMakeTmp\cmTC_b3261.vcxproj]
E:\sdi\project\vs_webp\CMakeFiles\CMakeTmp\src.c(5,14): error C2146: syntax error: missing ';' before identifier 'is' [E:\sdi\project\vs_webp\CMakeFiles\CMakeTmp\cmTC_b3261.vcxproj]
E:\sdi\project\vs_webp\CMakeFiles\CMakeTmp\src.c(5,17): error C2065: 'is': undeclared identifier [E:\sdi\project\vs_webp\CMakeFiles\CMakeTmp\cmTC_b3261.vcxproj]
E:\sdi\project\vs_webp\CMakeFiles\CMakeTmp\src.c(5,17): error C2146: syntax error: missing ';' before identifier 'not' [E:\sdi\project\vs_webp\CMakeFiles\CMakeTmp\cmTC_b3261.vcxproj]
E:\sdi\project\vs_webp\CMakeFiles\CMakeTmp\src.c(5,21): error C2065: 'not': undeclared identifier [E:\sdi\project\vs_webp\CMakeFiles\CMakeTmp\cmTC_b3261.vcxproj]
E:\sdi\project\vs_webp\CMakeFiles\CMakeTmp\src.c(5,21): error C2146: syntax error: missing ';' before identifier 'valid' [E:\sdi\project\vs_webp\CMakeFiles\CMakeTmp\cmTC_b3261.vcxproj]
E:\sdi\project\vs_webp\CMakeFiles\CMakeTmp\src.c(5,27): error C2065: 'valid': undeclared identifier [E:\sdi\project\vs_webp\CMakeFiles\CMakeTmp\cmTC_b3261.vcxproj]
E:\sdi\project\vs_webp\CMakeFiles\CMakeTmp\src.c(5,27): error C2146: syntax error: missing ';' before identifier 'code' [E:\sdi\project\vs_webp\CMakeFiles\CMakeTmp\cmTC_b3261.vcxproj]
E:\sdi\project\vs_webp\CMakeFiles\CMakeTmp\src.c(7,9): error C2065: 'code': undeclared identifier [E:\sdi\project\vs_webp\CMakeFiles\CMakeTmp\cmTC_b3261.vcxproj]
E:\sdi\project\vs_webp\CMakeFiles\CMakeTmp\src.c(7,9): error C2143: syntax error: missing ';' before 'return' [E:\sdi\project\vs_webp\CMakeFiles\CMakeTmp\cmTC_b3261.vcxproj]


Source file was:

      #include "E:/sdi/ext/libwebp/cmake/../src/dsp/dsp.h"
      int main(void) {
        #if !defined(WEBP_USE_MIPS32)
        this is not valid code
        #endif
        return 0;
      }
    
Performing C SOURCE FILE Test WEBP_HAVE_FLAG_MIPS32 failed with the following output:
Change Dir: E:/sdi/project/vs_webp/CMakeFiles/CMakeTmp

Run Build Command(s):C:/Program Files/Microsoft Visual Studio/2022/Preview/MSBuild/Current/Bin/amd64/MSBuild.exe cmTC_ca3ea.vcxproj /p:Configuration=Debug /p:Platform=Win32 /p:VisualStudioVersion=17.0 /v:m && Microsoft (R) Build Engine version 17.0.0-preview-21329-01+1b7661f36 for .NET Framework
Copyright (C) Microsoft Corporation. All rights reserved.

  Microsoft (R) C/C++ Optimizing Compiler Version 19.30.30401 for x86
  Copyright (C) Microsoft Corporation.  All rights reserved.
  cl /c /IE:\sdi\ext\libwebp /Zi /W3 /WX- /diagnostics:column /Od /Ob0 /Oy- /D _MBCS /D WIN32 /D _WINDOWS /D WEBP_HAVE_FLAG_MIPS32 /D "CMAKE_INTDIR=\"Debug\"" /Gm- /RTC1 /MDd /GS /fp:precise /Zc:wchar_t /Zc:forScope /Zc:inline /Fo"cmTC_ca3ea.dir\Debug\\" /Fd"cmTC_ca3ea.dir\Debug\vc142.pdb" /external:W3 /Gd /TC /analyze- /errorReport:queue  NOTFOUND E:\sdi\project\vs_webp\CMakeFiles\CMakeTmp\src.c
  NOTFOUND
c1 : fatal error C1083: Cannot open source file: 'NOTFOUND': No such file or directory [E:\sdi\project\vs_webp\CMakeFiles\CMakeTmp\cmTC_ca3ea.vcxproj]
  src.c
E:\sdi\project\vs_webp\CMakeFiles\CMakeTmp\src.c(5,14): error C2065: 'this': undeclared identifier [E:\sdi\project\vs_webp\CMakeFiles\CMakeTmp\cmTC_ca3ea.vcxproj]
E:\sdi\project\vs_webp\CMakeFiles\CMakeTmp\src.c(5,14): error C2146: syntax error: missing ';' before identifier 'is' [E:\sdi\project\vs_webp\CMakeFiles\CMakeTmp\cmTC_ca3ea.vcxproj]
E:\sdi\project\vs_webp\CMakeFiles\CMakeTmp\src.c(5,17): error C2065: 'is': undeclared identifier [E:\sdi\project\vs_webp\CMakeFiles\CMakeTmp\cmTC_ca3ea.vcxproj]
E:\sdi\project\vs_webp\CMakeFiles\CMakeTmp\src.c(5,17): error C2146: syntax error: missing ';' before identifier 'not' [E:\sdi\project\vs_webp\CMakeFiles\CMakeTmp\cmTC_ca3ea.vcxproj]
E:\sdi\project\vs_webp\CMakeFiles\CMakeTmp\src.c(5,21): error C2065: 'not': undeclared identifier [E:\sdi\project\vs_webp\CMakeFiles\CMakeTmp\cmTC_ca3ea.vcxproj]
E:\sdi\project\vs_webp\CMakeFiles\CMakeTmp\src.c(5,21): error C2146: syntax error: missing ';' before identifier 'valid' [E:\sdi\project\vs_webp\CMakeFiles\CMakeTmp\cmTC_ca3ea.vcxproj]
E:\sdi\project\vs_webp\CMakeFiles\CMakeTmp\src.c(5,27): error C2065: 'valid': undeclared identifier [E:\sdi\project\vs_webp\CMakeFiles\CMakeTmp\cmTC_ca3ea.vcxproj]
E:\sdi\project\vs_webp\CMakeFiles\CMakeTmp\src.c(5,27): error C2146: syntax error: missing ';' before identifier 'code' [E:\sdi\project\vs_webp\CMakeFiles\CMakeTmp\cmTC_ca3ea.vcxproj]
E:\sdi\project\vs_webp\CMakeFiles\CMakeTmp\src.c(7,9): error C2065: 'code': undeclared identifier [E:\sdi\project\vs_webp\CMakeFiles\CMakeTmp\cmTC_ca3ea.vcxproj]
E:\sdi\project\vs_webp\CMakeFiles\CMakeTmp\src.c(7,9): error C2143: syntax error: missing ';' before 'return' [E:\sdi\project\vs_webp\CMakeFiles\CMakeTmp\cmTC_ca3ea.vcxproj]
  Generating Code...


Source file was:

      #include "E:/sdi/ext/libwebp/cmake/../src/dsp/dsp.h"
      int main(void) {
        #if !defined(WEBP_USE_MIPS32)
        this is not valid code
        #endif
        return 0;
      }
    
Performing C SOURCE FILE Test WEBP_HAVE_FLAG_MIPS_DSP_R2 failed with the following output:
Change Dir: E:/sdi/project/vs_webp/CMakeFiles/CMakeTmp

Run Build Command(s):C:/Program Files/Microsoft Visual Studio/2022/Preview/MSBuild/Current/Bin/amd64/MSBuild.exe cmTC_16a4a.vcxproj /p:Configuration=Debug /p:Platform=Win32 /p:VisualStudioVersion=17.0 /v:m && Microsoft (R) Build Engine version 17.0.0-preview-21329-01+1b7661f36 for .NET Framework
Copyright (C) Microsoft Corporation. All rights reserved.

  Microsoft (R) C/C++ Optimizing Compiler Version 19.30.30401 for x86
  Copyright (C) Microsoft Corporation.  All rights reserved.
  cl /c /IE:\sdi\ext\libwebp /Zi /W3 /WX- /diagnostics:column /Od /Ob0 /Oy- /D _MBCS /D WIN32 /D _WINDOWS /D WEBP_HAVE_FLAG_MIPS_DSP_R2 /D "CMAKE_INTDIR=\"Debug\"" /Gm- /RTC1 /MDd /GS /fp:precise /Zc:wchar_t /Zc:forScope /Zc:inline /Fo"cmTC_16a4a.dir\Debug\\" /Fd"cmTC_16a4a.dir\Debug\vc142.pdb" /external:W3 /Gd /TC /analyze- /errorReport:queue E:\sdi\project\vs_webp\CMakeFiles\CMakeTmp\src.c
  src.c
E:\sdi\project\vs_webp\CMakeFiles\CMakeTmp\src.c(5,14): error C2065: 'this': undeclared identifier [E:\sdi\project\vs_webp\CMakeFiles\CMakeTmp\cmTC_16a4a.vcxproj]
E:\sdi\project\vs_webp\CMakeFiles\CMakeTmp\src.c(5,14): error C2146: syntax error: missing ';' before identifier 'is' [E:\sdi\project\vs_webp\CMakeFiles\CMakeTmp\cmTC_16a4a.vcxproj]
E:\sdi\project\vs_webp\CMakeFiles\CMakeTmp\src.c(5,17): error C2065: 'is': undeclared identifier [E:\sdi\project\vs_webp\CMakeFiles\CMakeTmp\cmTC_16a4a.vcxproj]
E:\sdi\project\vs_webp\CMakeFiles\CMakeTmp\src.c(5,17): error C2146: syntax error: missing ';' before identifier 'not' [E:\sdi\project\vs_webp\CMakeFiles\CMakeTmp\cmTC_16a4a.vcxproj]
E:\sdi\project\vs_webp\CMakeFiles\CMakeTmp\src.c(5,21): error C2065: 'not': undeclared identifier [E:\sdi\project\vs_webp\CMakeFiles\CMakeTmp\cmTC_16a4a.vcxproj]
E:\sdi\project\vs_webp\CMakeFiles\CMakeTmp\src.c(5,21): error C2146: syntax error: missing ';' before identifier 'valid' [E:\sdi\project\vs_webp\CMakeFiles\CMakeTmp\cmTC_16a4a.vcxproj]
E:\sdi\project\vs_webp\CMakeFiles\CMakeTmp\src.c(5,27): error C2065: 'valid': undeclared identifier [E:\sdi\project\vs_webp\CMakeFiles\CMakeTmp\cmTC_16a4a.vcxproj]
E:\sdi\project\vs_webp\CMakeFiles\CMakeTmp\src.c(5,27): error C2146: syntax error: missing ';' before identifier 'code' [E:\sdi\project\vs_webp\CMakeFiles\CMakeTmp\cmTC_16a4a.vcxproj]
E:\sdi\project\vs_webp\CMakeFiles\CMakeTmp\src.c(7,9): error C2065: 'code': undeclared identifier [E:\sdi\project\vs_webp\CMakeFiles\CMakeTmp\cmTC_16a4a.vcxproj]
E:\sdi\project\vs_webp\CMakeFiles\CMakeTmp\src.c(7,9): error C2143: syntax error: missing ';' before 'return' [E:\sdi\project\vs_webp\CMakeFiles\CMakeTmp\cmTC_16a4a.vcxproj]


Source file was:

      #include "E:/sdi/ext/libwebp/cmake/../src/dsp/dsp.h"
      int main(void) {
        #if !defined(WEBP_USE_MIPS_DSP_R2)
        this is not valid code
        #endif
        return 0;
      }
    
Performing C SOURCE FILE Test WEBP_HAVE_FLAG_MIPS_DSP_R2 failed with the following output:
Change Dir: E:/sdi/project/vs_webp/CMakeFiles/CMakeTmp

Run Build Command(s):C:/Program Files/Microsoft Visual Studio/2022/Preview/MSBuild/Current/Bin/amd64/MSBuild.exe cmTC_9a719.vcxproj /p:Configuration=Debug /p:Platform=Win32 /p:VisualStudioVersion=17.0 /v:m && Microsoft (R) Build Engine version 17.0.0-preview-21329-01+1b7661f36 for .NET Framework
Copyright (C) Microsoft Corporation. All rights reserved.

  Microsoft (R) C/C++ Optimizing Compiler Version 19.30.30401 for x86
  Copyright (C) Microsoft Corporation.  All rights reserved.
  cl /c /IE:\sdi\ext\libwebp /Zi /W3 /WX- /diagnostics:column /Od /Ob0 /Oy- /D _MBCS /D WIN32 /D _WINDOWS /D WEBP_HAVE_FLAG_MIPS_DSP_R2 /D "CMAKE_INTDIR=\"Debug\"" /Gm- /RTC1 /MDd /GS /fp:precise /Zc:wchar_t /Zc:forScope /Zc:inline /Fo"cmTC_9a719.dir\Debug\\" /Fd"cmTC_9a719.dir\Debug\vc142.pdb" /external:W3 /Gd /TC /analyze- /errorReport:queue  NOTFOUND E:\sdi\project\vs_webp\CMakeFiles\CMakeTmp\src.c
  NOTFOUND
c1 : fatal error C1083: Cannot open source file: 'NOTFOUND': No such file or directory [E:\sdi\project\vs_webp\CMakeFiles\CMakeTmp\cmTC_9a719.vcxproj]
  src.c
E:\sdi\project\vs_webp\CMakeFiles\CMakeTmp\src.c(5,14): error C2065: 'this': undeclared identifier [E:\sdi\project\vs_webp\CMakeFiles\CMakeTmp\cmTC_9a719.vcxproj]
E:\sdi\project\vs_webp\CMakeFiles\CMakeTmp\src.c(5,14): error C2146: syntax error: missing ';' before identifier 'is' [E:\sdi\project\vs_webp\CMakeFiles\CMakeTmp\cmTC_9a719.vcxproj]
E:\sdi\project\vs_webp\CMakeFiles\CMakeTmp\src.c(5,17): error C2065: 'is': undeclared identifier [E:\sdi\project\vs_webp\CMakeFiles\CMakeTmp\cmTC_9a719.vcxproj]
E:\sdi\project\vs_webp\CMakeFiles\CMakeTmp\src.c(5,17): error C2146: syntax error: missing ';' before identifier 'not' [E:\sdi\project\vs_webp\CMakeFiles\CMakeTmp\cmTC_9a719.vcxproj]
E:\sdi\project\vs_webp\CMakeFiles\CMakeTmp\src.c(5,21): error C2065: 'not': undeclared identifier [E:\sdi\project\vs_webp\CMakeFiles\CMakeTmp\cmTC_9a719.vcxproj]
E:\sdi\project\vs_webp\CMakeFiles\CMakeTmp\src.c(5,21): error C2146: syntax error: missing ';' before identifier 'valid' [E:\sdi\project\vs_webp\CMakeFiles\CMakeTmp\cmTC_9a719.vcxproj]
E:\sdi\project\vs_webp\CMakeFiles\CMakeTmp\src.c(5,27): error C2065: 'valid': undeclared identifier [E:\sdi\project\vs_webp\CMakeFiles\CMakeTmp\cmTC_9a719.vcxproj]
E:\sdi\project\vs_webp\CMakeFiles\CMakeTmp\src.c(5,27): error C2146: syntax error: missing ';' before identifier 'code' [E:\sdi\project\vs_webp\CMakeFiles\CMakeTmp\cmTC_9a719.vcxproj]
E:\sdi\project\vs_webp\CMakeFiles\CMakeTmp\src.c(7,9): error C2065: 'code': undeclared identifier [E:\sdi\project\vs_webp\CMakeFiles\CMakeTmp\cmTC_9a719.vcxproj]
E:\sdi\project\vs_webp\CMakeFiles\CMakeTmp\src.c(7,9): error C2143: syntax error: missing ';' before 'return' [E:\sdi\project\vs_webp\CMakeFiles\CMakeTmp\cmTC_9a719.vcxproj]
  Generating Code...


Source file was:

      #include "E:/sdi/ext/libwebp/cmake/../src/dsp/dsp.h"
      int main(void) {
        #if !defined(WEBP_USE_MIPS_DSP_R2)
        this is not valid code
        #endif
        return 0;
      }
    
Performing C SOURCE FILE Test WEBP_HAVE_FLAG_NEON failed with the following output:
Change Dir: E:/sdi/project/vs_webp/CMakeFiles/CMakeTmp

Run Build Command(s):C:/Program Files/Microsoft Visual Studio/2022/Preview/MSBuild/Current/Bin/amd64/MSBuild.exe cmTC_f3850.vcxproj /p:Configuration=Debug /p:Platform=Win32 /p:VisualStudioVersion=17.0 /v:m && Microsoft (R) Build Engine version 17.0.0-preview-21329-01+1b7661f36 for .NET Framework
Copyright (C) Microsoft Corporation. All rights reserved.

  Microsoft (R) C/C++ Optimizing Compiler Version 19.30.30401 for x86
  Copyright (C) Microsoft Corporation.  All rights reserved.
  src.c
E:\sdi\project\vs_webp\CMakeFiles\CMakeTmp\src.c(5,14): error C2065: 'this': undeclared identifier [E:\sdi\project\vs_webp\CMakeFiles\CMakeTmp\cmTC_f3850.vcxproj]
E:\sdi\project\vs_webp\CMakeFiles\CMakeTmp\src.c(5,14): error C2146: syntax error: missing ';' before identifier 'is' [E:\sdi\project\vs_webp\CMakeFiles\CMakeTmp\cmTC_f3850.vcxproj]
E:\sdi\project\vs_webp\CMakeFiles\CMakeTmp\src.c(5,17): error C2065: 'is': undeclared identifier [E:\sdi\project\vs_webp\CMakeFiles\CMakeTmp\cmTC_f3850.vcxproj]
E:\sdi\project\vs_webp\CMakeFiles\CMakeTmp\src.c(5,17): error C2146: syntax error: missing ';' before identifier 'not' [E:\sdi\project\vs_webp\CMakeFiles\CMakeTmp\cmTC_f3850.vcxproj]
E:\sdi\project\vs_webp\CMakeFiles\CMakeTmp\src.c(5,21): error C2065: 'not': undeclared identifier [E:\sdi\project\vs_webp\CMakeFiles\CMakeTmp\cmTC_f3850.vcxproj]
E:\sdi\project\vs_webp\CMakeFiles\CMakeTmp\src.c(5,21): error C2146: syntax error: missing ';' before identifier 'valid' [E:\sdi\project\vs_webp\CMakeFiles\CMakeTmp\cmTC_f3850.vcxproj]
E:\sdi\project\vs_webp\CMakeFiles\CMakeTmp\src.c(5,27): error C2065: 'valid': undeclared identifier [E:\sdi\project\vs_webp\CMakeFiles\CMakeTmp\cmTC_f3850.vcxproj]
E:\sdi\project\vs_webp\CMakeFiles\CMakeTmp\src.c(5,27): error C2146: syntax error: missing ';' before identifier 'code' [E:\sdi\project\vs_webp\CMakeFiles\CMakeTmp\cmTC_f3850.vcxproj]
E:\sdi\project\vs_webp\CMakeFiles\CMakeTmp\src.c(7,9): error C2065: 'code': undeclared identifier [E:\sdi\project\vs_webp\CMakeFiles\CMakeTmp\cmTC_f3850.vcxproj]
E:\sdi\project\vs_webp\CMakeFiles\CMakeTmp\src.c(7,9): error C2143: syntax error: missing ';' before 'return' [E:\sdi\project\vs_webp\CMakeFiles\CMakeTmp\cmTC_f3850.vcxproj]
  cl /c /IE:\sdi\ext\libwebp /Zi /W3 /WX- /diagnostics:column /Od /Ob0 /Oy- /D _MBCS /D WIN32 /D _WINDOWS /D WEBP_HAVE_FLAG_NEON /D "CMAKE_INTDIR=\"Debug\"" /Gm- /RTC1 /MDd /GS /fp:precise /Zc:wchar_t /Zc:forScope /Zc:inline /Fo"cmTC_f3850.dir\Debug\\" /Fd"cmTC_f3850.dir\Debug\vc142.pdb" /external:W3 /Gd /TC /analyze- /errorReport:queue E:\sdi\project\vs_webp\CMakeFiles\CMakeTmp\src.c


Source file was:

      #include "E:/sdi/ext/libwebp/cmake/../src/dsp/dsp.h"
      int main(void) {
        #if !defined(WEBP_USE_NEON)
        this is not valid code
        #endif
        return 0;
      }
    
Performing C SOURCE FILE Test WEBP_HAVE_FLAG_NEON failed with the following output:
Change Dir: E:/sdi/project/vs_webp/CMakeFiles/CMakeTmp

Run Build Command(s):C:/Program Files/Microsoft Visual Studio/2022/Preview/MSBuild/Current/Bin/amd64/MSBuild.exe cmTC_849e7.vcxproj /p:Configuration=Debug /p:Platform=Win32 /p:VisualStudioVersion=17.0 /v:m && Microsoft (R) Build Engine version 17.0.0-preview-21329-01+1b7661f36 for .NET Framework
Copyright (C) Microsoft Corporation. All rights reserved.

  Microsoft (R) C/C++ Optimizing Compiler Version 19.30.30401 for x86
  Copyright (C) Microsoft Corporation.  All rights reserved.
  cl /c /IE:\sdi\ext\libwebp /Zi /W3 /WX- /diagnostics:column /Od /Ob0 /Oy- /D _MBCS /D WIN32 /D _WINDOWS /D WEBP_HAVE_FLAG_NEON /D "CMAKE_INTDIR=\"Debug\"" /Gm- /RTC1 /MDd /GS /fp:precise /Zc:wchar_t /Zc:forScope /Zc:inline /Fo"cmTC_849e7.dir\Debug\\" /Fd"cmTC_849e7.dir\Debug\vc142.pdb" /external:W3 /Gd /TC /analyze- /errorReport:queue  NOTFOUND E:\sdi\project\vs_webp\CMakeFiles\CMakeTmp\src.c
  NOTFOUND
c1 : fatal error C1083: Cannot open source file: 'NOTFOUND': No such file or directory [E:\sdi\project\vs_webp\CMakeFiles\CMakeTmp\cmTC_849e7.vcxproj]
  src.c
E:\sdi\project\vs_webp\CMakeFiles\CMakeTmp\src.c(5,14): error C2065: 'this': undeclared identifier [E:\sdi\project\vs_webp\CMakeFiles\CMakeTmp\cmTC_849e7.vcxproj]
E:\sdi\project\vs_webp\CMakeFiles\CMakeTmp\src.c(5,14): error C2146: syntax error: missing ';' before identifier 'is' [E:\sdi\project\vs_webp\CMakeFiles\CMakeTmp\cmTC_849e7.vcxproj]
E:\sdi\project\vs_webp\CMakeFiles\CMakeTmp\src.c(5,17): error C2065: 'is': undeclared identifier [E:\sdi\project\vs_webp\CMakeFiles\CMakeTmp\cmTC_849e7.vcxproj]
E:\sdi\project\vs_webp\CMakeFiles\CMakeTmp\src.c(5,17): error C2146: syntax error: missing ';' before identifier 'not' [E:\sdi\project\vs_webp\CMakeFiles\CMakeTmp\cmTC_849e7.vcxproj]
E:\sdi\project\vs_webp\CMakeFiles\CMakeTmp\src.c(5,21): error C2065: 'not': undeclared identifier [E:\sdi\project\vs_webp\CMakeFiles\CMakeTmp\cmTC_849e7.vcxproj]
E:\sdi\project\vs_webp\CMakeFiles\CMakeTmp\src.c(5,21): error C2146: syntax error: missing ';' before identifier 'valid' [E:\sdi\project\vs_webp\CMakeFiles\CMakeTmp\cmTC_849e7.vcxproj]
E:\sdi\project\vs_webp\CMakeFiles\CMakeTmp\src.c(5,27): error C2065: 'valid': undeclared identifier [E:\sdi\project\vs_webp\CMakeFiles\CMakeTmp\cmTC_849e7.vcxproj]
E:\sdi\project\vs_webp\CMakeFiles\CMakeTmp\src.c(5,27): error C2146: syntax error: missing ';' before identifier 'code' [E:\sdi\project\vs_webp\CMakeFiles\CMakeTmp\cmTC_849e7.vcxproj]
E:\sdi\project\vs_webp\CMakeFiles\CMakeTmp\src.c(7,9): error C2065: 'code': undeclared identifier [E:\sdi\project\vs_webp\CMakeFiles\CMakeTmp\cmTC_849e7.vcxproj]
E:\sdi\project\vs_webp\CMakeFiles\CMakeTmp\src.c(7,9): error C2143: syntax error: missing ';' before 'return' [E:\sdi\project\vs_webp\CMakeFiles\CMakeTmp\cmTC_849e7.vcxproj]
  Generating Code...


Source file was:

      #include "E:/sdi/ext/libwebp/cmake/../src/dsp/dsp.h"
      int main(void) {
        #if !defined(WEBP_USE_NEON)
        this is not valid code
        #endif
        return 0;
      }
    
Performing C SOURCE FILE Test WEBP_HAVE_FLAG_MSA failed with the following output:
Change Dir: E:/sdi/project/vs_webp/CMakeFiles/CMakeTmp

Run Build Command(s):C:/Program Files/Microsoft Visual Studio/2022/Preview/MSBuild/Current/Bin/amd64/MSBuild.exe cmTC_7ea1d.vcxproj /p:Configuration=Debug /p:Platform=Win32 /p:VisualStudioVersion=17.0 /v:m && Microsoft (R) Build Engine version 17.0.0-preview-21329-01+1b7661f36 for .NET Framework
Copyright (C) Microsoft Corporation. All rights reserved.

  Microsoft (R) C/C++ Optimizing Compiler Version 19.30.30401 for x86
  Copyright (C) Microsoft Corporation.  All rights reserved.
  cl /c /IE:\sdi\ext\libwebp /Zi /W3 /WX- /diagnostics:column /Od /Ob0 /Oy- /D _MBCS /D WIN32 /D _WINDOWS /D WEBP_HAVE_FLAG_MSA /D "CMAKE_INTDIR=\"Debug\"" /Gm- /RTC1 /MDd /GS /fp:precise /Zc:wchar_t /Zc:forScope /Zc:inline /Fo"cmTC_7ea1d.dir\Debug\\" /Fd"cmTC_7ea1d.dir\Debug\vc142.pdb" /external:W3 /Gd /TC /analyze- /errorReport:queue E:\sdi\project\vs_webp\CMakeFiles\CMakeTmp\src.c
  src.c
E:\sdi\project\vs_webp\CMakeFiles\CMakeTmp\src.c(5,14): error C2065: 'this': undeclared identifier [E:\sdi\project\vs_webp\CMakeFiles\CMakeTmp\cmTC_7ea1d.vcxproj]
E:\sdi\project\vs_webp\CMakeFiles\CMakeTmp\src.c(5,14): error C2146: syntax error: missing ';' before identifier 'is' [E:\sdi\project\vs_webp\CMakeFiles\CMakeTmp\cmTC_7ea1d.vcxproj]
E:\sdi\project\vs_webp\CMakeFiles\CMakeTmp\src.c(5,17): error C2065: 'is': undeclared identifier [E:\sdi\project\vs_webp\CMakeFiles\CMakeTmp\cmTC_7ea1d.vcxproj]
E:\sdi\project\vs_webp\CMakeFiles\CMakeTmp\src.c(5,17): error C2146: syntax error: missing ';' before identifier 'not' [E:\sdi\project\vs_webp\CMakeFiles\CMakeTmp\cmTC_7ea1d.vcxproj]
E:\sdi\project\vs_webp\CMakeFiles\CMakeTmp\src.c(5,21): error C2065: 'not': undeclared identifier [E:\sdi\project\vs_webp\CMakeFiles\CMakeTmp\cmTC_7ea1d.vcxproj]
E:\sdi\project\vs_webp\CMakeFiles\CMakeTmp\src.c(5,21): error C2146: syntax error: missing ';' before identifier 'valid' [E:\sdi\project\vs_webp\CMakeFiles\CMakeTmp\cmTC_7ea1d.vcxproj]
E:\sdi\project\vs_webp\CMakeFiles\CMakeTmp\src.c(5,27): error C2065: 'valid': undeclared identifier [E:\sdi\project\vs_webp\CMakeFiles\CMakeTmp\cmTC_7ea1d.vcxproj]
E:\sdi\project\vs_webp\CMakeFiles\CMakeTmp\src.c(5,27): error C2146: syntax error: missing ';' before identifier 'code' [E:\sdi\project\vs_webp\CMakeFiles\CMakeTmp\cmTC_7ea1d.vcxproj]
E:\sdi\project\vs_webp\CMakeFiles\CMakeTmp\src.c(7,9): error C2065: 'code': undeclared identifier [E:\sdi\project\vs_webp\CMakeFiles\CMakeTmp\cmTC_7ea1d.vcxproj]
E:\sdi\project\vs_webp\CMakeFiles\CMakeTmp\src.c(7,9): error C2143: syntax error: missing ';' before 'return' [E:\sdi\project\vs_webp\CMakeFiles\CMakeTmp\cmTC_7ea1d.vcxproj]


Source file was:

      #include "E:/sdi/ext/libwebp/cmake/../src/dsp/dsp.h"
      int main(void) {
        #if !defined(WEBP_USE_MSA)
        this is not valid code
        #endif
        return 0;
      }
    
Performing C SOURCE FILE Test WEBP_HAVE_FLAG_MSA failed with the following output:
Change Dir: E:/sdi/project/vs_webp/CMakeFiles/CMakeTmp

Run Build Command(s):C:/Program Files/Microsoft Visual Studio/2022/Preview/MSBuild/Current/Bin/amd64/MSBuild.exe cmTC_b50b9.vcxproj /p:Configuration=Debug /p:Platform=Win32 /p:VisualStudioVersion=17.0 /v:m && Microsoft (R) Build Engine version 17.0.0-preview-21329-01+1b7661f36 for .NET Framework
Copyright (C) Microsoft Corporation. All rights reserved.

  Microsoft (R) C/C++ Optimizing Compiler Version 19.30.30401 for x86
  Copyright (C) Microsoft Corporation.  All rights reserved.
  cl /c /IE:\sdi\ext\libwebp /Zi /W3 /WX- /diagnostics:column /Od /Ob0 /Oy- /D _MBCS /D WIN32 /D _WINDOWS /D WEBP_HAVE_FLAG_MSA /D "CMAKE_INTDIR=\"Debug\"" /Gm- /RTC1 /MDd /GS /fp:precise /Zc:wchar_t /Zc:forScope /Zc:inline /Fo"cmTC_b50b9.dir\Debug\\" /Fd"cmTC_b50b9.dir\Debug\vc142.pdb" /external:W3 /Gd /TC /analyze- /errorReport:queue  NOTFOUND E:\sdi\project\vs_webp\CMakeFiles\CMakeTmp\src.c
  NOTFOUND
c1 : fatal error C1083: Cannot open source file: 'NOTFOUND': No such file or directory [E:\sdi\project\vs_webp\CMakeFiles\CMakeTmp\cmTC_b50b9.vcxproj]
  src.c
E:\sdi\project\vs_webp\CMakeFiles\CMakeTmp\src.c(5,14): error C2065: 'this': undeclared identifier [E:\sdi\project\vs_webp\CMakeFiles\CMakeTmp\cmTC_b50b9.vcxproj]
E:\sdi\project\vs_webp\CMakeFiles\CMakeTmp\src.c(5,14): error C2146: syntax error: missing ';' before identifier 'is' [E:\sdi\project\vs_webp\CMakeFiles\CMakeTmp\cmTC_b50b9.vcxproj]
E:\sdi\project\vs_webp\CMakeFiles\CMakeTmp\src.c(5,17): error C2065: 'is': undeclared identifier [E:\sdi\project\vs_webp\CMakeFiles\CMakeTmp\cmTC_b50b9.vcxproj]
E:\sdi\project\vs_webp\CMakeFiles\CMakeTmp\src.c(5,17): error C2146: syntax error: missing ';' before identifier 'not' [E:\sdi\project\vs_webp\CMakeFiles\CMakeTmp\cmTC_b50b9.vcxproj]
E:\sdi\project\vs_webp\CMakeFiles\CMakeTmp\src.c(5,21): error C2065: 'not': undeclared identifier [E:\sdi\project\vs_webp\CMakeFiles\CMakeTmp\cmTC_b50b9.vcxproj]
E:\sdi\project\vs_webp\CMakeFiles\CMakeTmp\src.c(5,21): error C2146: syntax error: missing ';' before identifier 'valid' [E:\sdi\project\vs_webp\CMakeFiles\CMakeTmp\cmTC_b50b9.vcxproj]
E:\sdi\project\vs_webp\CMakeFiles\CMakeTmp\src.c(5,27): error C2065: 'valid': undeclared identifier [E:\sdi\project\vs_webp\CMakeFiles\CMakeTmp\cmTC_b50b9.vcxproj]
E:\sdi\project\vs_webp\CMakeFiles\CMakeTmp\src.c(5,27): error C2146: syntax error: missing ';' before identifier 'code' [E:\sdi\project\vs_webp\CMakeFiles\CMakeTmp\cmTC_b50b9.vcxproj]
E:\sdi\project\vs_webp\CMakeFiles\CMakeTmp\src.c(7,9): error C2065: 'code': undeclared identifier [E:\sdi\project\vs_webp\CMakeFiles\CMakeTmp\cmTC_b50b9.vcxproj]
E:\sdi\project\vs_webp\CMakeFiles\CMakeTmp\src.c(7,9): error C2143: syntax error: missing ';' before 'return' [E:\sdi\project\vs_webp\CMakeFiles\CMakeTmp\cmTC_b50b9.vcxproj]
  Generating Code...


Source file was:

      #include "E:/sdi/ext/libwebp/cmake/../src/dsp/dsp.h"
      int main(void) {
        #if !defined(WEBP_USE_MSA)
        this is not valid code
        #endif
        return 0;
      }
    
Performing C SOURCE FILE Test WEBP_HAVE_FLAG_MIPS32 failed with the following output:
Change Dir: E:/sdi/project/vs_webp/CMakeFiles/CMakeTmp

Run Build Command(s):C:/Program Files/Microsoft Visual Studio/2022/Preview/MSBuild/Current/Bin/amd64/MSBuild.exe cmTC_e2303.vcxproj /p:Configuration=Debug /p:Platform=Win32 /p:VisualStudioVersion=17.0 /v:m && Microsoft (R) Build Engine  17.0.0-preview-21329-01+1b7661f36  .NET Framework
(C)   (Microsoft Corporation).   .

  Microsoft (R) C/C++ Optimizing Compiler Version 19.30.30401 for x86
  Copyright (C) Microsoft Corporation.  All rights reserved.
  cl /c /IE:\sdi\ext\libwebp /Zi /W3 /WX- /diagnostics:column /Od /Ob0 /Oy- /D _MBCS /D WIN32 /D _WINDOWS /D WEBP_HAVE_FLAG_MIPS32 /D "CMAKE_INTDIR=\"Debug\"" /Gm- /RTC1 /MDd /GS /fp:precise /Zc:wchar_t /Zc:forScope /Zc:inline /Fo"cmTC_e2303.dir\Debug\\" /Fd"cmTC_e2303.dir\Debug\vc142.pdb" /external:W3 /Gd /TC /analyze- /errorReport:queue E:\sdi\project\vs_webp\CMakeFiles\CMakeTmp\src.c
  src.c
E:\sdi\project\vs_webp\CMakeFiles\CMakeTmp\src.c(5,14): error C2065: 'this': undeclared identifier [E:\sdi\project\vs_webp\CMakeFiles\CMakeTmp\cmTC_e2303.vcxproj]
E:\sdi\project\vs_webp\CMakeFiles\CMakeTmp\src.c(5,14): error C2146: syntax error: missing ';' before identifier 'is' [E:\sdi\project\vs_webp\CMakeFiles\CMakeTmp\cmTC_e2303.vcxproj]
E:\sdi\project\vs_webp\CMakeFiles\CMakeTmp\src.c(5,17): error C2065: 'is': undeclared identifier [E:\sdi\project\vs_webp\CMakeFiles\CMakeTmp\cmTC_e2303.vcxproj]
E:\sdi\project\vs_webp\CMakeFiles\CMakeTmp\src.c(5,17): error C2146: syntax error: missing ';' before identifier 'not' [E:\sdi\project\vs_webp\CMakeFiles\CMakeTmp\cmTC_e2303.vcxproj]
E:\sdi\project\vs_webp\CMakeFiles\CMakeTmp\src.c(5,21): error C2065: 'not': undeclared identifier [E:\sdi\project\vs_webp\CMakeFiles\CMakeTmp\cmTC_e2303.vcxproj]
E:\sdi\project\vs_webp\CMakeFiles\CMakeTmp\src.c(5,21): error C2146: syntax error: missing ';' before identifier 'valid' [E:\sdi\project\vs_webp\CMakeFiles\CMakeTmp\cmTC_e2303.vcxproj]
E:\sdi\project\vs_webp\CMakeFiles\CMakeTmp\src.c(5,27): error C2065: 'valid': undeclared identifier [E:\sdi\project\vs_webp\CMakeFiles\CMakeTmp\cmTC_e2303.vcxproj]
E:\sdi\project\vs_webp\CMakeFiles\CMakeTmp\src.c(5,27): error C2146: syntax error: missing ';' before identifier 'code' [E:\sdi\project\vs_webp\CMakeFiles\CMakeTmp\cmTC_e2303.vcxproj]
E:\sdi\project\vs_webp\CMakeFiles\CMakeTmp\src.c(7,9): error C2065: 'code': undeclared identifier [E:\sdi\project\vs_webp\CMakeFiles\CMakeTmp\cmTC_e2303.vcxproj]
E:\sdi\project\vs_webp\CMakeFiles\CMakeTmp\src.c(7,9): error C2143: syntax error: missing ';' before 'return' [E:\sdi\project\vs_webp\CMakeFiles\CMakeTmp\cmTC_e2303.vcxproj]


Source file was:

      #include "E:/sdi/ext/libwebp/cmake/../src/dsp/dsp.h"
      int main(void) {
        #if !defined(WEBP_USE_MIPS32)
        this is not valid code
        #endif
        return 0;
      }
    
Performing C SOURCE FILE Test WEBP_HAVE_FLAG_MIPS32 failed with the following output:
Change Dir: E:/sdi/project/vs_webp/CMakeFiles/CMakeTmp

Run Build Command(s):C:/Program Files/Microsoft Visual Studio/2022/Preview/MSBuild/Current/Bin/amd64/MSBuild.exe cmTC_2b231.vcxproj /p:Configuration=Debug /p:Platform=Win32 /p:VisualStudioVersion=17.0 /v:m && Microsoft (R) Build Engine  17.0.0-preview-21329-01+1b7661f36  .NET Framework
(C)   (Microsoft Corporation).   .

  Microsoft (R) C/C++ Optimizing Compiler Version 19.30.30401 for x86
  Copyright (C) Microsoft Corporation.  All rights reserved.
  cl /c /IE:\sdi\ext\libwebp /Zi /W3 /WX- /diagnostics:column /Od /Ob0 /Oy- /D _MBCS /D WIN32 /D _WINDOWS /D WEBP_HAVE_FLAG_MIPS32 /D "CMAKE_INTDIR=\"Debug\"" /Gm- /RTC1 /MDd /GS /fp:precise /Zc:wchar_t /Zc:forScope /Zc:inline /Fo"cmTC_2b231.dir\Debug\\" /Fd"cmTC_2b231.dir\Debug\vc142.pdb" /external:W3 /Gd /TC /analyze- /errorReport:queue  NOTFOUND E:\sdi\project\vs_webp\CMakeFiles\CMakeTmp\src.c
  NOTFOUND
c1 : fatal error C1083: Cannot open source file: 'NOTFOUND': No such file or directory [E:\sdi\project\vs_webp\CMakeFiles\CMakeTmp\cmTC_2b231.vcxproj]
  src.c
E:\sdi\project\vs_webp\CMakeFiles\CMakeTmp\src.c(5,14): error C2065: 'this': undeclared identifier [E:\sdi\project\vs_webp\CMakeFiles\CMakeTmp\cmTC_2b231.vcxproj]
E:\sdi\project\vs_webp\CMakeFiles\CMakeTmp\src.c(5,14): error C2146: syntax error: missing ';' before identifier 'is' [E:\sdi\project\vs_webp\CMakeFiles\CMakeTmp\cmTC_2b231.vcxproj]
E:\sdi\project\vs_webp\CMakeFiles\CMakeTmp\src.c(5,17): error C2065: 'is': undeclared identifier [E:\sdi\project\vs_webp\CMakeFiles\CMakeTmp\cmTC_2b231.vcxproj]
E:\sdi\project\vs_webp\CMakeFiles\CMakeTmp\src.c(5,17): error C2146: syntax error: missing ';' before identifier 'not' [E:\sdi\project\vs_webp\CMakeFiles\CMakeTmp\cmTC_2b231.vcxproj]
E:\sdi\project\vs_webp\CMakeFiles\CMakeTmp\src.c(5,21): error C2065: 'not': undeclared identifier [E:\sdi\project\vs_webp\CMakeFiles\CMakeTmp\cmTC_2b231.vcxproj]
E:\sdi\project\vs_webp\CMakeFiles\CMakeTmp\src.c(5,21): error C2146: syntax error: missing ';' before identifier 'valid' [E:\sdi\project\vs_webp\CMakeFiles\CMakeTmp\cmTC_2b231.vcxproj]
E:\sdi\project\vs_webp\CMakeFiles\CMakeTmp\src.c(5,27): error C2065: 'valid': undeclared identifier [E:\sdi\project\vs_webp\CMakeFiles\CMakeTmp\cmTC_2b231.vcxproj]
E:\sdi\project\vs_webp\CMakeFiles\CMakeTmp\src.c(5,27): error C2146: syntax error: missing ';' before identifier 'code' [E:\sdi\project\vs_webp\CMakeFiles\CMakeTmp\cmTC_2b231.vcxproj]
E:\sdi\project\vs_webp\CMakeFiles\CMakeTmp\src.c(7,9): error C2065: 'code': undeclared identifier [E:\sdi\project\vs_webp\CMakeFiles\CMakeTmp\cmTC_2b231.vcxproj]
E:\sdi\project\vs_webp\CMakeFiles\CMakeTmp\src.c(7,9): error C2143: syntax error: missing ';' before 'return' [E:\sdi\project\vs_webp\CMakeFiles\CMakeTmp\cmTC_2b231.vcxproj]
  Generating Code...


Source file was:

      #include "E:/sdi/ext/libwebp/cmake/../src/dsp/dsp.h"
      int main(void) {
        #if !defined(WEBP_USE_MIPS32)
        this is not valid code
        #endif
        return 0;
      }
    
Performing C SOURCE FILE Test WEBP_HAVE_FLAG_MIPS_DSP_R2 failed with the following output:
Change Dir: E:/sdi/project/vs_webp/CMakeFiles/CMakeTmp

Run Build Command(s):C:/Program Files/Microsoft Visual Studio/2022/Preview/MSBuild/Current/Bin/amd64/MSBuild.exe cmTC_e38ea.vcxproj /p:Configuration=Debug /p:Platform=Win32 /p:VisualStudioVersion=17.0 /v:m && Microsoft (R) Build Engine  17.0.0-preview-21329-01+1b7661f36  .NET Framework
(C)   (Microsoft Corporation).   .

  Microsoft (R) C/C++ Optimizing Compiler Version 19.30.30401 for x86
  Copyright (C) Microsoft Corporation.  All rights reserved.
  cl /c /IE:\sdi\ext\libwebp /Zi /W3 /WX- /diagnostics:column /Od /Ob0 /Oy- /D _MBCS /D WIN32 /D _WINDOWS /D WEBP_HAVE_FLAG_MIPS_DSP_R2 /D "CMAKE_INTDIR=\"Debug\"" /Gm- /RTC1 /MDd /GS /fp:precise /Zc:wchar_t /Zc:forScope /Zc:inline /Fo"cmTC_e38ea.dir\Debug\\" /Fd"cmTC_e38ea.dir\Debug\vc142.pdb" /external:W3 /Gd /TC /analyze- /errorReport:queue E:\sdi\project\vs_webp\CMakeFiles\CMakeTmp\src.c
  src.c
E:\sdi\project\vs_webp\CMakeFiles\CMakeTmp\src.c(5,14): error C2065: 'this': undeclared identifier [E:\sdi\project\vs_webp\CMakeFiles\CMakeTmp\cmTC_e38ea.vcxproj]
E:\sdi\project\vs_webp\CMakeFiles\CMakeTmp\src.c(5,14): error C2146: syntax error: missing ';' before identifier 'is' [E:\sdi\project\vs_webp\CMakeFiles\CMakeTmp\cmTC_e38ea.vcxproj]
E:\sdi\project\vs_webp\CMakeFiles\CMakeTmp\src.c(5,17): error C2065: 'is': undeclared identifier [E:\sdi\project\vs_webp\CMakeFiles\CMakeTmp\cmTC_e38ea.vcxproj]
E:\sdi\project\vs_webp\CMakeFiles\CMakeTmp\src.c(5,17): error C2146: syntax error: missing ';' before identifier 'not' [E:\sdi\project\vs_webp\CMakeFiles\CMakeTmp\cmTC_e38ea.vcxproj]
E:\sdi\project\vs_webp\CMakeFiles\CMakeTmp\src.c(5,21): error C2065: 'not': undeclared identifier [E:\sdi\project\vs_webp\CMakeFiles\CMakeTmp\cmTC_e38ea.vcxproj]
E:\sdi\project\vs_webp\CMakeFiles\CMakeTmp\src.c(5,21): error C2146: syntax error: missing ';' before identifier 'valid' [E:\sdi\project\vs_webp\CMakeFiles\CMakeTmp\cmTC_e38ea.vcxproj]
E:\sdi\project\vs_webp\CMakeFiles\CMakeTmp\src.c(5,27): error C2065: 'valid': undeclared identifier [E:\sdi\project\vs_webp\CMakeFiles\CMakeTmp\cmTC_e38ea.vcxproj]
E:\sdi\project\vs_webp\CMakeFiles\CMakeTmp\src.c(5,27): error C2146: syntax error: missing ';' before identifier 'code' [E:\sdi\project\vs_webp\CMakeFiles\CMakeTmp\cmTC_e38ea.vcxproj]
E:\sdi\project\vs_webp\CMakeFiles\CMakeTmp\src.c(7,9): error C2065: 'code': undeclared identifier [E:\sdi\project\vs_webp\CMakeFiles\CMakeTmp\cmTC_e38ea.vcxproj]
E:\sdi\project\vs_webp\CMakeFiles\CMakeTmp\src.c(7,9): error C2143: syntax error: missing ';' before 'return' [E:\sdi\project\vs_webp\CMakeFiles\CMakeTmp\cmTC_e38ea.vcxproj]


Source file was:

      #include "E:/sdi/ext/libwebp/cmake/../src/dsp/dsp.h"
      int main(void) {
        #if !defined(WEBP_USE_MIPS_DSP_R2)
        this is not valid code
        #endif
        return 0;
      }
    
Performing C SOURCE FILE Test WEBP_HAVE_FLAG_MIPS_DSP_R2 failed with the following output:
Change Dir: E:/sdi/project/vs_webp/CMakeFiles/CMakeTmp

Run Build Command(s):C:/Program Files/Microsoft Visual Studio/2022/Preview/MSBuild/Current/Bin/amd64/MSBuild.exe cmTC_e5430.vcxproj /p:Configuration=Debug /p:Platform=Win32 /p:VisualStudioVersion=17.0 /v:m && Microsoft (R) Build Engine  17.0.0-preview-21329-01+1b7661f36  .NET Framework
(C)   (Microsoft Corporation).   .

  Microsoft (R) C/C++ Optimizing Compiler Version 19.30.30401 for x86
  Copyright (C) Microsoft Corporation.  All rights reserved.
  cl /c /IE:\sdi\ext\libwebp /Zi /W3 /WX- /diagnostics:column /Od /Ob0 /Oy- /D _MBCS /D WIN32 /D _WINDOWS /D WEBP_HAVE_FLAG_MIPS_DSP_R2 /D "CMAKE_INTDIR=\"Debug\"" /Gm- /RTC1 /MDd /GS /fp:precise /Zc:wchar_t /Zc:forScope /Zc:inline /Fo"cmTC_e5430.dir\Debug\\" /Fd"cmTC_e5430.dir\Debug\vc142.pdb" /external:W3 /Gd /TC /analyze- /errorReport:queue  NOTFOUND E:\sdi\project\vs_webp\CMakeFiles\CMakeTmp\src.c
  NOTFOUND
c1 : fatal error C1083: Cannot open source file: 'NOTFOUND': No such file or directory [E:\sdi\project\vs_webp\CMakeFiles\CMakeTmp\cmTC_e5430.vcxproj]
  src.c
E:\sdi\project\vs_webp\CMakeFiles\CMakeTmp\src.c(5,14): error C2065: 'this': undeclared identifier [E:\sdi\project\vs_webp\CMakeFiles\CMakeTmp\cmTC_e5430.vcxproj]
E:\sdi\project\vs_webp\CMakeFiles\CMakeTmp\src.c(5,14): error C2146: syntax error: missing ';' before identifier 'is' [E:\sdi\project\vs_webp\CMakeFiles\CMakeTmp\cmTC_e5430.vcxproj]
E:\sdi\project\vs_webp\CMakeFiles\CMakeTmp\src.c(5,17): error C2065: 'is': undeclared identifier [E:\sdi\project\vs_webp\CMakeFiles\CMakeTmp\cmTC_e5430.vcxproj]
E:\sdi\project\vs_webp\CMakeFiles\CMakeTmp\src.c(5,17): error C2146: syntax error: missing ';' before identifier 'not' [E:\sdi\project\vs_webp\CMakeFiles\CMakeTmp\cmTC_e5430.vcxproj]
E:\sdi\project\vs_webp\CMakeFiles\CMakeTmp\src.c(5,21): error C2065: 'not': undeclared identifier [E:\sdi\project\vs_webp\CMakeFiles\CMakeTmp\cmTC_e5430.vcxproj]
E:\sdi\project\vs_webp\CMakeFiles\CMakeTmp\src.c(5,21): error C2146: syntax error: missing ';' before identifier 'valid' [E:\sdi\project\vs_webp\CMakeFiles\CMakeTmp\cmTC_e5430.vcxproj]
E:\sdi\project\vs_webp\CMakeFiles\CMakeTmp\src.c(5,27): error C2065: 'valid': undeclared identifier [E:\sdi\project\vs_webp\CMakeFiles\CMakeTmp\cmTC_e5430.vcxproj]
E:\sdi\project\vs_webp\CMakeFiles\CMakeTmp\src.c(5,27): error C2146: syntax error: missing ';' before identifier 'code' [E:\sdi\project\vs_webp\CMakeFiles\CMakeTmp\cmTC_e5430.vcxproj]
E:\sdi\project\vs_webp\CMakeFiles\CMakeTmp\src.c(7,9): error C2065: 'code': undeclared identifier [E:\sdi\project\vs_webp\CMakeFiles\CMakeTmp\cmTC_e5430.vcxproj]
E:\sdi\project\vs_webp\CMakeFiles\CMakeTmp\src.c(7,9): error C2143: syntax error: missing ';' before 'return' [E:\sdi\project\vs_webp\CMakeFiles\CMakeTmp\cmTC_e5430.vcxproj]
  Generating Code...


Source file was:

      #include "E:/sdi/ext/libwebp/cmake/../src/dsp/dsp.h"
      int main(void) {
        #if !defined(WEBP_USE_MIPS_DSP_R2)
        this is not valid code
        #endif
        return 0;
      }
    
Performing C SOURCE FILE Test WEBP_HAVE_FLAG_NEON failed with the following output:
Change Dir: E:/sdi/project/vs_webp/CMakeFiles/CMakeTmp

Run Build Command(s):C:/Program Files/Microsoft Visual Studio/2022/Preview/MSBuild/Current/Bin/amd64/MSBuild.exe cmTC_095a4.vcxproj /p:Configuration=Debug /p:Platform=Win32 /p:VisualStudioVersion=17.0 /v:m && Microsoft (R) Build Engine  17.0.0-preview-21329-01+1b7661f36  .NET Framework
(C)   (Microsoft Corporation).   .

  Microsoft (R) C/C++ Optimizing Compiler Version 19.30.30401 for x86
  Copyright (C) Microsoft Corporation.  All rights reserved.
  cl /c /IE:\sdi\ext\libwebp /Zi /W3 /WX- /diagnostics:column /Od /Ob0 /Oy- /D _MBCS /D WIN32 /D _WINDOWS /D WEBP_HAVE_FLAG_NEON /D "CMAKE_INTDIR=\"Debug\"" /Gm- /RTC1 /MDd /GS /fp:precise /Zc:wchar_t /Zc:forScope /Zc:inline /Fo"cmTC_095a4.dir\Debug\\" /Fd"cmTC_095a4.dir\Debug\vc142.pdb" /external:W3 /Gd /TC /analyze- /errorReport:queue E:\sdi\project\vs_webp\CMakeFiles\CMakeTmp\src.c
  src.c
E:\sdi\project\vs_webp\CMakeFiles\CMakeTmp\src.c(5,14): error C2065: 'this': undeclared identifier [E:\sdi\project\vs_webp\CMakeFiles\CMakeTmp\cmTC_095a4.vcxproj]
E:\sdi\project\vs_webp\CMakeFiles\CMakeTmp\src.c(5,14): error C2146: syntax error: missing ';' before identifier 'is' [E:\sdi\project\vs_webp\CMakeFiles\CMakeTmp\cmTC_095a4.vcxproj]
E:\sdi\project\vs_webp\CMakeFiles\CMakeTmp\src.c(5,17): error C2065: 'is': undeclared identifier [E:\sdi\project\vs_webp\CMakeFiles\CMakeTmp\cmTC_095a4.vcxproj]
E:\sdi\project\vs_webp\CMakeFiles\CMakeTmp\src.c(5,17): error C2146: syntax error: missing ';' before identifier 'not' [E:\sdi\project\vs_webp\CMakeFiles\CMakeTmp\cmTC_095a4.vcxproj]
E:\sdi\project\vs_webp\CMakeFiles\CMakeTmp\src.c(5,21): error C2065: 'not': undeclared identifier [E:\sdi\project\vs_webp\CMakeFiles\CMakeTmp\cmTC_095a4.vcxproj]
E:\sdi\project\vs_webp\CMakeFiles\CMakeTmp\src.c(5,21): error C2146: syntax error: missing ';' before identifier 'valid' [E:\sdi\project\vs_webp\CMakeFiles\CMakeTmp\cmTC_095a4.vcxproj]
E:\sdi\project\vs_webp\CMakeFiles\CMakeTmp\src.c(5,27): error C2065: 'valid': undeclared identifier [E:\sdi\project\vs_webp\CMakeFiles\CMakeTmp\cmTC_095a4.vcxproj]
E:\sdi\project\vs_webp\CMakeFiles\CMakeTmp\src.c(5,27): error C2146: syntax error: missing ';' before identifier 'code' [E:\sdi\project\vs_webp\CMakeFiles\CMakeTmp\cmTC_095a4.vcxproj]
E:\sdi\project\vs_webp\CMakeFiles\CMakeTmp\src.c(7,9): error C2065: 'code': undeclared identifier [E:\sdi\project\vs_webp\CMakeFiles\CMakeTmp\cmTC_095a4.vcxproj]
E:\sdi\project\vs_webp\CMakeFiles\CMakeTmp\src.c(7,9): error C2143: syntax error: missing ';' before 'return' [E:\sdi\project\vs_webp\CMakeFiles\CMakeTmp\cmTC_095a4.vcxproj]


Source file was:

      #include "E:/sdi/ext/libwebp/cmake/../src/dsp/dsp.h"
      int main(void) {
        #if !defined(WEBP_USE_NEON)
        this is not valid code
        #endif
        return 0;
      }
    
Performing C SOURCE FILE Test WEBP_HAVE_FLAG_NEON failed with the following output:
Change Dir: E:/sdi/project/vs_webp/CMakeFiles/CMakeTmp

Run Build Command(s):C:/Program Files/Microsoft Visual Studio/2022/Preview/MSBuild/Current/Bin/amd64/MSBuild.exe cmTC_e610b.vcxproj /p:Configuration=Debug /p:Platform=Win32 /p:VisualStudioVersion=17.0 /v:m && Microsoft (R) Build Engine  17.0.0-preview-21329-01+1b7661f36  .NET Framework
(C)   (Microsoft Corporation).   .

  Microsoft (R) C/C++ Optimizing Compiler Version 19.30.30401 for x86
  Copyright (C) Microsoft Corporation.  All rights reserved.
  cl /c /IE:\sdi\ext\libwebp /Zi /W3 /WX- /diagnostics:column /Od /Ob0 /Oy- /D _MBCS /D WIN32 /D _WINDOWS /D WEBP_HAVE_FLAG_NEON /D "CMAKE_INTDIR=\"Debug\"" /Gm- /RTC1 /MDd /GS /fp:precise /Zc:wchar_t /Zc:forScope /Zc:inline /Fo"cmTC_e610b.dir\Debug\\" /Fd"cmTC_e610b.dir\Debug\vc142.pdb" /external:W3 /Gd /TC /analyze- /errorReport:queue  NOTFOUND E:\sdi\project\vs_webp\CMakeFiles\CMakeTmp\src.c
  NOTFOUND
c1 : fatal error C1083: Cannot open source file: 'NOTFOUND': No such file or directory [E:\sdi\project\vs_webp\CMakeFiles\CMakeTmp\cmTC_e610b.vcxproj]
  src.c
E:\sdi\project\vs_webp\CMakeFiles\CMakeTmp\src.c(5,14): error C2065: 'this': undeclared identifier [E:\sdi\project\vs_webp\CMakeFiles\CMakeTmp\cmTC_e610b.vcxproj]
E:\sdi\project\vs_webp\CMakeFiles\CMakeTmp\src.c(5,14): error C2146: syntax error: missing ';' before identifier 'is' [E:\sdi\project\vs_webp\CMakeFiles\CMakeTmp\cmTC_e610b.vcxproj]
E:\sdi\project\vs_webp\CMakeFiles\CMakeTmp\src.c(5,17): error C2065: 'is': undeclared identifier [E:\sdi\project\vs_webp\CMakeFiles\CMakeTmp\cmTC_e610b.vcxproj]
E:\sdi\project\vs_webp\CMakeFiles\CMakeTmp\src.c(5,17): error C2146: syntax error: missing ';' before identifier 'not' [E:\sdi\project\vs_webp\CMakeFiles\CMakeTmp\cmTC_e610b.vcxproj]
E:\sdi\project\vs_webp\CMakeFiles\CMakeTmp\src.c(5,21): error C2065: 'not': undeclared identifier [E:\sdi\project\vs_webp\CMakeFiles\CMakeTmp\cmTC_e610b.vcxproj]
E:\sdi\project\vs_webp\CMakeFiles\CMakeTmp\src.c(5,21): error C2146: syntax error: missing ';' before identifier 'valid' [E:\sdi\project\vs_webp\CMakeFiles\CMakeTmp\cmTC_e610b.vcxproj]
E:\sdi\project\vs_webp\CMakeFiles\CMakeTmp\src.c(5,27): error C2065: 'valid': undeclared identifier [E:\sdi\project\vs_webp\CMakeFiles\CMakeTmp\cmTC_e610b.vcxproj]
E:\sdi\project\vs_webp\CMakeFiles\CMakeTmp\src.c(5,27): error C2146: syntax error: missing ';' before identifier 'code' [E:\sdi\project\vs_webp\CMakeFiles\CMakeTmp\cmTC_e610b.vcxproj]
E:\sdi\project\vs_webp\CMakeFiles\CMakeTmp\src.c(7,9): error C2065: 'code': undeclared identifier [E:\sdi\project\vs_webp\CMakeFiles\CMakeTmp\cmTC_e610b.vcxproj]
E:\sdi\project\vs_webp\CMakeFiles\CMakeTmp\src.c(7,9): error C2143: syntax error: missing ';' before 'return' [E:\sdi\project\vs_webp\CMakeFiles\CMakeTmp\cmTC_e610b.vcxproj]
  Generating Code...


Source file was:

      #include "E:/sdi/ext/libwebp/cmake/../src/dsp/dsp.h"
      int main(void) {
        #if !defined(WEBP_USE_NEON)
        this is not valid code
        #endif
        return 0;
      }
    
Performing C SOURCE FILE Test WEBP_HAVE_FLAG_MSA failed with the following output:
Change Dir: E:/sdi/project/vs_webp/CMakeFiles/CMakeTmp

Run Build Command(s):C:/Program Files/Microsoft Visual Studio/2022/Preview/MSBuild/Current/Bin/amd64/MSBuild.exe cmTC_c2c8a.vcxproj /p:Configuration=Debug /p:Platform=Win32 /p:VisualStudioVersion=17.0 /v:m && Microsoft (R) Build Engine  17.0.0-preview-21329-01+1b7661f36  .NET Framework
(C)   (Microsoft Corporation).   .

  Microsoft (R) C/C++ Optimizing Compiler Version 19.30.30401 for x86
  Copyright (C) Microsoft Corporation.  All rights reserved.
  cl /c /IE:\sdi\ext\libwebp /Zi /W3 /WX- /diagnostics:column /Od /Ob0 /Oy- /D _MBCS /D WIN32 /D _WINDOWS /D WEBP_HAVE_FLAG_MSA /D "CMAKE_INTDIR=\"Debug\"" /Gm- /RTC1 /MDd /GS /fp:precise /Zc:wchar_t /Zc:forScope /Zc:inline /Fo"cmTC_c2c8a.dir\Debug\\" /Fd"cmTC_c2c8a.dir\Debug\vc142.pdb" /external:W3 /Gd /TC /analyze- /errorReport:queue E:\sdi\project\vs_webp\CMakeFiles\CMakeTmp\src.c
  src.c
E:\sdi\project\vs_webp\CMakeFiles\CMakeTmp\src.c(5,14): error C2065: 'this': undeclared identifier [E:\sdi\project\vs_webp\CMakeFiles\CMakeTmp\cmTC_c2c8a.vcxproj]
E:\sdi\project\vs_webp\CMakeFiles\CMakeTmp\src.c(5,14): error C2146: syntax error: missing ';' before identifier 'is' [E:\sdi\project\vs_webp\CMakeFiles\CMakeTmp\cmTC_c2c8a.vcxproj]
E:\sdi\project\vs_webp\CMakeFiles\CMakeTmp\src.c(5,17): error C2065: 'is': undeclared identifier [E:\sdi\project\vs_webp\CMakeFiles\CMakeTmp\cmTC_c2c8a.vcxproj]
E:\sdi\project\vs_webp\CMakeFiles\CMakeTmp\src.c(5,17): error C2146: syntax error: missing ';' before identifier 'not' [E:\sdi\project\vs_webp\CMakeFiles\CMakeTmp\cmTC_c2c8a.vcxproj]
E:\sdi\project\vs_webp\CMakeFiles\CMakeTmp\src.c(5,21): error C2065: 'not': undeclared identifier [E:\sdi\project\vs_webp\CMakeFiles\CMakeTmp\cmTC_c2c8a.vcxproj]
E:\sdi\project\vs_webp\CMakeFiles\CMakeTmp\src.c(5,21): error C2146: syntax error: missing ';' before identifier 'valid' [E:\sdi\project\vs_webp\CMakeFiles\CMakeTmp\cmTC_c2c8a.vcxproj]
E:\sdi\project\vs_webp\CMakeFiles\CMakeTmp\src.c(5,27): error C2065: 'valid': undeclared identifier [E:\sdi\project\vs_webp\CMakeFiles\CMakeTmp\cmTC_c2c8a.vcxproj]
E:\sdi\project\vs_webp\CMakeFiles\CMakeTmp\src.c(5,27): error C2146: syntax error: missing ';' before identifier 'code' [E:\sdi\project\vs_webp\CMakeFiles\CMakeTmp\cmTC_c2c8a.vcxproj]
E:\sdi\project\vs_webp\CMakeFiles\CMakeTmp\src.c(7,9): error C2065: 'code': undeclared identifier [E:\sdi\project\vs_webp\CMakeFiles\CMakeTmp\cmTC_c2c8a.vcxproj]
E:\sdi\project\vs_webp\CMakeFiles\CMakeTmp\src.c(7,9): error C2143: syntax error: missing ';' before 'return' [E:\sdi\project\vs_webp\CMakeFiles\CMakeTmp\cmTC_c2c8a.vcxproj]


Source file was:

      #include "E:/sdi/ext/libwebp/cmake/../src/dsp/dsp.h"
      int main(void) {
        #if !defined(WEBP_USE_MSA)
        this is not valid code
        #endif
        return 0;
      }
    
Performing C SOURCE FILE Test WEBP_HAVE_FLAG_MSA failed with the following output:
Change Dir: E:/sdi/project/vs_webp/CMakeFiles/CMakeTmp

Run Build Command(s):C:/Program Files/Microsoft Visual Studio/2022/Preview/MSBuild/Current/Bin/amd64/MSBuild.exe cmTC_a11f9.vcxproj /p:Configuration=Debug /p:Platform=Win32 /p:VisualStudioVersion=17.0 /v:m && Microsoft (R) Build Engine  17.0.0-preview-21329-01+1b7661f36  .NET Framework
(C)   (Microsoft Corporation).   .

  Microsoft (R) C/C++ Optimizing Compiler Version 19.30.30401 for x86
  Copyright (C) Microsoft Corporation.  All rights reserved.
  cl /c /IE:\sdi\ext\libwebp /Zi /W3 /WX- /diagnostics:column /Od /Ob0 /Oy- /D _MBCS /D WIN32 /D _WINDOWS /D WEBP_HAVE_FLAG_MSA /D "CMAKE_INTDIR=\"Debug\"" /Gm- /RTC1 /MDd /GS /fp:precise /Zc:wchar_t /Zc:forScope /Zc:inline /Fo"cmTC_a11f9.dir\Debug\\" /Fd"cmTC_a11f9.dir\Debug\vc142.pdb" /external:W3 /Gd /TC /analyze- /errorReport:queue  NOTFOUND E:\sdi\project\vs_webp\CMakeFiles\CMakeTmp\src.c
  NOTFOUND
c1 : fatal error C1083: Cannot open source file: 'NOTFOUND': No such file or directory [E:\sdi\project\vs_webp\CMakeFiles\CMakeTmp\cmTC_a11f9.vcxproj]
  src.c
E:\sdi\project\vs_webp\CMakeFiles\CMakeTmp\src.c(5,14): error C2065: 'this': undeclared identifier [E:\sdi\project\vs_webp\CMakeFiles\CMakeTmp\cmTC_a11f9.vcxproj]
E:\sdi\project\vs_webp\CMakeFiles\CMakeTmp\src.c(5,14): error C2146: syntax error: missing ';' before identifier 'is' [E:\sdi\project\vs_webp\CMakeFiles\CMakeTmp\cmTC_a11f9.vcxproj]
E:\sdi\project\vs_webp\CMakeFiles\CMakeTmp\src.c(5,17): error C2065: 'is': undeclared identifier [E:\sdi\project\vs_webp\CMakeFiles\CMakeTmp\cmTC_a11f9.vcxproj]
E:\sdi\project\vs_webp\CMakeFiles\CMakeTmp\src.c(5,17): error C2146: syntax error: missing ';' before identifier 'not' [E:\sdi\project\vs_webp\CMakeFiles\CMakeTmp\cmTC_a11f9.vcxproj]
E:\sdi\project\vs_webp\CMakeFiles\CMakeTmp\src.c(5,21): error C2065: 'not': undeclared identifier [E:\sdi\project\vs_webp\CMakeFiles\CMakeTmp\cmTC_a11f9.vcxproj]
E:\sdi\project\vs_webp\CMakeFiles\CMakeTmp\src.c(5,21): error C2146: syntax error: missing ';' before identifier 'valid' [E:\sdi\project\vs_webp\CMakeFiles\CMakeTmp\cmTC_a11f9.vcxproj]
E:\sdi\project\vs_webp\CMakeFiles\CMakeTmp\src.c(5,27): error C2065: 'valid': undeclared identifier [E:\sdi\project\vs_webp\CMakeFiles\CMakeTmp\cmTC_a11f9.vcxproj]
E:\sdi\project\vs_webp\CMakeFiles\CMakeTmp\src.c(5,27): error C2146: syntax error: missing ';' before identifier 'code' [E:\sdi\project\vs_webp\CMakeFiles\CMakeTmp\cmTC_a11f9.vcxproj]
E:\sdi\project\vs_webp\CMakeFiles\CMakeTmp\src.c(7,9): error C2065: 'code': undeclared identifier [E:\sdi\project\vs_webp\CMakeFiles\CMakeTmp\cmTC_a11f9.vcxproj]
E:\sdi\project\vs_webp\CMakeFiles\CMakeTmp\src.c(7,9): error C2143: syntax error: missing ';' before 'return' [E:\sdi\project\vs_webp\CMakeFiles\CMakeTmp\cmTC_a11f9.vcxproj]
  Generating Code...


Source file was:

      #include "E:/sdi/ext/libwebp/cmake/../src/dsp/dsp.h"
      int main(void) {
        #if !defined(WEBP_USE_MSA)
        this is not valid code
        #endif
        return 0;
      }
    
Performing C SOURCE FILE Test WEBP_HAVE_FLAG_MIPS32 failed with the following output:
Change Dir: E:/sdi/project/vs_webp/CMakeFiles/CMakeTmp

Run Build Command(s):C:/Program Files/Microsoft Visual Studio/2022/Preview/MSBuild/Current/Bin/amd64/MSBuild.exe cmTC_82c39.vcxproj /p:Configuration=Debug /p:Platform=Win32 /p:VisualStudioVersion=17.0 /v:m && Microsoft (R) Build Engine  17.0.0-preview-21329-01+1b7661f36  .NET Framework
(C)   (Microsoft Corporation).   .

  Microsoft (R) C/C++ Optimizing Compiler Version 19.30.30401 for x86
  Copyright (C) Microsoft Corporation.  All rights reserved.
  cl /c /IE:\sdi\ext\libwebp /Zi /W3 /WX- /diagnostics:column /Od /Ob0 /Oy- /D _MBCS /D WIN32 /D _WINDOWS /D WEBP_HAVE_FLAG_MIPS32 /D "CMAKE_INTDIR=\"Debug\"" /Gm- /RTC1 /MTd /GS /fp:precise /Zc:wchar_t /Zc:forScope /Zc:inline /Fo"cmTC_82c39.dir\Debug\\" /Fd"cmTC_82c39.dir\Debug\vc142.pdb" /external:W3 /Gd /TC /analyze- /errorReport:queue E:\sdi\project\vs_webp\CMakeFiles\CMakeTmp\src.c
  src.c
E:\sdi\project\vs_webp\CMakeFiles\CMakeTmp\src.c(5,14): error C2065: 'this': undeclared identifier [E:\sdi\project\vs_webp\CMakeFiles\CMakeTmp\cmTC_82c39.vcxproj]
E:\sdi\project\vs_webp\CMakeFiles\CMakeTmp\src.c(5,14): error C2146: syntax error: missing ';' before identifier 'is' [E:\sdi\project\vs_webp\CMakeFiles\CMakeTmp\cmTC_82c39.vcxproj]
E:\sdi\project\vs_webp\CMakeFiles\CMakeTmp\src.c(5,17): error C2065: 'is': undeclared identifier [E:\sdi\project\vs_webp\CMakeFiles\CMakeTmp\cmTC_82c39.vcxproj]
E:\sdi\project\vs_webp\CMakeFiles\CMakeTmp\src.c(5,17): error C2146: syntax error: missing ';' before identifier 'not' [E:\sdi\project\vs_webp\CMakeFiles\CMakeTmp\cmTC_82c39.vcxproj]
E:\sdi\project\vs_webp\CMakeFiles\CMakeTmp\src.c(5,21): error C2065: 'not': undeclared identifier [E:\sdi\project\vs_webp\CMakeFiles\CMakeTmp\cmTC_82c39.vcxproj]
E:\sdi\project\vs_webp\CMakeFiles\CMakeTmp\src.c(5,21): error C2146: syntax error: missing ';' before identifier 'valid' [E:\sdi\project\vs_webp\CMakeFiles\CMakeTmp\cmTC_82c39.vcxproj]
E:\sdi\project\vs_webp\CMakeFiles\CMakeTmp\src.c(5,27): error C2065: 'valid': undeclared identifier [E:\sdi\project\vs_webp\CMakeFiles\CMakeTmp\cmTC_82c39.vcxproj]
E:\sdi\project\vs_webp\CMakeFiles\CMakeTmp\src.c(5,27): error C2146: syntax error: missing ';' before identifier 'code' [E:\sdi\project\vs_webp\CMakeFiles\CMakeTmp\cmTC_82c39.vcxproj]
E:\sdi\project\vs_webp\CMakeFiles\CMakeTmp\src.c(7,9): error C2065: 'code': undeclared identifier [E:\sdi\project\vs_webp\CMakeFiles\CMakeTmp\cmTC_82c39.vcxproj]
E:\sdi\project\vs_webp\CMakeFiles\CMakeTmp\src.c(7,9): error C2143: syntax error: missing ';' before 'return' [E:\sdi\project\vs_webp\CMakeFiles\CMakeTmp\cmTC_82c39.vcxproj]


Source file was:

      #include "E:/sdi/ext/libwebp/cmake/../src/dsp/dsp.h"
      int main(void) {
        #if !defined(WEBP_USE_MIPS32)
        this is not valid code
        #endif
        return 0;
      }
    
Performing C SOURCE FILE Test WEBP_HAVE_FLAG_MIPS32 failed with the following output:
Change Dir: E:/sdi/project/vs_webp/CMakeFiles/CMakeTmp

Run Build Command(s):C:/Program Files/Microsoft Visual Studio/2022/Preview/MSBuild/Current/Bin/amd64/MSBuild.exe cmTC_46140.vcxproj /p:Configuration=Debug /p:Platform=Win32 /p:VisualStudioVersion=17.0 /v:m && Microsoft (R) Build Engine  17.0.0-preview-21329-01+1b7661f36  .NET Framework
(C)   (Microsoft Corporation).   .

  Microsoft (R) C/C++ Optimizing Compiler Version 19.30.30401 for x86
  Copyright (C) Microsoft Corporation.  All rights reserved.
  NOTFOUND
c1 : fatal error C1083: Cannot open source file: 'NOTFOUND': No such file or directory [E:\sdi\project\vs_webp\CMakeFiles\CMakeTmp\cmTC_46140.vcxproj]
  src.c
E:\sdi\project\vs_webp\CMakeFiles\CMakeTmp\src.c(5,14): error C2065: 'this': undeclared identifier [E:\sdi\project\vs_webp\CMakeFiles\CMakeTmp\cmTC_46140.vcxproj]
E:\sdi\project\vs_webp\CMakeFiles\CMakeTmp\src.c(5,14): error C2146: syntax error: missing ';' before identifier 'is' [E:\sdi\project\vs_webp\CMakeFiles\CMakeTmp\cmTC_46140.vcxproj]
E:\sdi\project\vs_webp\CMakeFiles\CMakeTmp\src.c(5,17): error C2065: 'is': undeclared identifier [E:\sdi\project\vs_webp\CMakeFiles\CMakeTmp\cmTC_46140.vcxproj]
E:\sdi\project\vs_webp\CMakeFiles\CMakeTmp\src.c(5,17): error C2146: syntax error: missing ';' before identifier 'not' [E:\sdi\project\vs_webp\CMakeFiles\CMakeTmp\cmTC_46140.vcxproj]
E:\sdi\project\vs_webp\CMakeFiles\CMakeTmp\src.c(5,21): error C2065: 'not': undeclared identifier [E:\sdi\project\vs_webp\CMakeFiles\CMakeTmp\cmTC_46140.vcxproj]
E:\sdi\project\vs_webp\CMakeFiles\CMakeTmp\src.c(5,21): error C2146: syntax error: missing ';' before identifier 'valid' [E:\sdi\project\vs_webp\CMakeFiles\CMakeTmp\cmTC_46140.vcxproj]
E:\sdi\project\vs_webp\CMakeFiles\CMakeTmp\src.c(5,27): error C2065: 'valid': undeclared identifier [E:\sdi\project\vs_webp\CMakeFiles\CMakeTmp\cmTC_46140.vcxproj]
E:\sdi\project\vs_webp\CMakeFiles\CMakeTmp\src.c(5,27): error C2146: syntax error: missing ';' before identifier 'code' [E:\sdi\project\vs_webp\CMakeFiles\CMakeTmp\cmTC_46140.vcxproj]
E:\sdi\project\vs_webp\CMakeFiles\CMakeTmp\src.c(7,9): error C2065: 'code': undeclared identifier [E:\sdi\project\vs_webp\CMakeFiles\CMakeTmp\cmTC_46140.vcxproj]
E:\sdi\project\vs_webp\CMakeFiles\CMakeTmp\src.c(7,9): error C2143: syntax error: missing ';' before 'return' [E:\sdi\project\vs_webp\CMakeFiles\CMakeTmp\cmTC_46140.vcxproj]
  Generating Code...
  cl /c /IE:\sdi\ext\libwebp /Zi /W3 /WX- /diagnostics:column /Od /Ob0 /Oy- /D _MBCS /D WIN32 /D _WINDOWS /D WEBP_HAVE_FLAG_MIPS32 /D "CMAKE_INTDIR=\"Debug\"" /Gm- /RTC1 /MTd /GS /fp:precise /Zc:wchar_t /Zc:forScope /Zc:inline /Fo"cmTC_46140.dir\Debug\\" /Fd"cmTC_46140.dir\Debug\vc142.pdb" /external:W3 /Gd /TC /analyze- /errorReport:queue  NOTFOUND E:\sdi\project\vs_webp\CMakeFiles\CMakeTmp\src.c


Source file was:

      #include "E:/sdi/ext/libwebp/cmake/../src/dsp/dsp.h"
      int main(void) {
        #if !defined(WEBP_USE_MIPS32)
        this is not valid code
        #endif
        return 0;
      }
    
Performing C SOURCE FILE Test WEBP_HAVE_FLAG_MIPS_DSP_R2 failed with the following output:
Change Dir: E:/sdi/project/vs_webp/CMakeFiles/CMakeTmp

Run Build Command(s):C:/Program Files/Microsoft Visual Studio/2022/Preview/MSBuild/Current/Bin/amd64/MSBuild.exe cmTC_68365.vcxproj /p:Configuration=Debug /p:Platform=Win32 /p:VisualStudioVersion=17.0 /v:m && Microsoft (R) Build Engine  17.0.0-preview-21329-01+1b7661f36  .NET Framework
(C)   (Microsoft Corporation).   .

  Microsoft (R) C/C++ Optimizing Compiler Version 19.30.30401 for x86
  Copyright (C) Microsoft Corporation.  All rights reserved.
  src.c
E:\sdi\project\vs_webp\CMakeFiles\CMakeTmp\src.c(5,14): error C2065: 'this': undeclared identifier [E:\sdi\project\vs_webp\CMakeFiles\CMakeTmp\cmTC_68365.vcxproj]
E:\sdi\project\vs_webp\CMakeFiles\CMakeTmp\src.c(5,14): error C2146: syntax error: missing ';' before identifier 'is' [E:\sdi\project\vs_webp\CMakeFiles\CMakeTmp\cmTC_68365.vcxproj]
E:\sdi\project\vs_webp\CMakeFiles\CMakeTmp\src.c(5,17): error C2065: 'is': undeclared identifier [E:\sdi\project\vs_webp\CMakeFiles\CMakeTmp\cmTC_68365.vcxproj]
E:\sdi\project\vs_webp\CMakeFiles\CMakeTmp\src.c(5,17): error C2146: syntax error: missing ';' before identifier 'not' [E:\sdi\project\vs_webp\CMakeFiles\CMakeTmp\cmTC_68365.vcxproj]
E:\sdi\project\vs_webp\CMakeFiles\CMakeTmp\src.c(5,21): error C2065: 'not': undeclared identifier [E:\sdi\project\vs_webp\CMakeFiles\CMakeTmp\cmTC_68365.vcxproj]
E:\sdi\project\vs_webp\CMakeFiles\CMakeTmp\src.c(5,21): error C2146: syntax error: missing ';' before identifier 'valid' [E:\sdi\project\vs_webp\CMakeFiles\CMakeTmp\cmTC_68365.vcxproj]
E:\sdi\project\vs_webp\CMakeFiles\CMakeTmp\src.c(5,27): error C2065: 'valid': undeclared identifier [E:\sdi\project\vs_webp\CMakeFiles\CMakeTmp\cmTC_68365.vcxproj]
E:\sdi\project\vs_webp\CMakeFiles\CMakeTmp\src.c(5,27): error C2146: syntax error: missing ';' before identifier 'code' [E:\sdi\project\vs_webp\CMakeFiles\CMakeTmp\cmTC_68365.vcxproj]
E:\sdi\project\vs_webp\CMakeFiles\CMakeTmp\src.c(7,9): error C2065: 'code': undeclared identifier [E:\sdi\project\vs_webp\CMakeFiles\CMakeTmp\cmTC_68365.vcxproj]
E:\sdi\project\vs_webp\CMakeFiles\CMakeTmp\src.c(7,9): error C2143: syntax error: missing ';' before 'return' [E:\sdi\project\vs_webp\CMakeFiles\CMakeTmp\cmTC_68365.vcxproj]
  cl /c /IE:\sdi\ext\libwebp /Zi /W3 /WX- /diagnostics:column /Od /Ob0 /Oy- /D _MBCS /D WIN32 /D _WINDOWS /D WEBP_HAVE_FLAG_MIPS_DSP_R2 /D "CMAKE_INTDIR=\"Debug\"" /Gm- /RTC1 /MTd /GS /fp:precise /Zc:wchar_t /Zc:forScope /Zc:inline /Fo"cmTC_68365.dir\Debug\\" /Fd"cmTC_68365.dir\Debug\vc142.pdb" /external:W3 /Gd /TC /analyze- /errorReport:queue E:\sdi\project\vs_webp\CMakeFiles\CMakeTmp\src.c


Source file was:

      #include "E:/sdi/ext/libwebp/cmake/../src/dsp/dsp.h"
      int main(void) {
        #if !defined(WEBP_USE_MIPS_DSP_R2)
        this is not valid code
        #endif
        return 0;
      }
    
Performing C SOURCE FILE Test WEBP_HAVE_FLAG_MIPS_DSP_R2 failed with the following output:
Change Dir: E:/sdi/project/vs_webp/CMakeFiles/CMakeTmp

Run Build Command(s):C:/Program Files/Microsoft Visual Studio/2022/Preview/MSBuild/Current/Bin/amd64/MSBuild.exe cmTC_29702.vcxproj /p:Configuration=Debug /p:Platform=Win32 /p:VisualStudioVersion=17.0 /v:m && Microsoft (R) Build Engine  17.0.0-preview-21329-01+1b7661f36  .NET Framework
(C)   (Microsoft Corporation).   .

  Microsoft (R) C/C++ Optimizing Compiler Version 19.30.30401 for x86
  Copyright (C) Microsoft Corporation.  All rights reserved.
  cl /c /IE:\sdi\ext\libwebp /Zi /W3 /WX- /diagnostics:column /Od /Ob0 /Oy- /D _MBCS /D WIN32 /D _WINDOWS /D WEBP_HAVE_FLAG_MIPS_DSP_R2 /D "CMAKE_INTDIR=\"Debug\"" /Gm- /RTC1 /MTd /GS /fp:precise /Zc:wchar_t /Zc:forScope /Zc:inline /Fo"cmTC_29702.dir\Debug\\" /Fd"cmTC_29702.dir\Debug\vc142.pdb" /external:W3 /Gd /TC /analyze- /errorReport:queue  NOTFOUND E:\sdi\project\vs_webp\CMakeFiles\CMakeTmp\src.c
  NOTFOUND
c1 : fatal error C1083: Cannot open source file: 'NOTFOUND': No such file or directory [E:\sdi\project\vs_webp\CMakeFiles\CMakeTmp\cmTC_29702.vcxproj]
  src.c
E:\sdi\project\vs_webp\CMakeFiles\CMakeTmp\src.c(5,14): error C2065: 'this': undeclared identifier [E:\sdi\project\vs_webp\CMakeFiles\CMakeTmp\cmTC_29702.vcxproj]
E:\sdi\project\vs_webp\CMakeFiles\CMakeTmp\src.c(5,14): error C2146: syntax error: missing ';' before identifier 'is' [E:\sdi\project\vs_webp\CMakeFiles\CMakeTmp\cmTC_29702.vcxproj]
E:\sdi\project\vs_webp\CMakeFiles\CMakeTmp\src.c(5,17): error C2065: 'is': undeclared identifier [E:\sdi\project\vs_webp\CMakeFiles\CMakeTmp\cmTC_29702.vcxproj]
E:\sdi\project\vs_webp\CMakeFiles\CMakeTmp\src.c(5,17): error C2146: syntax error: missing ';' before identifier 'not' [E:\sdi\project\vs_webp\CMakeFiles\CMakeTmp\cmTC_29702.vcxproj]
E:\sdi\project\vs_webp\CMakeFiles\CMakeTmp\src.c(5,21): error C2065: 'not': undeclared identifier [E:\sdi\project\vs_webp\CMakeFiles\CMakeTmp\cmTC_29702.vcxproj]
E:\sdi\project\vs_webp\CMakeFiles\CMakeTmp\src.c(5,21): error C2146: syntax error: missing ';' before identifier 'valid' [E:\sdi\project\vs_webp\CMakeFiles\CMakeTmp\cmTC_29702.vcxproj]
E:\sdi\project\vs_webp\CMakeFiles\CMakeTmp\src.c(5,27): error C2065: 'valid': undeclared identifier [E:\sdi\project\vs_webp\CMakeFiles\CMakeTmp\cmTC_29702.vcxproj]
E:\sdi\project\vs_webp\CMakeFiles\CMakeTmp\src.c(5,27): error C2146: syntax error: missing ';' before identifier 'code' [E:\sdi\project\vs_webp\CMakeFiles\CMakeTmp\cmTC_29702.vcxproj]
E:\sdi\project\vs_webp\CMakeFiles\CMakeTmp\src.c(7,9): error C2065: 'code': undeclared identifier [E:\sdi\project\vs_webp\CMakeFiles\CMakeTmp\cmTC_29702.vcxproj]
E:\sdi\project\vs_webp\CMakeFiles\CMakeTmp\src.c(7,9): error C2143: syntax error: missing ';' before 'return' [E:\sdi\project\vs_webp\CMakeFiles\CMakeTmp\cmTC_29702.vcxproj]
  Generating Code...


Source file was:

      #include "E:/sdi/ext/libwebp/cmake/../src/dsp/dsp.h"
      int main(void) {
        #if !defined(WEBP_USE_MIPS_DSP_R2)
        this is not valid code
        #endif
        return 0;
      }
    
Performing C SOURCE FILE Test WEBP_HAVE_FLAG_NEON failed with the following output:
Change Dir: E:/sdi/project/vs_webp/CMakeFiles/CMakeTmp

Run Build Command(s):C:/Program Files/Microsoft Visual Studio/2022/Preview/MSBuild/Current/Bin/amd64/MSBuild.exe cmTC_82657.vcxproj /p:Configuration=Debug /p:Platform=Win32 /p:VisualStudioVersion=17.0 /v:m && Microsoft (R) Build Engine  17.0.0-preview-21329-01+1b7661f36  .NET Framework
(C)   (Microsoft Corporation).   .

  Microsoft (R) C/C++ Optimizing Compiler Version 19.30.30401 for x86
  Copyright (C) Microsoft Corporation.  All rights reserved.
  src.c
E:\sdi\project\vs_webp\CMakeFiles\CMakeTmp\src.c(5,14): error C2065: 'this': undeclared identifier [E:\sdi\project\vs_webp\CMakeFiles\CMakeTmp\cmTC_82657.vcxproj]
E:\sdi\project\vs_webp\CMakeFiles\CMakeTmp\src.c(5,14): error C2146: syntax error: missing ';' before identifier 'is' [E:\sdi\project\vs_webp\CMakeFiles\CMakeTmp\cmTC_82657.vcxproj]
E:\sdi\project\vs_webp\CMakeFiles\CMakeTmp\src.c(5,17): error C2065: 'is': undeclared identifier [E:\sdi\project\vs_webp\CMakeFiles\CMakeTmp\cmTC_82657.vcxproj]
E:\sdi\project\vs_webp\CMakeFiles\CMakeTmp\src.c(5,17): error C2146: syntax error: missing ';' before identifier 'not' [E:\sdi\project\vs_webp\CMakeFiles\CMakeTmp\cmTC_82657.vcxproj]
E:\sdi\project\vs_webp\CMakeFiles\CMakeTmp\src.c(5,21): error C2065: 'not': undeclared identifier [E:\sdi\project\vs_webp\CMakeFiles\CMakeTmp\cmTC_82657.vcxproj]
E:\sdi\project\vs_webp\CMakeFiles\CMakeTmp\src.c(5,21): error C2146: syntax error: missing ';' before identifier 'valid' [E:\sdi\project\vs_webp\CMakeFiles\CMakeTmp\cmTC_82657.vcxproj]
E:\sdi\project\vs_webp\CMakeFiles\CMakeTmp\src.c(5,27): error C2065: 'valid': undeclared identifier [E:\sdi\project\vs_webp\CMakeFiles\CMakeTmp\cmTC_82657.vcxproj]
E:\sdi\project\vs_webp\CMakeFiles\CMakeTmp\src.c(5,27): error C2146: syntax error: missing ';' before identifier 'code' [E:\sdi\project\vs_webp\CMakeFiles\CMakeTmp\cmTC_82657.vcxproj]
E:\sdi\project\vs_webp\CMakeFiles\CMakeTmp\src.c(7,9): error C2065: 'code': undeclared identifier [E:\sdi\project\vs_webp\CMakeFiles\CMakeTmp\cmTC_82657.vcxproj]
E:\sdi\project\vs_webp\CMakeFiles\CMakeTmp\src.c(7,9): error C2143: syntax error: missing ';' before 'return' [E:\sdi\project\vs_webp\CMakeFiles\CMakeTmp\cmTC_82657.vcxproj]
  cl /c /IE:\sdi\ext\libwebp /Zi /W3 /WX- /diagnostics:column /Od /Ob0 /Oy- /D _MBCS /D WIN32 /D _WINDOWS /D WEBP_HAVE_FLAG_NEON /D "CMAKE_INTDIR=\"Debug\"" /Gm- /RTC1 /MTd /GS /fp:precise /Zc:wchar_t /Zc:forScope /Zc:inline /Fo"cmTC_82657.dir\Debug\\" /Fd"cmTC_82657.dir\Debug\vc142.pdb" /external:W3 /Gd /TC /analyze- /errorReport:queue E:\sdi\project\vs_webp\CMakeFiles\CMakeTmp\src.c


Source file was:

      #include "E:/sdi/ext/libwebp/cmake/../src/dsp/dsp.h"
      int main(void) {
        #if !defined(WEBP_USE_NEON)
        this is not valid code
        #endif
        return 0;
      }
    
Performing C SOURCE FILE Test WEBP_HAVE_FLAG_NEON failed with the following output:
Change Dir: E:/sdi/project/vs_webp/CMakeFiles/CMakeTmp

Run Build Command(s):C:/Program Files/Microsoft Visual Studio/2022/Preview/MSBuild/Current/Bin/amd64/MSBuild.exe cmTC_7e7fb.vcxproj /p:Configuration=Debug /p:Platform=Win32 /p:VisualStudioVersion=17.0 /v:m && Microsoft (R) Build Engine  17.0.0-preview-21329-01+1b7661f36  .NET Framework
(C)   (Microsoft Corporation).   .

  Microsoft (R) C/C++ Optimizing Compiler Version 19.30.30401 for x86
  Copyright (C) Microsoft Corporation.  All rights reserved.
  cl /c /IE:\sdi\ext\libwebp /Zi /W3 /WX- /diagnostics:column /Od /Ob0 /Oy- /D _MBCS /D WIN32 /D _WINDOWS /D WEBP_HAVE_FLAG_NEON /D "CMAKE_INTDIR=\"Debug\"" /Gm- /RTC1 /MTd /GS /fp:precise /Zc:wchar_t /Zc:forScope /Zc:inline /Fo"cmTC_7e7fb.dir\Debug\\" /Fd"cmTC_7e7fb.dir\Debug\vc142.pdb" /external:W3 /Gd /TC /analyze- /errorReport:queue  NOTFOUND E:\sdi\project\vs_webp\CMakeFiles\CMakeTmp\src.c
  NOTFOUND
c1 : fatal error C1083: Cannot open source file: 'NOTFOUND': No such file or directory [E:\sdi\project\vs_webp\CMakeFiles\CMakeTmp\cmTC_7e7fb.vcxproj]
  src.c
E:\sdi\project\vs_webp\CMakeFiles\CMakeTmp\src.c(5,14): error C2065: 'this': undeclared identifier [E:\sdi\project\vs_webp\CMakeFiles\CMakeTmp\cmTC_7e7fb.vcxproj]
E:\sdi\project\vs_webp\CMakeFiles\CMakeTmp\src.c(5,14): error C2146: syntax error: missing ';' before identifier 'is' [E:\sdi\project\vs_webp\CMakeFiles\CMakeTmp\cmTC_7e7fb.vcxproj]
E:\sdi\project\vs_webp\CMakeFiles\CMakeTmp\src.c(5,17): error C2065: 'is': undeclared identifier [E:\sdi\project\vs_webp\CMakeFiles\CMakeTmp\cmTC_7e7fb.vcxproj]
E:\sdi\project\vs_webp\CMakeFiles\CMakeTmp\src.c(5,17): error C2146: syntax error: missing ';' before identifier 'not' [E:\sdi\project\vs_webp\CMakeFiles\CMakeTmp\cmTC_7e7fb.vcxproj]
E:\sdi\project\vs_webp\CMakeFiles\CMakeTmp\src.c(5,21): error C2065: 'not': undeclared identifier [E:\sdi\project\vs_webp\CMakeFiles\CMakeTmp\cmTC_7e7fb.vcxproj]
E:\sdi\project\vs_webp\CMakeFiles\CMakeTmp\src.c(5,21): error C2146: syntax error: missing ';' before identifier 'valid' [E:\sdi\project\vs_webp\CMakeFiles\CMakeTmp\cmTC_7e7fb.vcxproj]
E:\sdi\project\vs_webp\CMakeFiles\CMakeTmp\src.c(5,27): error C2065: 'valid': undeclared identifier [E:\sdi\project\vs_webp\CMakeFiles\CMakeTmp\cmTC_7e7fb.vcxproj]
E:\sdi\project\vs_webp\CMakeFiles\CMakeTmp\src.c(5,27): error C2146: syntax error: missing ';' before identifier 'code' [E:\sdi\project\vs_webp\CMakeFiles\CMakeTmp\cmTC_7e7fb.vcxproj]
E:\sdi\project\vs_webp\CMakeFiles\CMakeTmp\src.c(7,9): error C2065: 'code': undeclared identifier [E:\sdi\project\vs_webp\CMakeFiles\CMakeTmp\cmTC_7e7fb.vcxproj]
E:\sdi\project\vs_webp\CMakeFiles\CMakeTmp\src.c(7,9): error C2143: syntax error: missing ';' before 'return' [E:\sdi\project\vs_webp\CMakeFiles\CMakeTmp\cmTC_7e7fb.vcxproj]
  Generating Code...


Source file was:

      #include "E:/sdi/ext/libwebp/cmake/../src/dsp/dsp.h"
      int main(void) {
        #if !defined(WEBP_USE_NEON)
        this is not valid code
        #endif
        return 0;
      }
    
Performing C SOURCE FILE Test WEBP_HAVE_FLAG_MSA failed with the following output:
Change Dir: E:/sdi/project/vs_webp/CMakeFiles/CMakeTmp

Run Build Command(s):C:/Program Files/Microsoft Visual Studio/2022/Preview/MSBuild/Current/Bin/amd64/MSBuild.exe cmTC_6b653.vcxproj /p:Configuration=Debug /p:Platform=Win32 /p:VisualStudioVersion=17.0 /v:m && Microsoft (R) Build Engine  17.0.0-preview-21329-01+1b7661f36  .NET Framework
(C)   (Microsoft Corporation).   .

  Microsoft (R) C/C++ Optimizing Compiler Version 19.30.30401 for x86
  Copyright (C) Microsoft Corporation.  All rights reserved.
  cl /c /IE:\sdi\ext\libwebp /Zi /W3 /WX- /diagnostics:column /Od /Ob0 /Oy- /D _MBCS /D WIN32 /D _WINDOWS /D WEBP_HAVE_FLAG_MSA /D "CMAKE_INTDIR=\"Debug\"" /Gm- /RTC1 /MTd /GS /fp:precise /Zc:wchar_t /Zc:forScope /Zc:inline /Fo"cmTC_6b653.dir\Debug\\" /Fd"cmTC_6b653.dir\Debug\vc142.pdb" /external:W3 /Gd /TC /analyze- /errorReport:queue E:\sdi\project\vs_webp\CMakeFiles\CMakeTmp\src.c
  src.c
E:\sdi\project\vs_webp\CMakeFiles\CMakeTmp\src.c(5,14): error C2065: 'this': undeclared identifier [E:\sdi\project\vs_webp\CMakeFiles\CMakeTmp\cmTC_6b653.vcxproj]
E:\sdi\project\vs_webp\CMakeFiles\CMakeTmp\src.c(5,14): error C2146: syntax error: missing ';' before identifier 'is' [E:\sdi\project\vs_webp\CMakeFiles\CMakeTmp\cmTC_6b653.vcxproj]
E:\sdi\project\vs_webp\CMakeFiles\CMakeTmp\src.c(5,17): error C2065: 'is': undeclared identifier [E:\sdi\project\vs_webp\CMakeFiles\CMakeTmp\cmTC_6b653.vcxproj]
E:\sdi\project\vs_webp\CMakeFiles\CMakeTmp\src.c(5,17): error C2146: syntax error: missing ';' before identifier 'not' [E:\sdi\project\vs_webp\CMakeFiles\CMakeTmp\cmTC_6b653.vcxproj]
E:\sdi\project\vs_webp\CMakeFiles\CMakeTmp\src.c(5,21): error C2065: 'not': undeclared identifier [E:\sdi\project\vs_webp\CMakeFiles\CMakeTmp\cmTC_6b653.vcxproj]
E:\sdi\project\vs_webp\CMakeFiles\CMakeTmp\src.c(5,21): error C2146: syntax error: missing ';' before identifier 'valid' [E:\sdi\project\vs_webp\CMakeFiles\CMakeTmp\cmTC_6b653.vcxproj]
E:\sdi\project\vs_webp\CMakeFiles\CMakeTmp\src.c(5,27): error C2065: 'valid': undeclared identifier [E:\sdi\project\vs_webp\CMakeFiles\CMakeTmp\cmTC_6b653.vcxproj]
E:\sdi\project\vs_webp\CMakeFiles\CMakeTmp\src.c(5,27): error C2146: syntax error: missing ';' before identifier 'code' [E:\sdi\project\vs_webp\CMakeFiles\CMakeTmp\cmTC_6b653.vcxproj]
E:\sdi\project\vs_webp\CMakeFiles\CMakeTmp\src.c(7,9): error C2065: 'code': undeclared identifier [E:\sdi\project\vs_webp\CMakeFiles\CMakeTmp\cmTC_6b653.vcxproj]
E:\sdi\project\vs_webp\CMakeFiles\CMakeTmp\src.c(7,9): error C2143: syntax error: missing ';' before 'return' [E:\sdi\project\vs_webp\CMakeFiles\CMakeTmp\cmTC_6b653.vcxproj]


Source file was:

      #include "E:/sdi/ext/libwebp/cmake/../src/dsp/dsp.h"
      int main(void) {
        #if !defined(WEBP_USE_MSA)
        this is not valid code
        #endif
        return 0;
      }
    
Performing C SOURCE FILE Test WEBP_HAVE_FLAG_MSA failed with the following output:
Change Dir: E:/sdi/project/vs_webp/CMakeFiles/CMakeTmp

Run Build Command(s):C:/Program Files/Microsoft Visual Studio/2022/Preview/MSBuild/Current/Bin/amd64/MSBuild.exe cmTC_9e7f0.vcxproj /p:Configuration=Debug /p:Platform=Win32 /p:VisualStudioVersion=17.0 /v:m && Microsoft (R) Build Engine  17.0.0-preview-21329-01+1b7661f36  .NET Framework
(C)   (Microsoft Corporation).   .

  Microsoft (R) C/C++ Optimizing Compiler Version 19.30.30401 for x86
  Copyright (C) Microsoft Corporation.  All rights reserved.
  cl /c /IE:\sdi\ext\libwebp /Zi /W3 /WX- /diagnostics:column /Od /Ob0 /Oy- /D _MBCS /D WIN32 /D _WINDOWS /D WEBP_HAVE_FLAG_MSA /D "CMAKE_INTDIR=\"Debug\"" /Gm- /RTC1 /MTd /GS /fp:precise /Zc:wchar_t /Zc:forScope /Zc:inline /Fo"cmTC_9e7f0.dir\Debug\\" /Fd"cmTC_9e7f0.dir\Debug\vc142.pdb" /external:W3 /Gd /TC /analyze- /errorReport:queue  NOTFOUND E:\sdi\project\vs_webp\CMakeFiles\CMakeTmp\src.c
  NOTFOUND
c1 : fatal error C1083: Cannot open source file: 'NOTFOUND': No such file or directory [E:\sdi\project\vs_webp\CMakeFiles\CMakeTmp\cmTC_9e7f0.vcxproj]
  src.c
E:\sdi\project\vs_webp\CMakeFiles\CMakeTmp\src.c(5,14): error C2065: 'this': undeclared identifier [E:\sdi\project\vs_webp\CMakeFiles\CMakeTmp\cmTC_9e7f0.vcxproj]
E:\sdi\project\vs_webp\CMakeFiles\CMakeTmp\src.c(5,14): error C2146: syntax error: missing ';' before identifier 'is' [E:\sdi\project\vs_webp\CMakeFiles\CMakeTmp\cmTC_9e7f0.vcxproj]
E:\sdi\project\vs_webp\CMakeFiles\CMakeTmp\src.c(5,17): error C2065: 'is': undeclared identifier [E:\sdi\project\vs_webp\CMakeFiles\CMakeTmp\cmTC_9e7f0.vcxproj]
E:\sdi\project\vs_webp\CMakeFiles\CMakeTmp\src.c(5,17): error C2146: syntax error: missing ';' before identifier 'not' [E:\sdi\project\vs_webp\CMakeFiles\CMakeTmp\cmTC_9e7f0.vcxproj]
E:\sdi\project\vs_webp\CMakeFiles\CMakeTmp\src.c(5,21): error C2065: 'not': undeclared identifier [E:\sdi\project\vs_webp\CMakeFiles\CMakeTmp\cmTC_9e7f0.vcxproj]
E:\sdi\project\vs_webp\CMakeFiles\CMakeTmp\src.c(5,21): error C2146: syntax error: missing ';' before identifier 'valid' [E:\sdi\project\vs_webp\CMakeFiles\CMakeTmp\cmTC_9e7f0.vcxproj]
E:\sdi\project\vs_webp\CMakeFiles\CMakeTmp\src.c(5,27): error C2065: 'valid': undeclared identifier [E:\sdi\project\vs_webp\CMakeFiles\CMakeTmp\cmTC_9e7f0.vcxproj]
E:\sdi\project\vs_webp\CMakeFiles\CMakeTmp\src.c(5,27): error C2146: syntax error: missing ';' before identifier 'code' [E:\sdi\project\vs_webp\CMakeFiles\CMakeTmp\cmTC_9e7f0.vcxproj]
E:\sdi\project\vs_webp\CMakeFiles\CMakeTmp\src.c(7,9): error C2065: 'code': undeclared identifier [E:\sdi\project\vs_webp\CMakeFiles\CMakeTmp\cmTC_9e7f0.vcxproj]
E:\sdi\project\vs_webp\CMakeFiles\CMakeTmp\src.c(7,9): error C2143: syntax error: missing ';' before 'return' [E:\sdi\project\vs_webp\CMakeFiles\CMakeTmp\cmTC_9e7f0.vcxproj]
  Generating Code...


Source file was:

      #include "E:/sdi/ext/libwebp/cmake/../src/dsp/dsp.h"
      int main(void) {
        #if !defined(WEBP_USE_MSA)
        this is not valid code
        #endif
        return 0;
      }
    
Performing C SOURCE FILE Test WEBP_HAVE_FLAG_MIPS32 failed with the following output:
Change Dir: E:/sdi/project/vs_webp/CMakeFiles/CMakeTmp

Run Build Command(s):C:/Program Files/Microsoft Visual Studio/2022/Preview/MSBuild/Current/Bin/amd64/MSBuild.exe cmTC_b81fb.vcxproj /p:Configuration=Debug /p:Platform=Win32 /p:VisualStudioVersion=17.0 /v:m && Microsoft (R) Build Engine version 17.0.0-preview-21329-01+1b7661f36 for .NET Framework
Copyright (C) Microsoft Corporation. All rights reserved.

  Microsoft (R) C/C++ Optimizing Compiler Version 19.30.30401 for x86
  Copyright (C) Microsoft Corporation.  All rights reserved.
  cl /c /IE:\sdi\ext\libwebp /Zi /W3 /WX- /diagnostics:column /Od /Ob0 /Oy- /D _MBCS /D WIN32 /D _WINDOWS /D WEBP_HAVE_FLAG_MIPS32 /D "CMAKE_INTDIR=\"Debug\"" /Gm- /RTC1 /MTd /GS /fp:precise /Zc:wchar_t /Zc:forScope /Zc:inline /Fo"cmTC_b81fb.dir\Debug\\" /Fd"cmTC_b81fb.dir\Debug\vc142.pdb" /external:W3 /Gd /TC /analyze- /errorReport:queue E:\sdi\project\vs_webp\CMakeFiles\CMakeTmp\src.c
  src.c
E:\sdi\project\vs_webp\CMakeFiles\CMakeTmp\src.c(5,14): error C2065: 'this': undeclared identifier [E:\sdi\project\vs_webp\CMakeFiles\CMakeTmp\cmTC_b81fb.vcxproj]
E:\sdi\project\vs_webp\CMakeFiles\CMakeTmp\src.c(5,14): error C2146: syntax error: missing ';' before identifier 'is' [E:\sdi\project\vs_webp\CMakeFiles\CMakeTmp\cmTC_b81fb.vcxproj]
E:\sdi\project\vs_webp\CMakeFiles\CMakeTmp\src.c(5,17): error C2065: 'is': undeclared identifier [E:\sdi\project\vs_webp\CMakeFiles\CMakeTmp\cmTC_b81fb.vcxproj]
E:\sdi\project\vs_webp\CMakeFiles\CMakeTmp\src.c(5,17): error C2146: syntax error: missing ';' before identifier 'not' [E:\sdi\project\vs_webp\CMakeFiles\CMakeTmp\cmTC_b81fb.vcxproj]
E:\sdi\project\vs_webp\CMakeFiles\CMakeTmp\src.c(5,21): error C2065: 'not': undeclared identifier [E:\sdi\project\vs_webp\CMakeFiles\CMakeTmp\cmTC_b81fb.vcxproj]
E:\sdi\project\vs_webp\CMakeFiles\CMakeTmp\src.c(5,21): error C2146: syntax error: missing ';' before identifier 'valid' [E:\sdi\project\vs_webp\CMakeFiles\CMakeTmp\cmTC_b81fb.vcxproj]
E:\sdi\project\vs_webp\CMakeFiles\CMakeTmp\src.c(5,27): error C2065: 'valid': undeclared identifier [E:\sdi\project\vs_webp\CMakeFiles\CMakeTmp\cmTC_b81fb.vcxproj]
E:\sdi\project\vs_webp\CMakeFiles\CMakeTmp\src.c(5,27): error C2146: syntax error: missing ';' before identifier 'code' [E:\sdi\project\vs_webp\CMakeFiles\CMakeTmp\cmTC_b81fb.vcxproj]
E:\sdi\project\vs_webp\CMakeFiles\CMakeTmp\src.c(7,9): error C2065: 'code': undeclared identifier [E:\sdi\project\vs_webp\CMakeFiles\CMakeTmp\cmTC_b81fb.vcxproj]
E:\sdi\project\vs_webp\CMakeFiles\CMakeTmp\src.c(7,9): error C2143: syntax error: missing ';' before 'return' [E:\sdi\project\vs_webp\CMakeFiles\CMakeTmp\cmTC_b81fb.vcxproj]


Source file was:

      #include "E:/sdi/ext/libwebp/cmake/../src/dsp/dsp.h"
      int main(void) {
        #if !defined(WEBP_USE_MIPS32)
        this is not valid code
        #endif
        return 0;
      }
    
Performing C SOURCE FILE Test WEBP_HAVE_FLAG_MIPS32 failed with the following output:
Change Dir: E:/sdi/project/vs_webp/CMakeFiles/CMakeTmp

Run Build Command(s):C:/Program Files/Microsoft Visual Studio/2022/Preview/MSBuild/Current/Bin/amd64/MSBuild.exe cmTC_f6166.vcxproj /p:Configuration=Debug /p:Platform=Win32 /p:VisualStudioVersion=17.0 /v:m && Microsoft (R) Build Engine version 17.0.0-preview-21329-01+1b7661f36 for .NET Framework
Copyright (C) Microsoft Corporation. All rights reserved.

  Microsoft (R) C/C++ Optimizing Compiler Version 19.30.30401 for x86
  Copyright (C) Microsoft Corporation.  All rights reserved.
  cl /c /IE:\sdi\ext\libwebp /Zi /W3 /WX- /diagnostics:column /Od /Ob0 /Oy- /D _MBCS /D WIN32 /D _WINDOWS /D WEBP_HAVE_FLAG_MIPS32 /D "CMAKE_INTDIR=\"Debug\"" /Gm- /RTC1 /MTd /GS /fp:precise /Zc:wchar_t /Zc:forScope /Zc:inline /Fo"cmTC_f6166.dir\Debug\\" /Fd"cmTC_f6166.dir\Debug\vc142.pdb" /external:W3 /Gd /TC /analyze- /errorReport:queue  NOTFOUND E:\sdi\project\vs_webp\CMakeFiles\CMakeTmp\src.c
  NOTFOUND
c1 : fatal error C1083: Cannot open source file: 'NOTFOUND': No such file or directory [E:\sdi\project\vs_webp\CMakeFiles\CMakeTmp\cmTC_f6166.vcxproj]
  src.c
E:\sdi\project\vs_webp\CMakeFiles\CMakeTmp\src.c(5,14): error C2065: 'this': undeclared identifier [E:\sdi\project\vs_webp\CMakeFiles\CMakeTmp\cmTC_f6166.vcxproj]
E:\sdi\project\vs_webp\CMakeFiles\CMakeTmp\src.c(5,14): error C2146: syntax error: missing ';' before identifier 'is' [E:\sdi\project\vs_webp\CMakeFiles\CMakeTmp\cmTC_f6166.vcxproj]
E:\sdi\project\vs_webp\CMakeFiles\CMakeTmp\src.c(5,17): error C2065: 'is': undeclared identifier [E:\sdi\project\vs_webp\CMakeFiles\CMakeTmp\cmTC_f6166.vcxproj]
E:\sdi\project\vs_webp\CMakeFiles\CMakeTmp\src.c(5,17): error C2146: syntax error: missing ';' before identifier 'not' [E:\sdi\project\vs_webp\CMakeFiles\CMakeTmp\cmTC_f6166.vcxproj]
E:\sdi\project\vs_webp\CMakeFiles\CMakeTmp\src.c(5,21): error C2065: 'not': undeclared identifier [E:\sdi\project\vs_webp\CMakeFiles\CMakeTmp\cmTC_f6166.vcxproj]
E:\sdi\project\vs_webp\CMakeFiles\CMakeTmp\src.c(5,21): error C2146: syntax error: missing ';' before identifier 'valid' [E:\sdi\project\vs_webp\CMakeFiles\CMakeTmp\cmTC_f6166.vcxproj]
E:\sdi\project\vs_webp\CMakeFiles\CMakeTmp\src.c(5,27): error C2065: 'valid': undeclared identifier [E:\sdi\project\vs_webp\CMakeFiles\CMakeTmp\cmTC_f6166.vcxproj]
E:\sdi\project\vs_webp\CMakeFiles\CMakeTmp\src.c(5,27): error C2146: syntax error: missing ';' before identifier 'code' [E:\sdi\project\vs_webp\CMakeFiles\CMakeTmp\cmTC_f6166.vcxproj]
E:\sdi\project\vs_webp\CMakeFiles\CMakeTmp\src.c(7,9): error C2065: 'code': undeclared identifier [E:\sdi\project\vs_webp\CMakeFiles\CMakeTmp\cmTC_f6166.vcxproj]
E:\sdi\project\vs_webp\CMakeFiles\CMakeTmp\src.c(7,9): error C2143: syntax error: missing ';' before 'return' [E:\sdi\project\vs_webp\CMakeFiles\CMakeTmp\cmTC_f6166.vcxproj]
  Generating Code...


Source file was:

      #include "E:/sdi/ext/libwebp/cmake/../src/dsp/dsp.h"
      int main(void) {
        #if !defined(WEBP_USE_MIPS32)
        this is not valid code
        #endif
        return 0;
      }
    
Performing C SOURCE FILE Test WEBP_HAVE_FLAG_MIPS_DSP_R2 failed with the following output:
Change Dir: E:/sdi/project/vs_webp/CMakeFiles/CMakeTmp

Run Build Command(s):C:/Program Files/Microsoft Visual Studio/2022/Preview/MSBuild/Current/Bin/amd64/MSBuild.exe cmTC_b9930.vcxproj /p:Configuration=Debug /p:Platform=Win32 /p:VisualStudioVersion=17.0 /v:m && Microsoft (R) Build Engine version 17.0.0-preview-21329-01+1b7661f36 for .NET Framework
Copyright (C) Microsoft Corporation. All rights reserved.

  Microsoft (R) C/C++ Optimizing Compiler Version 19.30.30401 for x86
  Copyright (C) Microsoft Corporation.  All rights reserved.
  src.c
E:\sdi\project\vs_webp\CMakeFiles\CMakeTmp\src.c(5,14): error C2065: 'this': undeclared identifier [E:\sdi\project\vs_webp\CMakeFiles\CMakeTmp\cmTC_b9930.vcxproj]
E:\sdi\project\vs_webp\CMakeFiles\CMakeTmp\src.c(5,14): error C2146: syntax error: missing ';' before identifier 'is' [E:\sdi\project\vs_webp\CMakeFiles\CMakeTmp\cmTC_b9930.vcxproj]
E:\sdi\project\vs_webp\CMakeFiles\CMakeTmp\src.c(5,17): error C2065: 'is': undeclared identifier [E:\sdi\project\vs_webp\CMakeFiles\CMakeTmp\cmTC_b9930.vcxproj]
E:\sdi\project\vs_webp\CMakeFiles\CMakeTmp\src.c(5,17): error C2146: syntax error: missing ';' before identifier 'not' [E:\sdi\project\vs_webp\CMakeFiles\CMakeTmp\cmTC_b9930.vcxproj]
E:\sdi\project\vs_webp\CMakeFiles\CMakeTmp\src.c(5,21): error C2065: 'not': undeclared identifier [E:\sdi\project\vs_webp\CMakeFiles\CMakeTmp\cmTC_b9930.vcxproj]
E:\sdi\project\vs_webp\CMakeFiles\CMakeTmp\src.c(5,21): error C2146: syntax error: missing ';' before identifier 'valid' [E:\sdi\project\vs_webp\CMakeFiles\CMakeTmp\cmTC_b9930.vcxproj]
E:\sdi\project\vs_webp\CMakeFiles\CMakeTmp\src.c(5,27): error C2065: 'valid': undeclared identifier [E:\sdi\project\vs_webp\CMakeFiles\CMakeTmp\cmTC_b9930.vcxproj]
E:\sdi\project\vs_webp\CMakeFiles\CMakeTmp\src.c(5,27): error C2146: syntax error: missing ';' before identifier 'code' [E:\sdi\project\vs_webp\CMakeFiles\CMakeTmp\cmTC_b9930.vcxproj]
E:\sdi\project\vs_webp\CMakeFiles\CMakeTmp\src.c(7,9): error C2065: 'code': undeclared identifier [E:\sdi\project\vs_webp\CMakeFiles\CMakeTmp\cmTC_b9930.vcxproj]
E:\sdi\project\vs_webp\CMakeFiles\CMakeTmp\src.c(7,9): error C2143: syntax error: missing ';' before 'return' [E:\sdi\project\vs_webp\CMakeFiles\CMakeTmp\cmTC_b9930.vcxproj]
  cl /c /IE:\sdi\ext\libwebp /Zi /W3 /WX- /diagnostics:column /Od /Ob0 /Oy- /D _MBCS /D WIN32 /D _WINDOWS /D WEBP_HAVE_FLAG_MIPS_DSP_R2 /D "CMAKE_INTDIR=\"Debug\"" /Gm- /RTC1 /MTd /GS /fp:precise /Zc:wchar_t /Zc:forScope /Zc:inline /Fo"cmTC_b9930.dir\Debug\\" /Fd"cmTC_b9930.dir\Debug\vc142.pdb" /external:W3 /Gd /TC /analyze- /errorReport:queue E:\sdi\project\vs_webp\CMakeFiles\CMakeTmp\src.c


Source file was:

      #include "E:/sdi/ext/libwebp/cmake/../src/dsp/dsp.h"
      int main(void) {
        #if !defined(WEBP_USE_MIPS_DSP_R2)
        this is not valid code
        #endif
        return 0;
      }
    
Performing C SOURCE FILE Test WEBP_HAVE_FLAG_MIPS_DSP_R2 failed with the following output:
Change Dir: E:/sdi/project/vs_webp/CMakeFiles/CMakeTmp

Run Build Command(s):C:/Program Files/Microsoft Visual Studio/2022/Preview/MSBuild/Current/Bin/amd64/MSBuild.exe cmTC_041c1.vcxproj /p:Configuration=Debug /p:Platform=Win32 /p:VisualStudioVersion=17.0 /v:m && Microsoft (R) Build Engine version 17.0.0-preview-21329-01+1b7661f36 for .NET Framework
Copyright (C) Microsoft Corporation. All rights reserved.

  Microsoft (R) C/C++ Optimizing Compiler Version 19.30.30401 for x86
  Copyright (C) Microsoft Corporation.  All rights reserved.
  NOTFOUND
c1 : fatal error C1083: Cannot open source file: 'NOTFOUND': No such file or directory [E:\sdi\project\vs_webp\CMakeFiles\CMakeTmp\cmTC_041c1.vcxproj]
  src.c
E:\sdi\project\vs_webp\CMakeFiles\CMakeTmp\src.c(5,14): error C2065: 'this': undeclared identifier [E:\sdi\project\vs_webp\CMakeFiles\CMakeTmp\cmTC_041c1.vcxproj]
E:\sdi\project\vs_webp\CMakeFiles\CMakeTmp\src.c(5,14): error C2146: syntax error: missing ';' before identifier 'is' [E:\sdi\project\vs_webp\CMakeFiles\CMakeTmp\cmTC_041c1.vcxproj]
E:\sdi\project\vs_webp\CMakeFiles\CMakeTmp\src.c(5,17): error C2065: 'is': undeclared identifier [E:\sdi\project\vs_webp\CMakeFiles\CMakeTmp\cmTC_041c1.vcxproj]
E:\sdi\project\vs_webp\CMakeFiles\CMakeTmp\src.c(5,17): error C2146: syntax error: missing ';' before identifier 'not' [E:\sdi\project\vs_webp\CMakeFiles\CMakeTmp\cmTC_041c1.vcxproj]
E:\sdi\project\vs_webp\CMakeFiles\CMakeTmp\src.c(5,21): error C2065: 'not': undeclared identifier [E:\sdi\project\vs_webp\CMakeFiles\CMakeTmp\cmTC_041c1.vcxproj]
E:\sdi\project\vs_webp\CMakeFiles\CMakeTmp\src.c(5,21): error C2146: syntax error: missing ';' before identifier 'valid' [E:\sdi\project\vs_webp\CMakeFiles\CMakeTmp\cmTC_041c1.vcxproj]
E:\sdi\project\vs_webp\CMakeFiles\CMakeTmp\src.c(5,27): error C2065: 'valid': undeclared identifier [E:\sdi\project\vs_webp\CMakeFiles\CMakeTmp\cmTC_041c1.vcxproj]
E:\sdi\project\vs_webp\CMakeFiles\CMakeTmp\src.c(5,27): error C2146: syntax error: missing ';' before identifier 'code' [E:\sdi\project\vs_webp\CMakeFiles\CMakeTmp\cmTC_041c1.vcxproj]
E:\sdi\project\vs_webp\CMakeFiles\CMakeTmp\src.c(7,9): error C2065: 'code': undeclared identifier [E:\sdi\project\vs_webp\CMakeFiles\CMakeTmp\cmTC_041c1.vcxproj]
E:\sdi\project\vs_webp\CMakeFiles\CMakeTmp\src.c(7,9): error C2143: syntax error: missing ';' before 'return' [E:\sdi\project\vs_webp\CMakeFiles\CMakeTmp\cmTC_041c1.vcxproj]
  Generating Code...
  cl /c /IE:\sdi\ext\libwebp /Zi /W3 /WX- /diagnostics:column /Od /Ob0 /Oy- /D _MBCS /D WIN32 /D _WINDOWS /D WEBP_HAVE_FLAG_MIPS_DSP_R2 /D "CMAKE_INTDIR=\"Debug\"" /Gm- /RTC1 /MTd /GS /fp:precise /Zc:wchar_t /Zc:forScope /Zc:inline /Fo"cmTC_041c1.dir\Debug\\" /Fd"cmTC_041c1.dir\Debug\vc142.pdb" /external:W3 /Gd /TC /analyze- /errorReport:queue  NOTFOUND E:\sdi\project\vs_webp\CMakeFiles\CMakeTmp\src.c


Source file was:

      #include "E:/sdi/ext/libwebp/cmake/../src/dsp/dsp.h"
      int main(void) {
        #if !defined(WEBP_USE_MIPS_DSP_R2)
        this is not valid code
        #endif
        return 0;
      }
    
Performing C SOURCE FILE Test WEBP_HAVE_FLAG_NEON failed with the following output:
Change Dir: E:/sdi/project/vs_webp/CMakeFiles/CMakeTmp

Run Build Command(s):C:/Program Files/Microsoft Visual Studio/2022/Preview/MSBuild/Current/Bin/amd64/MSBuild.exe cmTC_dcc12.vcxproj /p:Configuration=Debug /p:Platform=Win32 /p:VisualStudioVersion=17.0 /v:m && Microsoft (R) Build Engine version 17.0.0-preview-21329-01+1b7661f36 for .NET Framework
Copyright (C) Microsoft Corporation. All rights reserved.

  Microsoft (R) C/C++ Optimizing Compiler Version 19.30.30401 for x86
  Copyright (C) Microsoft Corporation.  All rights reserved.
  cl /c /IE:\sdi\ext\libwebp /Zi /W3 /WX- /diagnostics:column /Od /Ob0 /Oy- /D _MBCS /D WIN32 /D _WINDOWS /D WEBP_HAVE_FLAG_NEON /D "CMAKE_INTDIR=\"Debug\"" /Gm- /RTC1 /MTd /GS /fp:precise /Zc:wchar_t /Zc:forScope /Zc:inline /Fo"cmTC_dcc12.dir\Debug\\" /Fd"cmTC_dcc12.dir\Debug\vc142.pdb" /external:W3 /Gd /TC /analyze- /errorReport:queue E:\sdi\project\vs_webp\CMakeFiles\CMakeTmp\src.c
  src.c
E:\sdi\project\vs_webp\CMakeFiles\CMakeTmp\src.c(5,14): error C2065: 'this': undeclared identifier [E:\sdi\project\vs_webp\CMakeFiles\CMakeTmp\cmTC_dcc12.vcxproj]
E:\sdi\project\vs_webp\CMakeFiles\CMakeTmp\src.c(5,14): error C2146: syntax error: missing ';' before identifier 'is' [E:\sdi\project\vs_webp\CMakeFiles\CMakeTmp\cmTC_dcc12.vcxproj]
E:\sdi\project\vs_webp\CMakeFiles\CMakeTmp\src.c(5,17): error C2065: 'is': undeclared identifier [E:\sdi\project\vs_webp\CMakeFiles\CMakeTmp\cmTC_dcc12.vcxproj]
E:\sdi\project\vs_webp\CMakeFiles\CMakeTmp\src.c(5,17): error C2146: syntax error: missing ';' before identifier 'not' [E:\sdi\project\vs_webp\CMakeFiles\CMakeTmp\cmTC_dcc12.vcxproj]
E:\sdi\project\vs_webp\CMakeFiles\CMakeTmp\src.c(5,21): error C2065: 'not': undeclared identifier [E:\sdi\project\vs_webp\CMakeFiles\CMakeTmp\cmTC_dcc12.vcxproj]
E:\sdi\project\vs_webp\CMakeFiles\CMakeTmp\src.c(5,21): error C2146: syntax error: missing ';' before identifier 'valid' [E:\sdi\project\vs_webp\CMakeFiles\CMakeTmp\cmTC_dcc12.vcxproj]
E:\sdi\project\vs_webp\CMakeFiles\CMakeTmp\src.c(5,27): error C2065: 'valid': undeclared identifier [E:\sdi\project\vs_webp\CMakeFiles\CMakeTmp\cmTC_dcc12.vcxproj]
E:\sdi\project\vs_webp\CMakeFiles\CMakeTmp\src.c(5,27): error C2146: syntax error: missing ';' before identifier 'code' [E:\sdi\project\vs_webp\CMakeFiles\CMakeTmp\cmTC_dcc12.vcxproj]
E:\sdi\project\vs_webp\CMakeFiles\CMakeTmp\src.c(7,9): error C2065: 'code': undeclared identifier [E:\sdi\project\vs_webp\CMakeFiles\CMakeTmp\cmTC_dcc12.vcxproj]
E:\sdi\project\vs_webp\CMakeFiles\CMakeTmp\src.c(7,9): error C2143: syntax error: missing ';' before 'return' [E:\sdi\project\vs_webp\CMakeFiles\CMakeTmp\cmTC_dcc12.vcxproj]


Source file was:

      #include "E:/sdi/ext/libwebp/cmake/../src/dsp/dsp.h"
      int main(void) {
        #if !defined(WEBP_USE_NEON)
        this is not valid code
        #endif
        return 0;
      }
    
Performing C SOURCE FILE Test WEBP_HAVE_FLAG_NEON failed with the following output:
Change Dir: E:/sdi/project/vs_webp/CMakeFiles/CMakeTmp

Run Build Command(s):C:/Program Files/Microsoft Visual Studio/2022/Preview/MSBuild/Current/Bin/amd64/MSBuild.exe cmTC_b406d.vcxproj /p:Configuration=Debug /p:Platform=Win32 /p:VisualStudioVersion=17.0 /v:m && Microsoft (R) Build Engine version 17.0.0-preview-21329-01+1b7661f36 for .NET Framework
Copyright (C) Microsoft Corporation. All rights reserved.

  Microsoft (R) C/C++ Optimizing Compiler Version 19.30.30401 for x86
  Copyright (C) Microsoft Corporation.  All rights reserved.
  NOTFOUND
c1 : fatal error C1083: Cannot open source file: 'NOTFOUND': No such file or directory [E:\sdi\project\vs_webp\CMakeFiles\CMakeTmp\cmTC_b406d.vcxproj]
  src.c
E:\sdi\project\vs_webp\CMakeFiles\CMakeTmp\src.c(5,14): error C2065: 'this': undeclared identifier [E:\sdi\project\vs_webp\CMakeFiles\CMakeTmp\cmTC_b406d.vcxproj]
E:\sdi\project\vs_webp\CMakeFiles\CMakeTmp\src.c(5,14): error C2146: syntax error: missing ';' before identifier 'is' [E:\sdi\project\vs_webp\CMakeFiles\CMakeTmp\cmTC_b406d.vcxproj]
E:\sdi\project\vs_webp\CMakeFiles\CMakeTmp\src.c(5,17): error C2065: 'is': undeclared identifier [E:\sdi\project\vs_webp\CMakeFiles\CMakeTmp\cmTC_b406d.vcxproj]
E:\sdi\project\vs_webp\CMakeFiles\CMakeTmp\src.c(5,17): error C2146: syntax error: missing ';' before identifier 'not' [E:\sdi\project\vs_webp\CMakeFiles\CMakeTmp\cmTC_b406d.vcxproj]
E:\sdi\project\vs_webp\CMakeFiles\CMakeTmp\src.c(5,21): error C2065: 'not': undeclared identifier [E:\sdi\project\vs_webp\CMakeFiles\CMakeTmp\cmTC_b406d.vcxproj]
E:\sdi\project\vs_webp\CMakeFiles\CMakeTmp\src.c(5,21): error C2146: syntax error: missing ';' before identifier 'valid' [E:\sdi\project\vs_webp\CMakeFiles\CMakeTmp\cmTC_b406d.vcxproj]
E:\sdi\project\vs_webp\CMakeFiles\CMakeTmp\src.c(5,27): error C2065: 'valid': undeclared identifier [E:\sdi\project\vs_webp\CMakeFiles\CMakeTmp\cmTC_b406d.vcxproj]
E:\sdi\project\vs_webp\CMakeFiles\CMakeTmp\src.c(5,27): error C2146: syntax error: missing ';' before identifier 'code' [E:\sdi\project\vs_webp\CMakeFiles\CMakeTmp\cmTC_b406d.vcxproj]
E:\sdi\project\vs_webp\CMakeFiles\CMakeTmp\src.c(7,9): error C2065: 'code': undeclared identifier [E:\sdi\project\vs_webp\CMakeFiles\CMakeTmp\cmTC_b406d.vcxproj]
E:\sdi\project\vs_webp\CMakeFiles\CMakeTmp\src.c(7,9): error C2143: syntax error: missing ';' before 'return' [E:\sdi\project\vs_webp\CMakeFiles\CMakeTmp\cmTC_b406d.vcxproj]
  Generating Code...
  cl /c /IE:\sdi\ext\libwebp /Zi /W3 /WX- /diagnostics:column /Od /Ob0 /Oy- /D _MBCS /D WIN32 /D _WINDOWS /D WEBP_HAVE_FLAG_NEON /D "CMAKE_INTDIR=\"Debug\"" /Gm- /RTC1 /MTd /GS /fp:precise /Zc:wchar_t /Zc:forScope /Zc:inline /Fo"cmTC_b406d.dir\Debug\\" /Fd"cmTC_b406d.dir\Debug\vc142.pdb" /external:W3 /Gd /TC /analyze- /errorReport:queue  NOTFOUND E:\sdi\project\vs_webp\CMakeFiles\CMakeTmp\src.c


Source file was:

      #include "E:/sdi/ext/libwebp/cmake/../src/dsp/dsp.h"
      int main(void) {
        #if !defined(WEBP_USE_NEON)
        this is not valid code
        #endif
        return 0;
      }
    
Performing C SOURCE FILE Test WEBP_HAVE_FLAG_MSA failed with the following output:
Change Dir: E:/sdi/project/vs_webp/CMakeFiles/CMakeTmp

Run Build Command(s):C:/Program Files/Microsoft Visual Studio/2022/Preview/MSBuild/Current/Bin/amd64/MSBuild.exe cmTC_942db.vcxproj /p:Configuration=Debug /p:Platform=Win32 /p:VisualStudioVersion=17.0 /v:m && Microsoft (R) Build Engine version 17.0.0-preview-21329-01+1b7661f36 for .NET Framework
Copyright (C) Microsoft Corporation. All rights reserved.

  Microsoft (R) C/C++ Optimizing Compiler Version 19.30.30401 for x86
  Copyright (C) Microsoft Corporation.  All rights reserved.
  src.c
E:\sdi\project\vs_webp\CMakeFiles\CMakeTmp\src.c(5,14): error C2065: 'this': undeclared identifier [E:\sdi\project\vs_webp\CMakeFiles\CMakeTmp\cmTC_942db.vcxproj]
E:\sdi\project\vs_webp\CMakeFiles\CMakeTmp\src.c(5,14): error C2146: syntax error: missing ';' before identifier 'is' [E:\sdi\project\vs_webp\CMakeFiles\CMakeTmp\cmTC_942db.vcxproj]
E:\sdi\project\vs_webp\CMakeFiles\CMakeTmp\src.c(5,17): error C2065: 'is': undeclared identifier [E:\sdi\project\vs_webp\CMakeFiles\CMakeTmp\cmTC_942db.vcxproj]
E:\sdi\project\vs_webp\CMakeFiles\CMakeTmp\src.c(5,17): error C2146: syntax error: missing ';' before identifier 'not' [E:\sdi\project\vs_webp\CMakeFiles\CMakeTmp\cmTC_942db.vcxproj]
E:\sdi\project\vs_webp\CMakeFiles\CMakeTmp\src.c(5,21): error C2065: 'not': undeclared identifier [E:\sdi\project\vs_webp\CMakeFiles\CMakeTmp\cmTC_942db.vcxproj]
E:\sdi\project\vs_webp\CMakeFiles\CMakeTmp\src.c(5,21): error C2146: syntax error: missing ';' before identifier 'valid' [E:\sdi\project\vs_webp\CMakeFiles\CMakeTmp\cmTC_942db.vcxproj]
E:\sdi\project\vs_webp\CMakeFiles\CMakeTmp\src.c(5,27): error C2065: 'valid': undeclared identifier [E:\sdi\project\vs_webp\CMakeFiles\CMakeTmp\cmTC_942db.vcxproj]
E:\sdi\project\vs_webp\CMakeFiles\CMakeTmp\src.c(5,27): error C2146: syntax error: missing ';' before identifier 'code' [E:\sdi\project\vs_webp\CMakeFiles\CMakeTmp\cmTC_942db.vcxproj]
E:\sdi\project\vs_webp\CMakeFiles\CMakeTmp\src.c(7,9): error C2065: 'code': undeclared identifier [E:\sdi\project\vs_webp\CMakeFiles\CMakeTmp\cmTC_942db.vcxproj]
E:\sdi\project\vs_webp\CMakeFiles\CMakeTmp\src.c(7,9): error C2143: syntax error: missing ';' before 'return' [E:\sdi\project\vs_webp\CMakeFiles\CMakeTmp\cmTC_942db.vcxproj]
  cl /c /IE:\sdi\ext\libwebp /Zi /W3 /WX- /diagnostics:column /Od /Ob0 /Oy- /D _MBCS /D WIN32 /D _WINDOWS /D WEBP_HAVE_FLAG_MSA /D "CMAKE_INTDIR=\"Debug\"" /Gm- /RTC1 /MTd /GS /fp:precise /Zc:wchar_t /Zc:forScope /Zc:inline /Fo"cmTC_942db.dir\Debug\\" /Fd"cmTC_942db.dir\Debug\vc142.pdb" /external:W3 /Gd /TC /analyze- /errorReport:queue E:\sdi\project\vs_webp\CMakeFiles\CMakeTmp\src.c


Source file was:

      #include "E:/sdi/ext/libwebp/cmake/../src/dsp/dsp.h"
      int main(void) {
        #if !defined(WEBP_USE_MSA)
        this is not valid code
        #endif
        return 0;
      }
    
Performing C SOURCE FILE Test WEBP_HAVE_FLAG_MSA failed with the following output:
Change Dir: E:/sdi/project/vs_webp/CMakeFiles/CMakeTmp

Run Build Command(s):C:/Program Files/Microsoft Visual Studio/2022/Preview/MSBuild/Current/Bin/amd64/MSBuild.exe cmTC_5f1b2.vcxproj /p:Configuration=Debug /p:Platform=Win32 /p:VisualStudioVersion=17.0 /v:m && Microsoft (R) Build Engine version 17.0.0-preview-21329-01+1b7661f36 for .NET Framework
Copyright (C) Microsoft Corporation. All rights reserved.

  Microsoft (R) C/C++ Optimizing Compiler Version 19.30.30401 for x86
  Copyright (C) Microsoft Corporation.  All rights reserved.
  cl /c /IE:\sdi\ext\libwebp /Zi /W3 /WX- /diagnostics:column /Od /Ob0 /Oy- /D _MBCS /D WIN32 /D _WINDOWS /D WEBP_HAVE_FLAG_MSA /D "CMAKE_INTDIR=\"Debug\"" /Gm- /RTC1 /MTd /GS /fp:precise /Zc:wchar_t /Zc:forScope /Zc:inline /Fo"cmTC_5f1b2.dir\Debug\\" /Fd"cmTC_5f1b2.dir\Debug\vc142.pdb" /external:W3 /Gd /TC /analyze- /errorReport:queue  NOTFOUND E:\sdi\project\vs_webp\CMakeFiles\CMakeTmp\src.c
  NOTFOUND
c1 : fatal error C1083: Cannot open source file: 'NOTFOUND': No such file or directory [E:\sdi\project\vs_webp\CMakeFiles\CMakeTmp\cmTC_5f1b2.vcxproj]
  src.c
E:\sdi\project\vs_webp\CMakeFiles\CMakeTmp\src.c(5,14): error C2065: 'this': undeclared identifier [E:\sdi\project\vs_webp\CMakeFiles\CMakeTmp\cmTC_5f1b2.vcxproj]
E:\sdi\project\vs_webp\CMakeFiles\CMakeTmp\src.c(5,14): error C2146: syntax error: missing ';' before identifier 'is' [E:\sdi\project\vs_webp\CMakeFiles\CMakeTmp\cmTC_5f1b2.vcxproj]
E:\sdi\project\vs_webp\CMakeFiles\CMakeTmp\src.c(5,17): error C2065: 'is': undeclared identifier [E:\sdi\project\vs_webp\CMakeFiles\CMakeTmp\cmTC_5f1b2.vcxproj]
E:\sdi\project\vs_webp\CMakeFiles\CMakeTmp\src.c(5,17): error C2146: syntax error: missing ';' before identifier 'not' [E:\sdi\project\vs_webp\CMakeFiles\CMakeTmp\cmTC_5f1b2.vcxproj]
E:\sdi\project\vs_webp\CMakeFiles\CMakeTmp\src.c(5,21): error C2065: 'not': undeclared identifier [E:\sdi\project\vs_webp\CMakeFiles\CMakeTmp\cmTC_5f1b2.vcxproj]
E:\sdi\project\vs_webp\CMakeFiles\CMakeTmp\src.c(5,21): error C2146: syntax error: missing ';' before identifier 'valid' [E:\sdi\project\vs_webp\CMakeFiles\CMakeTmp\cmTC_5f1b2.vcxproj]
E:\sdi\project\vs_webp\CMakeFiles\CMakeTmp\src.c(5,27): error C2065: 'valid': undeclared identifier [E:\sdi\project\vs_webp\CMakeFiles\CMakeTmp\cmTC_5f1b2.vcxproj]
E:\sdi\project\vs_webp\CMakeFiles\CMakeTmp\src.c(5,27): error C2146: syntax error: missing ';' before identifier 'code' [E:\sdi\project\vs_webp\CMakeFiles\CMakeTmp\cmTC_5f1b2.vcxproj]
E:\sdi\project\vs_webp\CMakeFiles\CMakeTmp\src.c(7,9): error C2065: 'code': undeclared identifier [E:\sdi\project\vs_webp\CMakeFiles\CMakeTmp\cmTC_5f1b2.vcxproj]
E:\sdi\project\vs_webp\CMakeFiles\CMakeTmp\src.c(7,9): error C2143: syntax error: missing ';' before 'return' [E:\sdi\project\vs_webp\CMakeFiles\CMakeTmp\cmTC_5f1b2.vcxproj]
  Generating Code...


Source file was:

      #include "E:/sdi/ext/libwebp/cmake/../src/dsp/dsp.h"
      int main(void) {
        #if !defined(WEBP_USE_MSA)
        this is not valid code
        #endif
        return 0;
      }
    
Performing C SOURCE FILE Test WEBP_HAVE_FLAG_MIPS32 failed with the following output:
Change Dir: E:/sdi/project/vs_webp/CMakeFiles/CMakeTmp

Run Build Command(s):C:/Program Files/Microsoft Visual Studio/2022/Preview/MSBuild/Current/Bin/amd64/MSBuild.exe cmTC_81e6d.vcxproj /p:Configuration=Debug /p:Platform=Win32 /p:VisualStudioVersion=17.0 /v:m && Microsoft (R) Build Engine version 17.0.0-preview-21329-01+1b7661f36 for .NET Framework
Copyright (C) Microsoft Corporation. All rights reserved.

  Microsoft (R) C/C++ Optimizing Compiler Version 19.30.30401 for x86
  Copyright (C) Microsoft Corporation.  All rights reserved.
  cl /c /IE:\sdi\ext\libwebp /Zi /W3 /WX- /diagnostics:column /Od /Ob0 /Oy- /D _MBCS /D WIN32 /D _WINDOWS /D WEBP_HAVE_FLAG_MIPS32 /D "CMAKE_INTDIR=\"Debug\"" /Gm- /RTC1 /MTd /GS /fp:precise /Zc:wchar_t /Zc:forScope /Zc:inline /Fo"cmTC_81e6d.dir\Debug\\" /Fd"cmTC_81e6d.dir\Debug\vc142.pdb" /external:W3 /Gd /TC /analyze- /errorReport:queue E:\sdi\project\vs_webp\CMakeFiles\CMakeTmp\src.c
  src.c
E:\sdi\project\vs_webp\CMakeFiles\CMakeTmp\src.c(5,14): error C2065: 'this': undeclared identifier [E:\sdi\project\vs_webp\CMakeFiles\CMakeTmp\cmTC_81e6d.vcxproj]
E:\sdi\project\vs_webp\CMakeFiles\CMakeTmp\src.c(5,14): error C2146: syntax error: missing ';' before identifier 'is' [E:\sdi\project\vs_webp\CMakeFiles\CMakeTmp\cmTC_81e6d.vcxproj]
E:\sdi\project\vs_webp\CMakeFiles\CMakeTmp\src.c(5,17): error C2065: 'is': undeclared identifier [E:\sdi\project\vs_webp\CMakeFiles\CMakeTmp\cmTC_81e6d.vcxproj]
E:\sdi\project\vs_webp\CMakeFiles\CMakeTmp\src.c(5,17): error C2146: syntax error: missing ';' before identifier 'not' [E:\sdi\project\vs_webp\CMakeFiles\CMakeTmp\cmTC_81e6d.vcxproj]
E:\sdi\project\vs_webp\CMakeFiles\CMakeTmp\src.c(5,21): error C2065: 'not': undeclared identifier [E:\sdi\project\vs_webp\CMakeFiles\CMakeTmp\cmTC_81e6d.vcxproj]
E:\sdi\project\vs_webp\CMakeFiles\CMakeTmp\src.c(5,21): error C2146: syntax error: missing ';' before identifier 'valid' [E:\sdi\project\vs_webp\CMakeFiles\CMakeTmp\cmTC_81e6d.vcxproj]
E:\sdi\project\vs_webp\CMakeFiles\CMakeTmp\src.c(5,27): error C2065: 'valid': undeclared identifier [E:\sdi\project\vs_webp\CMakeFiles\CMakeTmp\cmTC_81e6d.vcxproj]
E:\sdi\project\vs_webp\CMakeFiles\CMakeTmp\src.c(5,27): error C2146: syntax error: missing ';' before identifier 'code' [E:\sdi\project\vs_webp\CMakeFiles\CMakeTmp\cmTC_81e6d.vcxproj]
E:\sdi\project\vs_webp\CMakeFiles\CMakeTmp\src.c(7,9): error C2065: 'code': undeclared identifier [E:\sdi\project\vs_webp\CMakeFiles\CMakeTmp\cmTC_81e6d.vcxproj]
E:\sdi\project\vs_webp\CMakeFiles\CMakeTmp\src.c(7,9): error C2143: syntax error: missing ';' before 'return' [E:\sdi\project\vs_webp\CMakeFiles\CMakeTmp\cmTC_81e6d.vcxproj]


Source file was:

      #include "E:/sdi/ext/libwebp/cmake/../src/dsp/dsp.h"
      int main(void) {
        #if !defined(WEBP_USE_MIPS32)
        this is not valid code
        #endif
        return 0;
      }
    
Performing C SOURCE FILE Test WEBP_HAVE_FLAG_MIPS32 failed with the following output:
Change Dir: E:/sdi/project/vs_webp/CMakeFiles/CMakeTmp

Run Build Command(s):C:/Program Files/Microsoft Visual Studio/2022/Preview/MSBuild/Current/Bin/amd64/MSBuild.exe cmTC_97d05.vcxproj /p:Configuration=Debug /p:Platform=Win32 /p:VisualStudioVersion=17.0 /v:m && Microsoft (R) Build Engine version 17.0.0-preview-21329-01+1b7661f36 for .NET Framework
Copyright (C) Microsoft Corporation. All rights reserved.

  Microsoft (R) C/C++ Optimizing Compiler Version 19.30.30401 for x86
  Copyright (C) Microsoft Corporation.  All rights reserved.
  cl /c /IE:\sdi\ext\libwebp /Zi /W3 /WX- /diagnostics:column /Od /Ob0 /Oy- /D _MBCS /D WIN32 /D _WINDOWS /D WEBP_HAVE_FLAG_MIPS32 /D "CMAKE_INTDIR=\"Debug\"" /Gm- /RTC1 /MTd /GS /fp:precise /Zc:wchar_t /Zc:forScope /Zc:inline /Fo"cmTC_97d05.dir\Debug\\" /Fd"cmTC_97d05.dir\Debug\vc142.pdb" /external:W3 /Gd /TC /analyze- /errorReport:queue  NOTFOUND E:\sdi\project\vs_webp\CMakeFiles\CMakeTmp\src.c
  NOTFOUND
c1 : fatal error C1083: Cannot open source file: 'NOTFOUND': No such file or directory [E:\sdi\project\vs_webp\CMakeFiles\CMakeTmp\cmTC_97d05.vcxproj]
  src.c
E:\sdi\project\vs_webp\CMakeFiles\CMakeTmp\src.c(5,14): error C2065: 'this': undeclared identifier [E:\sdi\project\vs_webp\CMakeFiles\CMakeTmp\cmTC_97d05.vcxproj]
E:\sdi\project\vs_webp\CMakeFiles\CMakeTmp\src.c(5,14): error C2146: syntax error: missing ';' before identifier 'is' [E:\sdi\project\vs_webp\CMakeFiles\CMakeTmp\cmTC_97d05.vcxproj]
E:\sdi\project\vs_webp\CMakeFiles\CMakeTmp\src.c(5,17): error C2065: 'is': undeclared identifier [E:\sdi\project\vs_webp\CMakeFiles\CMakeTmp\cmTC_97d05.vcxproj]
E:\sdi\project\vs_webp\CMakeFiles\CMakeTmp\src.c(5,17): error C2146: syntax error: missing ';' before identifier 'not' [E:\sdi\project\vs_webp\CMakeFiles\CMakeTmp\cmTC_97d05.vcxproj]
E:\sdi\project\vs_webp\CMakeFiles\CMakeTmp\src.c(5,21): error C2065: 'not': undeclared identifier [E:\sdi\project\vs_webp\CMakeFiles\CMakeTmp\cmTC_97d05.vcxproj]
E:\sdi\project\vs_webp\CMakeFiles\CMakeTmp\src.c(5,21): error C2146: syntax error: missing ';' before identifier 'valid' [E:\sdi\project\vs_webp\CMakeFiles\CMakeTmp\cmTC_97d05.vcxproj]
E:\sdi\project\vs_webp\CMakeFiles\CMakeTmp\src.c(5,27): error C2065: 'valid': undeclared identifier [E:\sdi\project\vs_webp\CMakeFiles\CMakeTmp\cmTC_97d05.vcxproj]
E:\sdi\project\vs_webp\CMakeFiles\CMakeTmp\src.c(5,27): error C2146: syntax error: missing ';' before identifier 'code' [E:\sdi\project\vs_webp\CMakeFiles\CMakeTmp\cmTC_97d05.vcxproj]
E:\sdi\project\vs_webp\CMakeFiles\CMakeTmp\src.c(7,9): error C2065: 'code': undeclared identifier [E:\sdi\project\vs_webp\CMakeFiles\CMakeTmp\cmTC_97d05.vcxproj]
E:\sdi\project\vs_webp\CMakeFiles\CMakeTmp\src.c(7,9): error C2143: syntax error: missing ';' before 'return' [E:\sdi\project\vs_webp\CMakeFiles\CMakeTmp\cmTC_97d05.vcxproj]
  Generating Code...


Source file was:

      #include "E:/sdi/ext/libwebp/cmake/../src/dsp/dsp.h"
      int main(void) {
        #if !defined(WEBP_USE_MIPS32)
        this is not valid code
        #endif
        return 0;
      }
    
Performing C SOURCE FILE Test WEBP_HAVE_FLAG_MIPS_DSP_R2 failed with the following output:
Change Dir: E:/sdi/project/vs_webp/CMakeFiles/CMakeTmp

Run Build Command(s):C:/Program Files/Microsoft Visual Studio/2022/Preview/MSBuild/Current/Bin/amd64/MSBuild.exe cmTC_f717a.vcxproj /p:Configuration=Debug /p:Platform=Win32 /p:VisualStudioVersion=17.0 /v:m && Microsoft (R) Build Engine version 17.0.0-preview-21329-01+1b7661f36 for .NET Framework
Copyright (C) Microsoft Corporation. All rights reserved.

  Microsoft (R) C/C++ Optimizing Compiler Version 19.30.30401 for x86
  Copyright (C) Microsoft Corporation.  All rights reserved.
  src.c
E:\sdi\project\vs_webp\CMakeFiles\CMakeTmp\src.c(5,14): error C2065: 'this': undeclared identifier [E:\sdi\project\vs_webp\CMakeFiles\CMakeTmp\cmTC_f717a.vcxproj]
E:\sdi\project\vs_webp\CMakeFiles\CMakeTmp\src.c(5,14): error C2146: syntax error: missing ';' before identifier 'is' [E:\sdi\project\vs_webp\CMakeFiles\CMakeTmp\cmTC_f717a.vcxproj]
E:\sdi\project\vs_webp\CMakeFiles\CMakeTmp\src.c(5,17): error C2065: 'is': undeclared identifier [E:\sdi\project\vs_webp\CMakeFiles\CMakeTmp\cmTC_f717a.vcxproj]
E:\sdi\project\vs_webp\CMakeFiles\CMakeTmp\src.c(5,17): error C2146: syntax error: missing ';' before identifier 'not' [E:\sdi\project\vs_webp\CMakeFiles\CMakeTmp\cmTC_f717a.vcxproj]
E:\sdi\project\vs_webp\CMakeFiles\CMakeTmp\src.c(5,21): error C2065: 'not': undeclared identifier [E:\sdi\project\vs_webp\CMakeFiles\CMakeTmp\cmTC_f717a.vcxproj]
E:\sdi\project\vs_webp\CMakeFiles\CMakeTmp\src.c(5,21): error C2146: syntax error: missing ';' before identifier 'valid' [E:\sdi\project\vs_webp\CMakeFiles\CMakeTmp\cmTC_f717a.vcxproj]
E:\sdi\project\vs_webp\CMakeFiles\CMakeTmp\src.c(5,27): error C2065: 'valid': undeclared identifier [E:\sdi\project\vs_webp\CMakeFiles\CMakeTmp\cmTC_f717a.vcxproj]
E:\sdi\project\vs_webp\CMakeFiles\CMakeTmp\src.c(5,27): error C2146: syntax error: missing ';' before identifier 'code' [E:\sdi\project\vs_webp\CMakeFiles\CMakeTmp\cmTC_f717a.vcxproj]
E:\sdi\project\vs_webp\CMakeFiles\CMakeTmp\src.c(7,9): error C2065: 'code': undeclared identifier [E:\sdi\project\vs_webp\CMakeFiles\CMakeTmp\cmTC_f717a.vcxproj]
E:\sdi\project\vs_webp\CMakeFiles\CMakeTmp\src.c(7,9): error C2143: syntax error: missing ';' before 'return' [E:\sdi\project\vs_webp\CMakeFiles\CMakeTmp\cmTC_f717a.vcxproj]
  cl /c /IE:\sdi\ext\libwebp /Zi /W3 /WX- /diagnostics:column /Od /Ob0 /Oy- /D _MBCS /D WIN32 /D _WINDOWS /D WEBP_HAVE_FLAG_MIPS_DSP_R2 /D "CMAKE_INTDIR=\"Debug\"" /Gm- /RTC1 /MTd /GS /fp:precise /Zc:wchar_t /Zc:forScope /Zc:inline /Fo"cmTC_f717a.dir\Debug\\" /Fd"cmTC_f717a.dir\Debug\vc142.pdb" /external:W3 /Gd /TC /analyze- /errorReport:queue E:\sdi\project\vs_webp\CMakeFiles\CMakeTmp\src.c


Source file was:

      #include "E:/sdi/ext/libwebp/cmake/../src/dsp/dsp.h"
      int main(void) {
        #if !defined(WEBP_USE_MIPS_DSP_R2)
        this is not valid code
        #endif
        return 0;
      }
    
Performing C SOURCE FILE Test WEBP_HAVE_FLAG_MIPS_DSP_R2 failed with the following output:
Change Dir: E:/sdi/project/vs_webp/CMakeFiles/CMakeTmp

Run Build Command(s):C:/Program Files/Microsoft Visual Studio/2022/Preview/MSBuild/Current/Bin/amd64/MSBuild.exe cmTC_97e4b.vcxproj /p:Configuration=Debug /p:Platform=Win32 /p:VisualStudioVersion=17.0 /v:m && Microsoft (R) Build Engine version 17.0.0-preview-21329-01+1b7661f36 for .NET Framework
Copyright (C) Microsoft Corporation. All rights reserved.

  Microsoft (R) C/C++ Optimizing Compiler Version 19.30.30401 for x86
  Copyright (C) Microsoft Corporation.  All rights reserved.
  cl /c /IE:\sdi\ext\libwebp /Zi /W3 /WX- /diagnostics:column /Od /Ob0 /Oy- /D _MBCS /D WIN32 /D _WINDOWS /D WEBP_HAVE_FLAG_MIPS_DSP_R2 /D "CMAKE_INTDIR=\"Debug\"" /Gm- /RTC1 /MTd /GS /fp:precise /Zc:wchar_t /Zc:forScope /Zc:inline /Fo"cmTC_97e4b.dir\Debug\\" /Fd"cmTC_97e4b.dir\Debug\vc142.pdb" /external:W3 /Gd /TC /analyze- /errorReport:queue  NOTFOUND E:\sdi\project\vs_webp\CMakeFiles\CMakeTmp\src.c
  NOTFOUND
c1 : fatal error C1083: Cannot open source file: 'NOTFOUND': No such file or directory [E:\sdi\project\vs_webp\CMakeFiles\CMakeTmp\cmTC_97e4b.vcxproj]
  src.c
E:\sdi\project\vs_webp\CMakeFiles\CMakeTmp\src.c(5,14): error C2065: 'this': undeclared identifier [E:\sdi\project\vs_webp\CMakeFiles\CMakeTmp\cmTC_97e4b.vcxproj]
E:\sdi\project\vs_webp\CMakeFiles\CMakeTmp\src.c(5,14): error C2146: syntax error: missing ';' before identifier 'is' [E:\sdi\project\vs_webp\CMakeFiles\CMakeTmp\cmTC_97e4b.vcxproj]
E:\sdi\project\vs_webp\CMakeFiles\CMakeTmp\src.c(5,17): error C2065: 'is': undeclared identifier [E:\sdi\project\vs_webp\CMakeFiles\CMakeTmp\cmTC_97e4b.vcxproj]
E:\sdi\project\vs_webp\CMakeFiles\CMakeTmp\src.c(5,17): error C2146: syntax error: missing ';' before identifier 'not' [E:\sdi\project\vs_webp\CMakeFiles\CMakeTmp\cmTC_97e4b.vcxproj]
E:\sdi\project\vs_webp\CMakeFiles\CMakeTmp\src.c(5,21): error C2065: 'not': undeclared identifier [E:\sdi\project\vs_webp\CMakeFiles\CMakeTmp\cmTC_97e4b.vcxproj]
E:\sdi\project\vs_webp\CMakeFiles\CMakeTmp\src.c(5,21): error C2146: syntax error: missing ';' before identifier 'valid' [E:\sdi\project\vs_webp\CMakeFiles\CMakeTmp\cmTC_97e4b.vcxproj]
E:\sdi\project\vs_webp\CMakeFiles\CMakeTmp\src.c(5,27): error C2065: 'valid': undeclared identifier [E:\sdi\project\vs_webp\CMakeFiles\CMakeTmp\cmTC_97e4b.vcxproj]
E:\sdi\project\vs_webp\CMakeFiles\CMakeTmp\src.c(5,27): error C2146: syntax error: missing ';' before identifier 'code' [E:\sdi\project\vs_webp\CMakeFiles\CMakeTmp\cmTC_97e4b.vcxproj]
E:\sdi\project\vs_webp\CMakeFiles\CMakeTmp\src.c(7,9): error C2065: 'code': undeclared identifier [E:\sdi\project\vs_webp\CMakeFiles\CMakeTmp\cmTC_97e4b.vcxproj]
E:\sdi\project\vs_webp\CMakeFiles\CMakeTmp\src.c(7,9): error C2143: syntax error: missing ';' before 'return' [E:\sdi\project\vs_webp\CMakeFiles\CMakeTmp\cmTC_97e4b.vcxproj]
  Generating Code...


Source file was:

      #include "E:/sdi/ext/libwebp/cmake/../src/dsp/dsp.h"
      int main(void) {
        #if !defined(WEBP_USE_MIPS_DSP_R2)
        this is not valid code
        #endif
        return 0;
      }
    
Performing C SOURCE FILE Test WEBP_HAVE_FLAG_NEON failed with the following output:
Change Dir: E:/sdi/project/vs_webp/CMakeFiles/CMakeTmp

Run Build Command(s):C:/Program Files/Microsoft Visual Studio/2022/Preview/MSBuild/Current/Bin/amd64/MSBuild.exe cmTC_9bc1c.vcxproj /p:Configuration=Debug /p:Platform=Win32 /p:VisualStudioVersion=17.0 /v:m && Microsoft (R) Build Engine version 17.0.0-preview-21329-01+1b7661f36 for .NET Framework
Copyright (C) Microsoft Corporation. All rights reserved.

  Microsoft (R) C/C++ Optimizing Compiler Version 19.30.30401 for x86
  Copyright (C) Microsoft Corporation.  All rights reserved.
  src.c
E:\sdi\project\vs_webp\CMakeFiles\CMakeTmp\src.c(5,14): error C2065: 'this': undeclared identifier [E:\sdi\project\vs_webp\CMakeFiles\CMakeTmp\cmTC_9bc1c.vcxproj]
E:\sdi\project\vs_webp\CMakeFiles\CMakeTmp\src.c(5,14): error C2146: syntax error: missing ';' before identifier 'is' [E:\sdi\project\vs_webp\CMakeFiles\CMakeTmp\cmTC_9bc1c.vcxproj]
E:\sdi\project\vs_webp\CMakeFiles\CMakeTmp\src.c(5,17): error C2065: 'is': undeclared identifier [E:\sdi\project\vs_webp\CMakeFiles\CMakeTmp\cmTC_9bc1c.vcxproj]
E:\sdi\project\vs_webp\CMakeFiles\CMakeTmp\src.c(5,17): error C2146: syntax error: missing ';' before identifier 'not' [E:\sdi\project\vs_webp\CMakeFiles\CMakeTmp\cmTC_9bc1c.vcxproj]
E:\sdi\project\vs_webp\CMakeFiles\CMakeTmp\src.c(5,21): error C2065: 'not': undeclared identifier [E:\sdi\project\vs_webp\CMakeFiles\CMakeTmp\cmTC_9bc1c.vcxproj]
E:\sdi\project\vs_webp\CMakeFiles\CMakeTmp\src.c(5,21): error C2146: syntax error: missing ';' before identifier 'valid' [E:\sdi\project\vs_webp\CMakeFiles\CMakeTmp\cmTC_9bc1c.vcxproj]
E:\sdi\project\vs_webp\CMakeFiles\CMakeTmp\src.c(5,27): error C2065: 'valid': undeclared identifier [E:\sdi\project\vs_webp\CMakeFiles\CMakeTmp\cmTC_9bc1c.vcxproj]
E:\sdi\project\vs_webp\CMakeFiles\CMakeTmp\src.c(5,27): error C2146: syntax error: missing ';' before identifier 'code' [E:\sdi\project\vs_webp\CMakeFiles\CMakeTmp\cmTC_9bc1c.vcxproj]
E:\sdi\project\vs_webp\CMakeFiles\CMakeTmp\src.c(7,9): error C2065: 'code': undeclared identifier [E:\sdi\project\vs_webp\CMakeFiles\CMakeTmp\cmTC_9bc1c.vcxproj]
E:\sdi\project\vs_webp\CMakeFiles\CMakeTmp\src.c(7,9): error C2143: syntax error: missing ';' before 'return' [E:\sdi\project\vs_webp\CMakeFiles\CMakeTmp\cmTC_9bc1c.vcxproj]
  cl /c /IE:\sdi\ext\libwebp /Zi /W3 /WX- /diagnostics:column /Od /Ob0 /Oy- /D _MBCS /D WIN32 /D _WINDOWS /D WEBP_HAVE_FLAG_NEON /D "CMAKE_INTDIR=\"Debug\"" /Gm- /RTC1 /MTd /GS /fp:precise /Zc:wchar_t /Zc:forScope /Zc:inline /Fo"cmTC_9bc1c.dir\Debug\\" /Fd"cmTC_9bc1c.dir\Debug\vc142.pdb" /external:W3 /Gd /TC /analyze- /errorReport:queue E:\sdi\project\vs_webp\CMakeFiles\CMakeTmp\src.c


Source file was:

      #include "E:/sdi/ext/libwebp/cmake/../src/dsp/dsp.h"
      int main(void) {
        #if !defined(WEBP_USE_NEON)
        this is not valid code
        #endif
        return 0;
      }
    
Performing C SOURCE FILE Test WEBP_HAVE_FLAG_NEON failed with the following output:
Change Dir: E:/sdi/project/vs_webp/CMakeFiles/CMakeTmp

Run Build Command(s):C:/Program Files/Microsoft Visual Studio/2022/Preview/MSBuild/Current/Bin/amd64/MSBuild.exe cmTC_3cfc7.vcxproj /p:Configuration=Debug /p:Platform=Win32 /p:VisualStudioVersion=17.0 /v:m && Microsoft (R) Build Engine version 17.0.0-preview-21329-01+1b7661f36 for .NET Framework
Copyright (C) Microsoft Corporation. All rights reserved.

  Microsoft (R) C/C++ Optimizing Compiler Version 19.30.30401 for x86
  Copyright (C) Microsoft Corporation.  All rights reserved.
  cl /c /IE:\sdi\ext\libwebp /Zi /W3 /WX- /diagnostics:column /Od /Ob0 /Oy- /D _MBCS /D WIN32 /D _WINDOWS /D WEBP_HAVE_FLAG_NEON /D "CMAKE_INTDIR=\"Debug\"" /Gm- /RTC1 /MTd /GS /fp:precise /Zc:wchar_t /Zc:forScope /Zc:inline /Fo"cmTC_3cfc7.dir\Debug\\" /Fd"cmTC_3cfc7.dir\Debug\vc142.pdb" /external:W3 /Gd /TC /analyze- /errorReport:queue  NOTFOUND E:\sdi\project\vs_webp\CMakeFiles\CMakeTmp\src.c
  NOTFOUND
c1 : fatal error C1083: Cannot open source file: 'NOTFOUND': No such file or directory [E:\sdi\project\vs_webp\CMakeFiles\CMakeTmp\cmTC_3cfc7.vcxproj]
  src.c
E:\sdi\project\vs_webp\CMakeFiles\CMakeTmp\src.c(5,14): error C2065: 'this': undeclared identifier [E:\sdi\project\vs_webp\CMakeFiles\CMakeTmp\cmTC_3cfc7.vcxproj]
E:\sdi\project\vs_webp\CMakeFiles\CMakeTmp\src.c(5,14): error C2146: syntax error: missing ';' before identifier 'is' [E:\sdi\project\vs_webp\CMakeFiles\CMakeTmp\cmTC_3cfc7.vcxproj]
E:\sdi\project\vs_webp\CMakeFiles\CMakeTmp\src.c(5,17): error C2065: 'is': undeclared identifier [E:\sdi\project\vs_webp\CMakeFiles\CMakeTmp\cmTC_3cfc7.vcxproj]
E:\sdi\project\vs_webp\CMakeFiles\CMakeTmp\src.c(5,17): error C2146: syntax error: missing ';' before identifier 'not' [E:\sdi\project\vs_webp\CMakeFiles\CMakeTmp\cmTC_3cfc7.vcxproj]
E:\sdi\project\vs_webp\CMakeFiles\CMakeTmp\src.c(5,21): error C2065: 'not': undeclared identifier [E:\sdi\project\vs_webp\CMakeFiles\CMakeTmp\cmTC_3cfc7.vcxproj]
E:\sdi\project\vs_webp\CMakeFiles\CMakeTmp\src.c(5,21): error C2146: syntax error: missing ';' before identifier 'valid' [E:\sdi\project\vs_webp\CMakeFiles\CMakeTmp\cmTC_3cfc7.vcxproj]
E:\sdi\project\vs_webp\CMakeFiles\CMakeTmp\src.c(5,27): error C2065: 'valid': undeclared identifier [E:\sdi\project\vs_webp\CMakeFiles\CMakeTmp\cmTC_3cfc7.vcxproj]
E:\sdi\project\vs_webp\CMakeFiles\CMakeTmp\src.c(5,27): error C2146: syntax error: missing ';' before identifier 'code' [E:\sdi\project\vs_webp\CMakeFiles\CMakeTmp\cmTC_3cfc7.vcxproj]
E:\sdi\project\vs_webp\CMakeFiles\CMakeTmp\src.c(7,9): error C2065: 'code': undeclared identifier [E:\sdi\project\vs_webp\CMakeFiles\CMakeTmp\cmTC_3cfc7.vcxproj]
E:\sdi\project\vs_webp\CMakeFiles\CMakeTmp\src.c(7,9): error C2143: syntax error: missing ';' before 'return' [E:\sdi\project\vs_webp\CMakeFiles\CMakeTmp\cmTC_3cfc7.vcxproj]
  Generating Code...


Source file was:

      #include "E:/sdi/ext/libwebp/cmake/../src/dsp/dsp.h"
      int main(void) {
        #if !defined(WEBP_USE_NEON)
        this is not valid code
        #endif
        return 0;
      }
    
Performing C SOURCE FILE Test WEBP_HAVE_FLAG_MSA failed with the following output:
Change Dir: E:/sdi/project/vs_webp/CMakeFiles/CMakeTmp

Run Build Command(s):C:/Program Files/Microsoft Visual Studio/2022/Preview/MSBuild/Current/Bin/amd64/MSBuild.exe cmTC_a2ed3.vcxproj /p:Configuration=Debug /p:Platform=Win32 /p:VisualStudioVersion=17.0 /v:m && Microsoft (R) Build Engine version 17.0.0-preview-21329-01+1b7661f36 for .NET Framework
Copyright (C) Microsoft Corporation. All rights reserved.

  Microsoft (R) C/C++ Optimizing Compiler Version 19.30.30401 for x86
  Copyright (C) Microsoft Corporation.  All rights reserved.
  src.c
E:\sdi\project\vs_webp\CMakeFiles\CMakeTmp\src.c(5,14): error C2065: 'this': undeclared identifier [E:\sdi\project\vs_webp\CMakeFiles\CMakeTmp\cmTC_a2ed3.vcxproj]
E:\sdi\project\vs_webp\CMakeFiles\CMakeTmp\src.c(5,14): error C2146: syntax error: missing ';' before identifier 'is' [E:\sdi\project\vs_webp\CMakeFiles\CMakeTmp\cmTC_a2ed3.vcxproj]
E:\sdi\project\vs_webp\CMakeFiles\CMakeTmp\src.c(5,17): error C2065: 'is': undeclared identifier [E:\sdi\project\vs_webp\CMakeFiles\CMakeTmp\cmTC_a2ed3.vcxproj]
E:\sdi\project\vs_webp\CMakeFiles\CMakeTmp\src.c(5,17): error C2146: syntax error: missing ';' before identifier 'not' [E:\sdi\project\vs_webp\CMakeFiles\CMakeTmp\cmTC_a2ed3.vcxproj]
E:\sdi\project\vs_webp\CMakeFiles\CMakeTmp\src.c(5,21): error C2065: 'not': undeclared identifier [E:\sdi\project\vs_webp\CMakeFiles\CMakeTmp\cmTC_a2ed3.vcxproj]
E:\sdi\project\vs_webp\CMakeFiles\CMakeTmp\src.c(5,21): error C2146: syntax error: missing ';' before identifier 'valid' [E:\sdi\project\vs_webp\CMakeFiles\CMakeTmp\cmTC_a2ed3.vcxproj]
E:\sdi\project\vs_webp\CMakeFiles\CMakeTmp\src.c(5,27): error C2065: 'valid': undeclared identifier [E:\sdi\project\vs_webp\CMakeFiles\CMakeTmp\cmTC_a2ed3.vcxproj]
E:\sdi\project\vs_webp\CMakeFiles\CMakeTmp\src.c(5,27): error C2146: syntax error: missing ';' before identifier 'code' [E:\sdi\project\vs_webp\CMakeFiles\CMakeTmp\cmTC_a2ed3.vcxproj]
E:\sdi\project\vs_webp\CMakeFiles\CMakeTmp\src.c(7,9): error C2065: 'code': undeclared identifier [E:\sdi\project\vs_webp\CMakeFiles\CMakeTmp\cmTC_a2ed3.vcxproj]
E:\sdi\project\vs_webp\CMakeFiles\CMakeTmp\src.c(7,9): error C2143: syntax error: missing ';' before 'return' [E:\sdi\project\vs_webp\CMakeFiles\CMakeTmp\cmTC_a2ed3.vcxproj]
  cl /c /IE:\sdi\ext\libwebp /Zi /W3 /WX- /diagnostics:column /Od /Ob0 /Oy- /D _MBCS /D WIN32 /D _WINDOWS /D WEBP_HAVE_FLAG_MSA /D "CMAKE_INTDIR=\"Debug\"" /Gm- /RTC1 /MTd /GS /fp:precise /Zc:wchar_t /Zc:forScope /Zc:inline /Fo"cmTC_a2ed3.dir\Debug\\" /Fd"cmTC_a2ed3.dir\Debug\vc142.pdb" /external:W3 /Gd /TC /analyze- /errorReport:queue E:\sdi\project\vs_webp\CMakeFiles\CMakeTmp\src.c


Source file was:

      #include "E:/sdi/ext/libwebp/cmake/../src/dsp/dsp.h"
      int main(void) {
        #if !defined(WEBP_USE_MSA)
        this is not valid code
        #endif
        return 0;
      }
    
Performing C SOURCE FILE Test WEBP_HAVE_FLAG_MSA failed with the following output:
Change Dir: E:/sdi/project/vs_webp/CMakeFiles/CMakeTmp

Run Build Command(s):C:/Program Files/Microsoft Visual Studio/2022/Preview/MSBuild/Current/Bin/amd64/MSBuild.exe cmTC_49b6c.vcxproj /p:Configuration=Debug /p:Platform=Win32 /p:VisualStudioVersion=17.0 /v:m && Microsoft (R) Build Engine version 17.0.0-preview-21329-01+1b7661f36 for .NET Framework
Copyright (C) Microsoft Corporation. All rights reserved.

  Microsoft (R) C/C++ Optimizing Compiler Version 19.30.30401 for x86
  Copyright (C) Microsoft Corporation.  All rights reserved.
  NOTFOUND
c1 : fatal error C1083: Cannot open source file: 'NOTFOUND': No such file or directory [E:\sdi\project\vs_webp\CMakeFiles\CMakeTmp\cmTC_49b6c.vcxproj]
  src.c
E:\sdi\project\vs_webp\CMakeFiles\CMakeTmp\src.c(5,14): error C2065: 'this': undeclared identifier [E:\sdi\project\vs_webp\CMakeFiles\CMakeTmp\cmTC_49b6c.vcxproj]
E:\sdi\project\vs_webp\CMakeFiles\CMakeTmp\src.c(5,14): error C2146: syntax error: missing ';' before identifier 'is' [E:\sdi\project\vs_webp\CMakeFiles\CMakeTmp\cmTC_49b6c.vcxproj]
E:\sdi\project\vs_webp\CMakeFiles\CMakeTmp\src.c(5,17): error C2065: 'is': undeclared identifier [E:\sdi\project\vs_webp\CMakeFiles\CMakeTmp\cmTC_49b6c.vcxproj]
E:\sdi\project\vs_webp\CMakeFiles\CMakeTmp\src.c(5,17): error C2146: syntax error: missing ';' before identifier 'not' [E:\sdi\project\vs_webp\CMakeFiles\CMakeTmp\cmTC_49b6c.vcxproj]
E:\sdi\project\vs_webp\CMakeFiles\CMakeTmp\src.c(5,21): error C2065: 'not': undeclared identifier [E:\sdi\project\vs_webp\CMakeFiles\CMakeTmp\cmTC_49b6c.vcxproj]
E:\sdi\project\vs_webp\CMakeFiles\CMakeTmp\src.c(5,21): error C2146: syntax error: missing ';' before identifier 'valid' [E:\sdi\project\vs_webp\CMakeFiles\CMakeTmp\cmTC_49b6c.vcxproj]
E:\sdi\project\vs_webp\CMakeFiles\CMakeTmp\src.c(5,27): error C2065: 'valid': undeclared identifier [E:\sdi\project\vs_webp\CMakeFiles\CMakeTmp\cmTC_49b6c.vcxproj]
E:\sdi\project\vs_webp\CMakeFiles\CMakeTmp\src.c(5,27): error C2146: syntax error: missing ';' before identifier 'code' [E:\sdi\project\vs_webp\CMakeFiles\CMakeTmp\cmTC_49b6c.vcxproj]
E:\sdi\project\vs_webp\CMakeFiles\CMakeTmp\src.c(7,9): error C2065: 'code': undeclared identifier [E:\sdi\project\vs_webp\CMakeFiles\CMakeTmp\cmTC_49b6c.vcxproj]
E:\sdi\project\vs_webp\CMakeFiles\CMakeTmp\src.c(7,9): error C2143: syntax error: missing ';' before 'return' [E:\sdi\project\vs_webp\CMakeFiles\CMakeTmp\cmTC_49b6c.vcxproj]
  Generating Code...
  cl /c /IE:\sdi\ext\libwebp /Zi /W3 /WX- /diagnostics:column /Od /Ob0 /Oy- /D _MBCS /D WIN32 /D _WINDOWS /D WEBP_HAVE_FLAG_MSA /D "CMAKE_INTDIR=\"Debug\"" /Gm- /RTC1 /MTd /GS /fp:precise /Zc:wchar_t /Zc:forScope /Zc:inline /Fo"cmTC_49b6c.dir\Debug\\" /Fd"cmTC_49b6c.dir\Debug\vc142.pdb" /external:W3 /Gd /TC /analyze- /errorReport:queue  NOTFOUND E:\sdi\project\vs_webp\CMakeFiles\CMakeTmp\src.c


Source file was:

      #include "E:/sdi/ext/libwebp/cmake/../src/dsp/dsp.h"
      int main(void) {
        #if !defined(WEBP_USE_MSA)
        this is not valid code
        #endif
        return 0;
      }
    
